 =====================================================
  PSCAD LINE CONSTANTS PROGRAM OUTPUT FILE (*.out)

  NOTE: This file is auto-generated.  Any manual
        changes will be lost once the Line Constants
        Program is re-run.
 =====================================================

  Display Format: M,N denotes a complex number M + jN



 -----------------------------------------------------
  LOAD FLOW RXB FORMATTED DATA @       50.00 Hz:
 -----------------------------------------------------

  Base of Per-Unit Quantities : 230.00 kV (L-L)  ,100.00 MVA
  NOTE: Base values could be changed using Additional Options Component
      
   Positive Sequence (Long-Line Corrected)
   ................. 

   Resistance      Rsq   [pu]:       0.671611258E-04
   Reactance       Xsq   [pu]:       0.104367025E-03
   Susceptance     Bsq   [pu]:       0.647695267E-01
   Surge Impedance Zcsq  [pu]:       0.401417489E-01
      
   Zero Sequence (Long-Line Corrected)
   ............. 

   Resistance      Rsq   [pu]:       0.673310576E-04
   Reactance       Xsq   [pu]:       0.991981002E-04
   Susceptance     Bsq   [pu]:       0.647695249E-01
   Surge Impedance Zcsq  [pu]:       0.391350886E-01
      
   Positive Sequence 
   ................. 

   Resistance      Rsq   [pu]:       0.671612771E-04
   Reactance       Xsq   [pu]:       0.104367094E-03
   Susceptance     Bsq   [pu]:       0.647694902E-01
   Surge Impedance Zcsq  [pu]:       0.401417735E-01
      
   Zero Sequence 
   ............. 

   Resistance      Rsq   [pu]:       0.673312018E-04
   Reactance       Xsq   [pu]:       0.991981575E-04
   Susceptance     Bsq   [pu]:       0.647694902E-01
   Surge Impedance Zcsq  [pu]:       0.391351104E-01
      
 
 
 -----------------------------------------------------
  PHASE DOMAIN DATA @      50.000 Hz:
 -----------------------------------------------------

 SERIES IMPEDANCE MATRIX (Z) [ohms/m]: 
    0.654086409E-04,0.682074037E-03   0.495848226E-04,0.628550799E-03   0.494625895E-04,0.505200503E-03   0.494625895E-04,0.505200503E-03   0.494627490E-04,0.461643519E-03   0.494627490E-04,0.461643519E-03
    0.495848226E-04,0.628550799E-03   0.693730262E-04,0.627259778E-03   0.494625895E-04,0.505200503E-03   0.494625895E-04,0.505200503E-03   0.494627490E-04,0.461643519E-03   0.494627490E-04,0.461643519E-03
    0.494625895E-04,0.505200503E-03   0.494625895E-04,0.505200503E-03   0.654086409E-04,0.682074037E-03   0.495848226E-04,0.628550799E-03   0.494625895E-04,0.505200503E-03   0.494625895E-04,0.505200503E-03
    0.494625895E-04,0.505200503E-03   0.494625895E-04,0.505200503E-03   0.495848226E-04,0.628550799E-03   0.693730262E-04,0.627259778E-03   0.494625895E-04,0.505200503E-03   0.494625895E-04,0.505200503E-03
    0.494627490E-04,0.461643519E-03   0.494627490E-04,0.461643519E-03   0.494625895E-04,0.505200503E-03   0.494625895E-04,0.505200503E-03   0.654086409E-04,0.682074037E-03   0.495848226E-04,0.628550799E-03
    0.494627490E-04,0.461643519E-03   0.494627490E-04,0.461643519E-03   0.494625895E-04,0.505200503E-03   0.494625895E-04,0.505200503E-03   0.495848226E-04,0.628550799E-03   0.693730262E-04,0.627259778E-03

 SHUNT ADMITTANCE MATRIX (Y) [mhos/m]: 
    0.000000000E+00,0.122437600E-06   0.000000000E+00,-.122437600E-06   0.000000000E+00,0.000000000E+00   0.000000000E+00,0.000000000E+00   0.000000000E+00,0.000000000E+00   0.000000000E+00,0.000000000E+00
    0.000000000E+00,-.122437600E-06   0.000000000E+00,0.494499991E-06   0.000000000E+00,0.000000000E+00   0.000000000E+00,0.000000000E+00   0.000000000E+00,0.000000000E+00   0.000000000E+00,0.000000000E+00
    0.000000000E+00,0.000000000E+00   0.000000000E+00,0.000000000E+00   0.000000000E+00,0.122437600E-06   0.000000000E+00,-.122437600E-06   0.000000000E+00,0.000000000E+00   0.000000000E+00,0.000000000E+00
    0.000000000E+00,0.000000000E+00   0.000000000E+00,0.000000000E+00   0.000000000E+00,-.122437600E-06   0.000000000E+00,0.494499991E-06   0.000000000E+00,0.000000000E+00   0.000000000E+00,0.000000000E+00
    0.000000000E+00,0.000000000E+00   0.000000000E+00,0.000000000E+00   0.000000000E+00,0.000000000E+00   0.000000000E+00,0.000000000E+00   0.000000000E+00,0.122437600E-06   0.000000000E+00,-.122437600E-06
    0.000000000E+00,0.000000000E+00   0.000000000E+00,0.000000000E+00   0.000000000E+00,0.000000000E+00   0.000000000E+00,0.000000000E+00   0.000000000E+00,-.122437600E-06   0.000000000E+00,0.494499991E-06

 -----------------------------------------------------
  SEQUENCE COMPONENT DATA @       50.00 Hz:
 -----------------------------------------------------

 SEQUENCE TRANSFORM MATRIX: 
    0.577350269E+00,0.000000000E+00   0.577350269E+00,0.000000000E+00   0.577350269E+00,0.000000000E+00
    0.577350269E+00,0.000000000E+00   -.288675135E+00,-.500000000E+00   -.288675135E+00,0.500000000E+00
    0.577350269E+00,0.000000000E+00   -.288675135E+00,0.500000000E+00   -.288675135E+00,-.500000000E+00

 SEQUENCE IMPEDANCE MATRIX (Zsq) [ohms/m]: 
    0.165736770E-03,0.175643715E-02   0.191442909E-04,0.285143876E-04   -.204250082E-04,0.308737978E-04   0.148428726E-03,0.149864230E-02   0.406380497E-07,0.701547551E-04   0.406380497E-07,0.701547551E-04
    -.204250082E-04,0.308737978E-04   0.172267688E-04,0.117485349E-03   -.877413158E-04,-.330549036E-04   0.607354811E-04,-.351125711E-04   0.230139462E-04,-.133342170E-04   0.230139462E-04,-.133342170E-04
    0.191442909E-04,0.285143876E-04   0.863383653E-04,-.309072073E-04   0.172267688E-04,0.117485349E-03   -.607761192E-04,-.350421840E-04   -.230547438E-04,-.132635536E-04   -.230547438E-04,-.132635536E-04
    0.148428726E-03,0.149864230E-02   -.607761192E-04,-.350421840E-04   0.607354811E-04,-.351125711E-04   0.167058232E-03,0.173816573E-02   0.164435003E-04,-.491080559E-04   -.152035273E-04,-.513968948E-04
    0.406380497E-07,0.701547551E-04   -.230547438E-04,-.132635536E-04   0.230139462E-04,-.133342170E-04   -.152035273E-04,-.513968948E-04   0.185482306E-04,0.992139291E-04   0.165657334E-04,0.742422403E-04
    0.406380497E-07,0.701547551E-04   -.230547438E-04,-.132635536E-04   0.230139462E-04,-.133342170E-04   0.164435003E-04,-.491080559E-04   -.150812942E-04,0.719534014E-04   0.185482306E-04,0.992139291E-04

 SEQUENCE ADMITTANCE MATRIX (Ysq) [mhos/m]: 
    0.000000000E+00,0.164833330E-06   0.720604703E-07,-.824166651E-07   -.720604703E-07,-.824166651E-07   0.000000000E+00,-.408125332E-07   0.000000000E+00,-.408125332E-07   0.000000000E+00,-.408125332E-07
    -.720604703E-07,-.824166651E-07   0.000000000E+00,0.287270930E-06   0.178094542E-06,-.211978653E-07   -.353446906E-07,0.204062666E-07   -.353446906E-07,0.204062666E-07   -.353446906E-07,0.204062666E-07
    0.720604703E-07,-.824166651E-07   -.178094542E-06,-.211978653E-07   0.000000000E+00,0.287270930E-06   0.353446906E-07,0.204062666E-07   0.353446906E-07,0.204062666E-07   0.353446906E-07,0.204062666E-07
    0.000000000E+00,-.408125332E-07   0.353446906E-07,0.204062666E-07   -.353446906E-07,0.204062666E-07   0.000000000E+00,0.288854127E-06   -.107405161E-06,0.102822932E-06   0.107405161E-06,0.102822932E-06
    0.000000000E+00,-.408125332E-07   0.353446906E-07,0.204062666E-07   -.353446906E-07,0.204062666E-07   0.107405161E-06,0.102822932E-06   0.000000000E+00,0.411291727E-06   -.107405161E-06,-.196146679E-07
    0.000000000E+00,-.408125332E-07   0.353446906E-07,0.204062666E-07   -.353446906E-07,0.204062666E-07   -.107405161E-06,0.102822932E-06   0.107405161E-06,-.196146679E-07   0.000000000E+00,0.411291727E-06

 -----------------------------------------------------
  MINIMUM TIME DELAY AND RECOMMENDED TIME STEP
 -----------------------------------------------------
   
   Minimum Time Delay for the Line    [ms]:     0.006742438
   Recommended Time Step for the Line [ms]:     0.000674244
   
