 Line Constants Program for PSCAD X4
 Build: 2016.08.11
 (c)1995-2015 Manitoba HVDC Research Centre
    (a division of Manitoba Hydro International Ltd.)
 
 Reading Data from File 
 D:\liumingwei\Documents\PSCAD\Project_PSCAD\HV_Cables_sys.gf42\AAA.cli         
                                                                                
                                           
<>>>>>>>>>><>>>>>>>>>><>>>>>>>>>>
 ====================================================================
 CURVE FITTING OUTPUT
 ====================================================================
 
 Fitting Characteristic Admittance Yc:
 ====================================================================
 Maximum Fitting Error Requested:                            0.2000 %
 Maximum Number of Poles:                                        20
 
 Yc:          Maximum          Number
              Fitting Error    of Poles
              --------------   --------
                  0.1722 %       11
 
 ====================================================================
 
 Fitting Propagation Function H:
 ====================================================================
 Maximum Fitting Error Requested:                            0.2000 %
 Maximum Number of Poles (per delay group):                      20
 
 --------------------------------------------------------------------
 Attempt #  1                               Target error:   25.0000 %
 --------------------------------------------------------------------
 Hmode:       Delay      Maximum          Number      Time
              Group #    Fitting Error    of Poles    Delay
              -------    -------------    --------    -----
                 1          3.39572 %        2         0.006701 ms
                 2          2.62663 %        1         0.011712 ms
                 3          4.16682 %        1         0.014601 ms
                 4          9.06599 %        2         0.031823 ms
 
 Hphase:      Maximum           Maximum       Maximum
              Fitting Error     RMS Error     Residue/Pole Ratio
              --------------    ----------    ------------------
                  5.0620 %        1.4074 %              0.98
 --------------------------------------------------------------------
 Attempt #  2                               Target error:   12.5000 %
 --------------------------------------------------------------------
 Hmode:       Delay      Maximum          Number      Time
              Group #    Fitting Error    of Poles    Delay
              -------    -------------    --------    -----
                 1          3.39572 %        2         0.006701 ms
                 2          2.62663 %        1         0.011712 ms
                 3          4.16682 %        1         0.014601 ms
                 4          9.06599 %        2         0.031823 ms
 
 Hphase:      Maximum           Maximum       Maximum
              Fitting Error     RMS Error     Residue/Pole Ratio
              --------------    ----------    ------------------
                  5.0620 %        1.4074 %              0.98
 --------------------------------------------------------------------
 Attempt #  3                               Target error:    6.2500 %
 --------------------------------------------------------------------
 Hmode:       Delay      Maximum          Number      Time
              Group #    Fitting Error    of Poles    Delay
              -------    -------------    --------    -----
                 1          3.39572 %        2         0.006701 ms
                 2          2.62663 %        1         0.011712 ms
                 3          4.16682 %        1         0.014601 ms
                 4          2.86964 %        4         0.030299 ms
 
 Hphase:      Maximum           Maximum       Maximum
              Fitting Error     RMS Error     Residue/Pole Ratio
              --------------    ----------    ------------------
                  3.5902 %        0.9660 %              0.98
 --------------------------------------------------------------------
 Attempt #  4                               Target error:    3.1250 %
 --------------------------------------------------------------------
 Hmode:       Delay      Maximum          Number      Time
              Group #    Fitting Error    of Poles    Delay
              -------    -------------    --------    -----
                 1          1.23343 %        3         0.006720 ms
                 2          2.62663 %        1         0.011712 ms
                 3          1.82922 %        3         0.014517 ms
                 4          2.86964 %        4         0.030299 ms
 
 Hphase:      Maximum           Maximum       Maximum
              Fitting Error     RMS Error     Residue/Pole Ratio
              --------------    ----------    ------------------
                  2.4333 %        0.5906 %              0.95
 --------------------------------------------------------------------
 Attempt #  5                               Target error:    1.5625 %
 --------------------------------------------------------------------
 Hmode:       Delay      Maximum          Number      Time
              Group #    Fitting Error    of Poles    Delay
              -------    -------------    --------    -----
                 1          1.23343 %        3         0.006720 ms
                 2          0.71718 %        3         0.011725 ms
                 3          0.99141 %        4         0.014530 ms
                 4          0.47436 %        5         0.029456 ms
 
 Hphase:      Maximum           Maximum       Maximum
              Fitting Error     RMS Error     Residue/Pole Ratio
              --------------    ----------    ------------------
                  1.2388 %        0.3010 %              0.95
 --------------------------------------------------------------------
 Attempt #  6                               Target error:    0.7812 %
 --------------------------------------------------------------------
 Hmode:       Delay      Maximum          Number      Time
              Group #    Fitting Error    of Poles    Delay
              -------    -------------    --------    -----
                 1          0.49577 %        4         0.006731 ms
                 2          0.71718 %        3         0.011725 ms
                 3          0.14408 %        5         0.014299 ms
                 4          0.47436 %        5         0.029456 ms
 
 Hphase:      Maximum           Maximum       Maximum
              Fitting Error     RMS Error     Residue/Pole Ratio
              --------------    ----------    ------------------
                  1.1668 %        0.2307 %              1.47
 --------------------------------------------------------------------
 Attempt #  7                               Target error:    0.3906 %
 --------------------------------------------------------------------
 Hmode:       Delay      Maximum          Number      Time
              Group #    Fitting Error    of Poles    Delay
              -------    -------------    --------    -----
                 1          0.25688 %        5         0.006734 ms
                 2          0.26991 %        4         0.011730 ms
                 3          0.14408 %        5         0.014299 ms
                 4          0.35989 %        6         0.029495 ms
 
 Hphase:      Maximum           Maximum       Maximum
              Fitting Error     RMS Error     Residue/Pole Ratio
              --------------    ----------    ------------------
                  0.5755 %        0.1209 %              1.46
 --------------------------------------------------------------------
 Attempt #  8                               Target error:    0.1953 %
 --------------------------------------------------------------------
 Hmode:       Delay      Maximum          Number      Time
              Group #    Fitting Error    of Poles    Delay
              -------    -------------    --------    -----
                 1          0.09643 %        8         0.006742 ms
                 2          0.06283 %        5         0.011734 ms
                 3          0.14408 %        5         0.014299 ms
                 4          0.13578 %       12         0.029194 ms
 
 Hphase:      Maximum           Maximum       Maximum
              Fitting Error     RMS Error     Residue/Pole Ratio
              --------------    ----------    ------------------
                  0.3783 %        0.0692 %              1.46
 --------------------------------------------------------------------
 Attempt #  9                               Target error:    0.0977 %
 --------------------------------------------------------------------
 Hmode:       Delay      Maximum          Number      Time
              Group #    Fitting Error    of Poles    Delay
              -------    -------------    --------    -----
                 1          0.09643 %        8         0.006742 ms
                 2          0.06283 %        5         0.011734 ms
                 3          0.05666 %        6         0.014365 ms
                 4          0.01393 %       13         0.028327 ms
 
 Hphase:      Maximum           Maximum       Maximum
              Fitting Error     RMS Error     Residue/Pole Ratio
              --------------    ----------    ------------------
                  0.3762 %        0.0685 %              1.41
 --------------------------------------------------------------------
 Attempt # 10                               Target error:    0.0488 %
 --------------------------------------------------------------------
 Hmode:       Delay      Maximum          Number      Time
              Group #    Fitting Error    of Poles    Delay
              -------    -------------    --------    -----
                 1          0.02460 %       10         0.006743 ms
                 2          0.03877 %        8         0.011734 ms
                 3          0.03133 %        9         0.014446 ms
                 4          0.01393 %       13         0.028327 ms
 
 Hphase:      Maximum           Maximum       Maximum
              Fitting Error     RMS Error     Residue/Pole Ratio
              --------------    ----------    ------------------
                  0.2231 %        0.0398 %             13.20
 --------------------------------------------------------------------
 Attempt # 11                               Target error:    0.0244 %
 --------------------------------------------------------------------
 Hmode:       Delay      Maximum          Number      Time
              Group #    Fitting Error    of Poles    Delay
              -------    -------------    --------    -----
                 1          0.01809 %       12         0.006744 ms
                 2          0.02700 %       20         0.011607 ms
                 3          0.02290 %       16         0.014564 ms
                 4          0.01393 %       13         0.028327 ms
 
 Hphase:      Maximum           Maximum       Maximum
              Fitting Error     RMS Error     Residue/Pole Ratio
              --------------    ----------    ------------------
                  0.0111 %        0.0030 %             14.26
 
 --------------------------------------------------------------------
 ====================================================================
 Line Constants Ending!
 Tline Ending....
0
