 =====================================================
  PSCAD LINE CONSTANTS PROGRAM OUTPUT FILE (*.out)

  NOTE: This file is auto-generated.  Any manual
        changes will be lost once the Line Constants
        Program is re-run.
 =====================================================

  Display Format: M,N denotes a complex number M + jN



 -----------------------------------------------------
  LOAD FLOW RXB FORMATTED DATA @       50.00 Hz:
 -----------------------------------------------------

  Base of Per-Unit Quantities : 230.00 kV (L-L)  ,100.00 MVA
  NOTE: Base values could be changed using Additional Options Component
      
   Positive Sequence (Long-Line Corrected)
   ................. 

   Resistance      Rsq   [pu]:       0.671611237E-04
   Reactance       Xsq   [pu]:       0.104367036E-03
   Susceptance     Bsq   [pu]:       0.647695267E-01
   Surge Impedance Zcsq  [pu]:       0.401417511E-01
      
   Zero Sequence (Long-Line Corrected)
   ............. 

   Resistance      Rsq   [pu]:       0.673310576E-04
   Reactance       Xsq   [pu]:       0.991981002E-04
   Susceptance     Bsq   [pu]:       0.647695249E-01
   Surge Impedance Zcsq  [pu]:       0.391350886E-01
      
   Positive Sequence 
   ................. 

   Resistance      Rsq   [pu]:       0.671612750E-04
   Reactance       Xsq   [pu]:       0.104367105E-03
   Susceptance     Bsq   [pu]:       0.647694902E-01
   Surge Impedance Zcsq  [pu]:       0.401417756E-01
      
   Zero Sequence 
   ............. 

   Resistance      Rsq   [pu]:       0.673312018E-04
   Reactance       Xsq   [pu]:       0.991981575E-04
   Susceptance     Bsq   [pu]:       0.647694902E-01
   Surge Impedance Zcsq  [pu]:       0.391351104E-01
      
 
 
 -----------------------------------------------------
  PHASE DOMAIN DATA @      50.000 Hz:
 -----------------------------------------------------

 SERIES IMPEDANCE MATRIX (Z) [ohms/m]: 
    0.654086041E-04,0.682073819E-03   0.495847858E-04,0.628550581E-03   0.494625546E-04,0.505200539E-03   0.494625546E-04,0.505200539E-03   0.494627174E-04,0.461643552E-03   0.494627174E-04,0.461643552E-03
    0.495847858E-04,0.628550581E-03   0.693729893E-04,0.627259560E-03   0.494625546E-04,0.505200539E-03   0.494625546E-04,0.505200539E-03   0.494627174E-04,0.461643552E-03   0.494627174E-04,0.461643552E-03
    0.494625546E-04,0.505200539E-03   0.494625546E-04,0.505200539E-03   0.654086041E-04,0.682073819E-03   0.495847858E-04,0.628550581E-03   0.494625546E-04,0.505200539E-03   0.494625546E-04,0.505200539E-03
    0.494625546E-04,0.505200539E-03   0.494625546E-04,0.505200539E-03   0.495847858E-04,0.628550581E-03   0.693729893E-04,0.627259560E-03   0.494625546E-04,0.505200539E-03   0.494625546E-04,0.505200539E-03
    0.494627174E-04,0.461643552E-03   0.494627174E-04,0.461643552E-03   0.494625546E-04,0.505200539E-03   0.494625546E-04,0.505200539E-03   0.654086041E-04,0.682073819E-03   0.495847858E-04,0.628550581E-03
    0.494627174E-04,0.461643552E-03   0.494627174E-04,0.461643552E-03   0.494625546E-04,0.505200539E-03   0.494625546E-04,0.505200539E-03   0.495847858E-04,0.628550581E-03   0.693729893E-04,0.627259560E-03

 SHUNT ADMITTANCE MATRIX (Y) [mhos/m]: 
    0.000000000E+00,0.122437600E-06   0.000000000E+00,-.122437600E-06   0.000000000E+00,0.000000000E+00   0.000000000E+00,0.000000000E+00   0.000000000E+00,0.000000000E+00   0.000000000E+00,0.000000000E+00
    0.000000000E+00,-.122437600E-06   0.000000000E+00,0.253816972E-06   0.000000000E+00,0.000000000E+00   0.000000000E+00,0.000000000E+00   0.000000000E+00,0.000000000E+00   0.000000000E+00,0.000000000E+00
    0.000000000E+00,0.000000000E+00   0.000000000E+00,0.000000000E+00   0.000000000E+00,0.122437600E-06   0.000000000E+00,-.122437600E-06   0.000000000E+00,0.000000000E+00   0.000000000E+00,0.000000000E+00
    0.000000000E+00,0.000000000E+00   0.000000000E+00,0.000000000E+00   0.000000000E+00,-.122437600E-06   0.000000000E+00,0.253816972E-06   0.000000000E+00,0.000000000E+00   0.000000000E+00,0.000000000E+00
    0.000000000E+00,0.000000000E+00   0.000000000E+00,0.000000000E+00   0.000000000E+00,0.000000000E+00   0.000000000E+00,0.000000000E+00   0.000000000E+00,0.122437600E-06   0.000000000E+00,-.122437600E-06
    0.000000000E+00,0.000000000E+00   0.000000000E+00,0.000000000E+00   0.000000000E+00,0.000000000E+00   0.000000000E+00,0.000000000E+00   0.000000000E+00,-.122437600E-06   0.000000000E+00,0.253816972E-06

 -----------------------------------------------------
  SEQUENCE COMPONENT DATA @       50.00 Hz:
 -----------------------------------------------------

 SEQUENCE TRANSFORM MATRIX: 
    0.577350269E+00,0.000000000E+00   0.577350269E+00,0.000000000E+00   0.577350269E+00,0.000000000E+00
    0.577350269E+00,0.000000000E+00   -.288675135E+00,-.500000000E+00   -.288675135E+00,0.500000000E+00
    0.577350269E+00,0.000000000E+00   -.288675135E+00,0.500000000E+00   -.288675135E+00,-.500000000E+00

 SEQUENCE IMPEDANCE MATRIX (Zsq) [ohms/m]: 
    0.165736663E-03,0.175643684E-02   0.191442171E-04,0.285143457E-04   -.204249351E-04,0.308737548E-04   0.148428625E-03,0.149864232E-02   0.406351989E-07,0.701546722E-04   0.406351989E-07,0.701546722E-04
    -.204249351E-04,0.308737548E-04   0.172267675E-04,0.117485179E-03   -.877411683E-04,-.330548199E-04   0.607354107E-04,-.351125272E-04   0.230138718E-04,-.133341745E-04   0.230138718E-04,-.133341745E-04
    0.191442171E-04,0.285143457E-04   0.863382191E-04,-.309071214E-04   0.172267675E-04,0.117485179E-03   -.607760459E-04,-.350421450E-04   -.230546697E-04,-.132635103E-04   -.230546697E-04,-.132635103E-04
    0.148428625E-03,0.149864232E-02   -.607760459E-04,-.350421450E-04   0.607354107E-04,-.351125272E-04   0.167058124E-03,0.173816542E-02   0.164435010E-04,-.491079711E-04   -.152035267E-04,-.513968100E-04
    0.406351989E-07,0.701546722E-04   -.230546697E-04,-.132635103E-04   0.230138718E-04,-.133341745E-04   -.152035267E-04,-.513968100E-04   0.185482292E-04,0.992137595E-04   0.165657321E-04,0.742420707E-04
    0.406351989E-07,0.701546722E-04   -.230546697E-04,-.132635103E-04   0.230138718E-04,-.133341745E-04   0.164435010E-04,-.491079711E-04   -.150812955E-04,0.719532318E-04   0.185482292E-04,0.992137595E-04

 SEQUENCE ADMITTANCE MATRIX (Ysq) [mhos/m]: 
    0.000000000E+00,0.846056573E-07   0.258126736E-08,-.423028286E-07   -.258126736E-08,-.423028286E-07   0.000000000E+00,-.408125332E-07   0.000000000E+00,-.408125332E-07   0.000000000E+00,-.408125332E-07
    -.258126736E-08,-.423028286E-07   0.000000000E+00,0.207043257E-06   0.108615339E-06,0.189159712E-07   -.353446906E-07,0.204062666E-07   -.353446906E-07,0.204062666E-07   -.353446906E-07,0.204062666E-07
    0.258126736E-08,-.423028286E-07   -.108615339E-06,0.189159712E-07   0.000000000E+00,0.207043257E-06   0.353446906E-07,0.204062666E-07   0.353446906E-07,0.204062666E-07   0.353446906E-07,0.204062666E-07
    0.000000000E+00,-.408125332E-07   0.353446906E-07,0.204062666E-07   -.353446906E-07,0.204062666E-07   0.000000000E+00,0.128398781E-06   -.379259579E-07,0.627090952E-07   0.379259579E-07,0.627090952E-07
    0.000000000E+00,-.408125332E-07   0.353446906E-07,0.204062666E-07   -.353446906E-07,0.204062666E-07   0.379259579E-07,0.627090952E-07   0.000000000E+00,0.250836381E-06   -.379259579E-07,-.597285044E-07
    0.000000000E+00,-.408125332E-07   0.353446906E-07,0.204062666E-07   -.353446906E-07,0.204062666E-07   -.379259579E-07,0.627090952E-07   0.379259579E-07,-.597285044E-07   0.000000000E+00,0.250836381E-06

 -----------------------------------------------------
  MINIMUM TIME DELAY AND RECOMMENDED TIME STEP
 -----------------------------------------------------
   
   Minimum Time Delay for the Line    [ms]:     0.006743978
   Recommended Time Step for the Line [ms]:     0.000674398
   
