                                                                        
    0.0000000000000         0.0000000000000         0.0000000000000         0.0000000000000         0.0000000000000        0.20000000000000        0.37537035000295E-01     1.0000000000000         3.0000000000000        0.64525249611831        0.20000000000000    
   0.10000000000000E-02    0.33527524478866E-01   -0.30482404391210E-01   -0.95205818193180E-02    0.35741504616237E-01    0.20000000000000        0.37537035000295E-01     1.0000000000000         3.0000000000000        0.64525249611831        0.20000000000000    
   0.20000000000000E-02    0.19671808348188E-01   -0.20841924950303E-01   -0.25407887881050E-01    0.49617605808249E-01    0.20000000000000        0.37537035000295E-01     1.0000000000000         3.0000000000000        0.64525249611831        0.20000000000000    
   0.30000000000000E-02   -0.14387880970992E-01    0.85651975506958E-02   -0.40988407970025E-01    0.39568465468067E-01    0.20000000000000        0.37537035000295E-01     1.0000000000000         3.0000000000000        0.64525249611831        0.20000000000000    
   0.40000000000000E-02   -0.59529448292275E-01    0.49488277349812E-01   -0.51106657536282E-01    0.84730844242111E-02    0.20000000000000        0.37537035000295E-01     1.0000000000000         3.0000000000000        0.64525249611831        0.20000000000000    
   0.50000000000000E-02   -0.10581545966326        0.92827143073032E-01   -0.52206113825877E-01   -0.37378507468646E-01    0.20000000000000        0.37537035000295E-01     1.0000000000000         3.0000000000000        0.64525249611831        0.20000000000000    
   0.60000000000000E-02   -0.14319307467872        0.12921062077661       -0.42432284711134E-01   -0.89335479647165E-01    0.20000000000000        0.37537035000295E-01     1.0000000000000         3.0000000000000        0.64525249611831        0.20000000000000    
   0.70000000000000E-02   -0.16268912050712        0.15008960624254       -0.21761649774888E-01   -0.13754522254687        0.20000000000000        0.37537035000295E-01     1.0000000000000         3.0000000000000        0.64525249611831        0.20000000000000    
   0.80000000000000E-02   -0.15765773358756        0.14891200795540        0.79992315712765E-02   -0.17227267353611        0.20000000000000        0.37537035000295E-01     1.0000000000000         3.0000000000000        0.64525249611831        0.20000000000000    
   0.90000000000000E-02   -0.12481602341536        0.12212648948761        0.43416167974372E-01   -0.18525991886884        0.20000000000000        0.37537035000295E-01     1.0000000000000         3.0000000000000        0.64525249611831        0.20000000000000    
   0.10000000000000E-01   -0.64889905013293E-01    0.69843514555970E-01    0.79838392922878E-01   -0.17095380121142        0.20000000000000        0.37537035000295E-01     1.0000000000000         3.0000000000000        0.64525249611831        0.20000000000000    
   0.11000000000000E-01    0.50768252054954E-01   -0.34439670975732E-01    0.10246210623182       -0.91691082584441E-01    0.20000000000000        0.37537035000295E-01     1.0000000000000         3.0000000000000        0.64525249611831        0.20000000000000    
   0.12000000000000E-01    0.13261212906892       -0.11256436247421        0.10921820597409       -0.72788577749705E-02    0.20000000000000        0.37537035000295E-01     1.0000000000000         3.0000000000000        0.64525249611831        0.20000000000000    
   0.13000000000000E-01    0.19634435477489       -0.17454219933644        0.10233637290805        0.73929099244495E-01    0.20000000000000        0.37537035000295E-01     1.0000000000000         3.0000000000000        0.64525249611831        0.20000000000000    
   0.14000000000000E-01    0.23810615004991       -0.21667935548261        0.83963058721805E-01    0.14498963471676        0.20000000000000        0.37537035000295E-01     1.0000000000000         3.0000000000000        0.64525249611831        0.20000000000000    
   0.15000000000000E-01    0.25495863584569       -0.23599888663440        0.56587947392243E-01    0.19989683449343        0.20000000000000        0.37537035000295E-01     1.0000000000000         3.0000000000000        0.64525249611831        0.20000000000000    
   0.16000000000000E-01    0.24587396064388       -0.23123367398113        0.23229913835236E-01    0.23396401730560        0.20000000000000        0.37537035000295E-01     1.0000000000000         3.0000000000000        0.64525249611831        0.20000000000000    
   0.17000000000000E-01    0.21210643064259       -0.20321754472179       -0.12667390221359E-01    0.24431290636480        0.20000000000000        0.37537035000295E-01     1.0000000000000         3.0000000000000        0.64525249611831        0.20000000000000    
   0.18000000000000E-01    0.15718613128201       -0.15491902113968       -0.47490440943406E-01    0.23022406590004        0.20000000000000        0.37537035000295E-01     1.0000000000000         3.0000000000000        0.64525249611831        0.20000000000000    
   0.19000000000000E-01    0.86630772982076E-01   -0.91208300958915E-01   -0.77772126756117E-01    0.19326401923491        0.20000000000000        0.37537035000295E-01     1.0000000000000         3.0000000000000        0.64525249611831        0.20000000000000    
   0.20000000000000E-01    0.74372773199701E-02   -0.18412567836222E-01   -0.10051269103874        0.13717062171557        0.20000000000000        0.37537035000295E-01     1.0000000000000         3.0000000000000        0.64525249611831        0.20000000000000    
   0.21000000000000E-01   -0.72584287328808E-01    0.56284301605849E-01   -0.11346366678357        0.67511979659405E-01    0.20000000000000        0.37537035000295E-01     1.0000000000000         3.0000000000000        0.64525249611831        0.20000000000000    
   0.22000000000000E-01   -0.14556354480671        0.12553318520975       -0.11534262715355       -0.88430226673877E-02    0.20000000000000        0.37537035000295E-01     1.0000000000000         3.0000000000000        0.64525249611831        0.20000000000000    
   0.23000000000000E-01   -0.20433284696716        0.18253168503559       -0.10595567766803       -0.84387348898198E-01    0.20000000000000        0.37537035000295E-01     1.0000000000000         3.0000000000000        0.64525249611831        0.20000000000000    
   0.24000000000000E-01   -0.24312418357621        0.22168525877337       -0.86214664391563E-01   -0.15170452118001        0.20000000000000        0.37537035000295E-01     1.0000000000000         3.0000000000000        0.64525249611831        0.20000000000000    
   0.25000000000000E-01   -0.25813076480894        0.23915180262523       -0.58046864286569E-01   -0.20419071326199        0.20000000000000        0.37537035000295E-01     1.0000000000000         3.0000000000000        0.64525249611831        0.20000000000000    
   0.26000000000000E-01   -0.24787769394321        0.23321576647321       -0.24205695267567E-01   -0.23669869821732        0.20000000000000        0.37537035000295E-01     1.0000000000000         3.0000000000000        0.64525249611831        0.20000000000000    
   0.27000000000000E-01   -0.21336506182937        0.20445479617776        0.11999196649229E-01   -0.24604009538593        0.20000000000000        0.37537035000295E-01     1.0000000000000         3.0000000000000        0.64525249611831        0.20000000000000    
   0.28000000000000E-01   -0.15796921260030        0.15568234655483        0.47026151666658E-01   -0.23129642918663        0.20000000000000        0.37537035000295E-01     1.0000000000000         3.0000000000000        0.64525249611831        0.20000000000000    
   0.29000000000000E-01   -0.87111690450726E-01    0.91671726022348E-01    0.77448334208101E-01   -0.19390834860468        0.20000000000000        0.37537035000295E-01     1.0000000000000         3.0000000000000        0.64525249611831        0.20000000000000    
   0.30000000000000E-01   -0.77281740903955E-02    0.18688484853884E-01    0.10028927843317       -0.13753414651570        0.20000000000000        0.37537035000295E-01     1.0000000000000         3.0000000000000        0.64525249611831        0.20000000000000    
   0.31000000000000E-01    0.72410680572466E-01   -0.56123144551139E-01    0.11331431645597       -0.67691347458813E-01    0.20000000000000        0.37537035000295E-01     1.0000000000000         3.0000000000000        0.64525249611831        0.20000000000000    
   0.32000000000000E-01    0.14546005017985       -0.12543973764404        0.11524937462128        0.87836033161575E-02    0.20000000000000        0.37537035000295E-01     1.0000000000000         3.0000000000000        0.64525249611831        0.20000000000000    
   0.33000000000000E-01    0.20426895962323       -0.18247565408662        0.10590572794608        0.84404692649378E-01    0.20000000000000        0.37537035000295E-01     1.0000000000000         3.0000000000000        0.64525249611831        0.20000000000000    
   0.34000000000000E-01    0.24308034255981       -0.22164733554280        0.86198505327453E-01    0.15176923401235        0.20000000000000        0.37537035000295E-01     1.0000000000000         3.0000000000000        0.64525249611831        0.20000000000000    
   0.35000000000000E-01    0.25809463154841       -0.23911991045597        0.58057136748364E-01    0.20428257636742        0.20000000000000        0.37537035000295E-01     1.0000000000000         3.0000000000000        0.64525249611831        0.20000000000000    
   0.36000000000000E-01    0.24784171740322       -0.23318260808297        0.24236510108889E-01    0.23680369649636        0.20000000000000        0.37537035000295E-01     1.0000000000000         3.0000000000000        0.64525249611831        0.20000000000000    
   0.37000000000000E-01    0.21332487300097       -0.20441623886621       -0.11952676101388E-01    0.24614848544177        0.20000000000000        0.37537035000295E-01     1.0000000000000         3.0000000000000        0.64525249611831        0.20000000000000    
   0.38000000000000E-01    0.15792255683533       -0.15563635056686       -0.46967968783439E-01    0.23140146769596        0.20000000000000        0.37537035000295E-01     1.0000000000000         3.0000000000000        0.64525249611831        0.20000000000000    
   0.39000000000000E-01    0.87057710942783E-01   -0.91617626906718E-01   -0.77381903684581E-01    0.19400544249027        0.20000000000000        0.37537035000295E-01     1.0000000000000         3.0000000000000        0.64525249611831        0.20000000000000    
   0.40000000000000E-01    0.76669263677165E-02   -0.18626508246067E-01   -0.10021749447339        0.13762027428654        0.20000000000000        0.37537035000295E-01     1.0000000000000         3.0000000000000        0.64525249611831        0.20000000000000    
   0.41000000000000E-01   -0.72478560799127E-01    0.56192214110386E-01   -0.11323962730809        0.67764656344779E-01    0.20000000000000        0.37537035000295E-01     1.0000000000000         3.0000000000000        0.64525249611831        0.20000000000000    
   0.42000000000000E-01   -0.14553357625635        0.12551478464433       -0.11517383708686       -0.87240849870686E-02    0.20000000000000        0.37537035000295E-01     1.0000000000000         3.0000000000000        0.64525249611831        0.20000000000000    
   0.43000000000000E-01   -0.20434695324424        0.18255538987647       -0.10583104997373       -0.84359266400456E-01    0.20000000000000        0.37537035000295E-01     1.0000000000000         3.0000000000000        0.64525249611831        0.20000000000000    
   0.44000000000000E-01   -0.24316154482764        0.22173040786272       -0.86126081476543E-01   -0.15173769017567        0.20000000000000        0.37537035000295E-01     1.0000000000000         3.0000000000000        0.64525249611831        0.20000000000000    
   0.45000000000000E-01   -0.25817778025224        0.23920497918939       -0.57988079301552E-01   -0.20426431694267        0.20000000000000        0.37537035000295E-01     1.0000000000000         3.0000000000000        0.64525249611831        0.20000000000000    
   0.46000000000000E-01   -0.24792560026688        0.23326839701077       -0.24171677403939E-01   -0.23679783224011        0.20000000000000        0.37537035000295E-01     1.0000000000000         3.0000000000000        0.64525249611831        0.20000000000000    
   0.47000000000000E-01   -0.21340836357432        0.20450157012551        0.12012653267386E-01   -0.24615391398608        0.20000000000000        0.37537035000295E-01     1.0000000000000         3.0000000000000        0.64525249611831        0.20000000000000    
   0.48000000000000E-01   -0.15800463768749        0.15572016648367        0.47022662245483E-01   -0.23141693724869        0.20000000000000        0.37537035000295E-01     1.0000000000000         3.0000000000000        0.64525249611831        0.20000000000000    
   0.49000000000000E-01   -0.87137487466793E-01    0.91699002521566E-01    0.77431064304188E-01   -0.19402960423437        0.20000000000000        0.37537035000295E-01     1.0000000000000         3.0000000000000        0.64525249611831        0.20000000000000    
   0.50000000000000E-01   -0.77436335990965E-02    0.18704656935827E-01    0.10026102977207       -0.13765172567162        0.20000000000000        0.37537035000295E-01     1.0000000000000         3.0000000000000        0.64525249611831        0.20000000000000    
   0.51000000000000E-01    0.72405556572136E-01   -0.56117940133701E-01    0.11327758034014       -0.67801976865241E-01    0.20000000000000        0.37537035000295E-01     1.0000000000000         3.0000000000000        0.64525249611831        0.20000000000000    
   0.52000000000000E-01    0.14546477975212       -0.12544489762023        0.11520636657792        0.86823043286785E-02    0.20000000000000        0.37537035000295E-01     1.0000000000000         3.0000000000000        0.64525249611831        0.20000000000000    
   0.53000000000000E-01    0.20428274528882       -0.18249027254332        0.10585841175656        0.84314399011546E-01    0.20000000000000        0.37537035000295E-01     1.0000000000000         3.0000000000000        0.64525249611831        0.20000000000000    
   0.54000000000000E-01    0.24310218950158       -0.22167032147026        0.86148611248468E-01    0.15169105442059        0.20000000000000        0.37537035000295E-01     1.0000000000000         3.0000000000000        0.64525249611831        0.20000000000000    
   0.55000000000000E-01    0.25812343345817       -0.23915007285601        0.58006176716483E-01    0.20421716069726        0.20000000000000        0.37537035000295E-01     1.0000000000000         3.0000000000000        0.64525249611831        0.20000000000000    
   0.56000000000000E-01    0.24787631922366       -0.23321871793477        0.24185791498389E-01    0.23675132092497        0.20000000000000        0.37537035000295E-01     1.0000000000000         3.0000000000000        0.64525249611831        0.20000000000000    
   0.57000000000000E-01    0.21336411684877       -0.20445707426328       -0.12002037328384E-01    0.24610912162326        0.20000000000000        0.37537035000295E-01     1.0000000000000         3.0000000000000        0.64525249611831        0.20000000000000    
   0.58000000000000E-01    0.15796531545281       -0.15568072939030       -0.47015035129492E-01    0.23137484014258        0.20000000000000        0.37537035000295E-01     1.0000000000000         3.0000000000000        0.64525249611831        0.20000000000000    
   0.59000000000000E-01    0.87102911746249E-01   -0.91664430113464E-01   -0.77425903216423E-01    0.19399107692430        0.20000000000000        0.37537035000295E-01     1.0000000000000         3.0000000000000        0.64525249611831        0.20000000000000    
   0.60000000000000E-01    0.77135683030495E-02   -0.18674695990002E-01   -0.10025780795032        0.13761753884283        0.20000000000000        0.37537035000295E-01     1.0000000000000         3.0000000000000        0.64525249611831        0.20000000000000    
   0.61000000000000E-01   -0.72431395961373E-01    0.56143591887256E-01   -0.11327577539324        0.67772796937959E-01    0.20000000000000        0.37537035000295E-01     1.0000000000000         3.0000000000000        0.64525249611831        0.20000000000000    
   0.62000000000000E-01   -0.14548671695829        0.12546658191954       -0.11520546772588       -0.87059141818345E-02    0.20000000000000        0.37537035000295E-01     1.0000000000000         3.0000000000000        0.64525249611831        0.20000000000000    
   0.63000000000000E-01   -0.20430113456417        0.18250836160616       -0.10585792603509       -0.84331976644203E-01    0.20000000000000        0.37537035000295E-01     1.0000000000000         3.0000000000000        0.64525249611831        0.20000000000000    
   0.64000000000000E-01   -0.24311740754961        0.22168520964958       -0.86148068743188E-01   -0.15170223548808        0.20000000000000        0.37537035000295E-01     1.0000000000000         3.0000000000000        0.64525249611831        0.20000000000000    
   0.65000000000000E-01   -0.25813587199342        0.23916216897229       -0.58005134892941E-01   -0.20422167460723        0.20000000000000        0.37537035000295E-01     1.0000000000000         3.0000000000000        0.64525249611831        0.20000000000000    
   0.66000000000000E-01   -0.24788637818865        0.23322843830158       -0.24183838695833E-01   -0.23674898612444        0.20000000000000        0.37537035000295E-01     1.0000000000000         3.0000000000000        0.64525249611831        0.20000000000000    
   0.67000000000000E-01   -0.21337219829398        0.20446483640976        0.12005279173304E-01   -0.24609984036382        0.20000000000000        0.37537035000295E-01     1.0000000000000         3.0000000000000        0.64525249611831        0.20000000000000    
   0.68000000000000E-01   -0.15797181807583        0.15568694647271        0.47019908463129E-01   -0.23135859285044        0.20000000000000        0.37537035000295E-01     1.0000000000000         3.0000000000000        0.64525249611831        0.20000000000000    
   0.69000000000000E-01   -0.87108226075599E-01    0.91669505999401E-01    0.77432713487639E-01   -0.19396791628694        0.20000000000000        0.37537035000295E-01     1.0000000000000         3.0000000000000        0.64525249611831        0.20000000000000    
   0.70000000000000E-01   -0.77180725078148E-02    0.18679020992827E-01    0.10026682280763       -0.13758758371162        0.20000000000000        0.37537035000295E-01     1.0000000000000         3.0000000000000        0.64525249611831        0.20000000000000    
   0.71000000000000E-01    0.72427339663078E-01   -0.56139644652402E-01    0.11328722439827       -0.67736226132831E-01    0.20000000000000        0.37537035000295E-01     1.0000000000000         3.0000000000000        0.64525249611831        0.20000000000000    
   0.72000000000000E-01    0.14548276532114       -0.12546265959004        0.11521954252695        0.87488680899014E-02    0.20000000000000        0.37537035000295E-01     1.0000000000000         3.0000000000000        0.64525249611831        0.20000000000000    
   0.73000000000000E-01    0.20429696580042       -0.18250413407163        0.10587478094483        0.84381033507262E-01    0.20000000000000        0.37537035000295E-01     1.0000000000000         3.0000000000000        0.64525249611831        0.20000000000000    
   0.74000000000000E-01    0.24311272331225       -0.22168037153423        0.86167821669016E-01    0.15175707365512        0.20000000000000        0.37537035000295E-01     1.0000000000000         3.0000000000000        0.64525249611831        0.20000000000000    
   0.75000000000000E-01    0.25813039889352       -0.23915644113719        0.58027868571563E-01    0.20428193685026        0.20000000000000        0.37537035000295E-01     1.0000000000000         3.0000000000000        0.64525249611831        0.20000000000000    
   0.76000000000000E-01    0.24787986888324       -0.23322156890604        0.24209602185400E-01    0.23681428537526        0.20000000000000        0.37537035000295E-01     1.0000000000000         3.0000000000000        0.64525249611831        0.20000000000000    
   0.77000000000000E-01    0.21336443218171       -0.20445660157016       -0.11976468785369E-01    0.24616976522858        0.20000000000000        0.37537035000295E-01     1.0000000000000         3.0000000000000        0.64525249611831        0.20000000000000    
   0.78000000000000E-01    0.15796260163670       -0.15567715055618       -0.46988064177023E-01    0.23143271287325        0.20000000000000        0.37537035000295E-01     1.0000000000000         3.0000000000000        0.64525249611831        0.20000000000000    
   0.79000000000000E-01    0.87097392890289E-01   -0.91657981590206E-01   -0.77397876368792E-01    0.19404578694139        0.20000000000000        0.37537035000295E-01     1.0000000000000         3.0000000000000        0.64525249611831        0.20000000000000    
   0.80000000000000E-01    0.77054829912930E-02   -0.18665628566765E-01   -0.10022905985938        0.13766875110187        0.20000000000000        0.37537035000295E-01     1.0000000000000         3.0000000000000        0.64525249611831        0.20000000000000    
   0.81000000000000E-01   -0.72441798780054E-01    0.56155017310577E-01   -0.11324662636018        0.67820231392763E-01    0.20000000000000        0.37537035000295E-01     1.0000000000000         3.0000000000000        0.64525249611831        0.20000000000000    
   0.82000000000000E-01   -0.14549918173125        0.12548009819349       -0.11517622162618       -0.86624847088957E-02    0.20000000000000        0.37537035000295E-01     1.0000000000000         3.0000000000000        0.64525249611831        0.20000000000000    
   0.83000000000000E-01   -0.20431540254891        0.18252369883115       -0.10582886862677       -0.84292728864659E-01    0.20000000000000        0.37537035000295E-01     1.0000000000000         3.0000000000000        0.64525249611831        0.20000000000000    
   0.84000000000000E-01   -0.24313321988752        0.22170209832107       -0.86119466329670E-01   -0.15166729826777        0.20000000000000        0.37537035000295E-01     1.0000000000000         3.0000000000000        0.64525249611831        0.20000000000000    
   0.85000000000000E-01   -0.25815297245229        0.23918034278159       -0.57977233311512E-01   -0.20419113175614        0.20000000000000        0.37537035000295E-01     1.0000000000000         3.0000000000000        0.64525249611831        0.20000000000000    
   0.86000000000000E-01   -0.24790451558475        0.23324763660539       -0.24156862603786E-01   -0.23672287931105        0.20000000000000        0.37537035000295E-01     1.0000000000000         3.0000000000000        0.64525249611831        0.20000000000000    
   0.87000000000000E-01   -0.21339112860852        0.20448480638274        0.12031126741512E-01   -0.24607817211541        0.20000000000000        0.37537035000295E-01     1.0000000000000         3.0000000000000        0.64525249611831        0.20000000000000    
   0.88000000000000E-01   -0.15799130627950        0.15570744495873        0.47044446294187E-01   -0.23134132960343        0.20000000000000        0.37537035000295E-01     1.0000000000000         3.0000000000000        0.64525249611831        0.20000000000000    
   0.89000000000000E-01   -0.87128047677808E-01    0.91690301078506E-01    0.77455782167734E-01   -0.19395499145702        0.20000000000000        0.37537035000295E-01     1.0000000000000         3.0000000000000        0.64525249611831        0.20000000000000    
   0.90000000000000E-01   -0.77380148465364E-02    0.18699893281209E-01    0.10028828450545       -0.13757890075526        0.20000000000000        0.37537035000295E-01     1.0000000000000         3.0000000000000        0.64525249611831        0.20000000000000    
   0.91000000000000E-01    0.72407476372869E-01   -0.56118900951249E-01    0.11330696247475       -0.67731661576560E-01    0.20000000000000        0.37537035000295E-01     1.0000000000000         3.0000000000000        0.64525249611831        0.20000000000000    
   0.92000000000000E-01    0.14546316716445       -0.12544223586567        0.11523746099345        0.87494616735770E-02    0.20000000000000        0.37537035000295E-01     1.0000000000000         3.0000000000000        0.64525249611831        0.20000000000000    
   0.93000000000000E-01    0.20427780454629       -0.18248420669985        0.10589080379028        0.84377824595641E-01    0.20000000000000        0.37537035000295E-01     1.0000000000000         3.0000000000000        0.64525249611831        0.20000000000000    
   0.94000000000000E-01    0.24309415598880       -0.22166110146593        0.86181892075175E-01    0.15175024895827        0.20000000000000        0.37537035000295E-01     1.0000000000000         3.0000000000000        0.64525249611831        0.20000000000000    
   0.95000000000000E-01    0.25811256753661       -0.23913797366551        0.58039948033594E-01    0.20427169859458        0.20000000000000        0.37537035000295E-01     1.0000000000000         3.0000000000000        0.64525249611831        0.20000000000000    
   0.96000000000000E-01    0.24786290044265       -0.23320403359450        0.24219669555588E-01    0.23680084869840        0.20000000000000        0.37537035000295E-01     1.0000000000000         3.0000000000000        0.64525249611831        0.20000000000000    
   0.97000000000000E-01    0.21334843856956       -0.20444011232594       -0.11968418316735E-01    0.24615335569457        0.20000000000000        0.37537035000295E-01     1.0000000000000         3.0000000000000        0.64525249611831        0.20000000000000    
   0.98000000000000E-01    0.15794767990211       -0.15566180583267       -0.46982020147783E-01    0.23141356411554        0.20000000000000        0.37537035000295E-01     1.0000000000000         3.0000000000000        0.64525249611831        0.20000000000000    
   0.99000000000000E-01    0.87083625506391E-01   -0.91643864703873E-01   -0.77393814146479E-01    0.19402413843877        0.20000000000000        0.37537035000295E-01     1.0000000000000         3.0000000000000        0.64525249611831        0.20000000000000    
   0.10000000000000        0.76929382406544E-02   -0.18652808114059E-01   -0.10022694176473        0.13764484609140        0.20000000000000        0.37537035000295E-01     1.0000000000000         3.0000000000000        0.64525249611831        0.20000000000000    
   0.10100000000000       -0.72453066335149E-01    0.56166486949710E-01   -0.11324640280266        0.67794314922462E-01    0.20000000000000        0.37537035000295E-01     1.0000000000000         3.0000000000000        0.64525249611831        0.20000000000000    
   0.10200000000000       -0.14550913070529        0.12549017627865       -0.11517783224127       -0.86901675866060E-02    0.20000000000000        0.37537035000295E-01     1.0000000000000         3.0000000000000        0.64525249611831        0.20000000000000    
   0.10300000000000       -0.20432400412861        0.18253235762223       -0.10583224340629       -0.84321934758023E-01    0.20000000000000        0.37537035000295E-01     1.0000000000000         3.0000000000000        0.64525249611831        0.20000000000000    
   0.10400000000000       -0.24314045717685        0.22170932238848       -0.86124526736538E-01   -0.15169778697069        0.20000000000000        0.37537035000295E-01     1.0000000000000         3.0000000000000        0.64525249611831        0.20000000000000    
   0.10500000000000       -0.25815883977705        0.23918612827640       -0.57983893372574E-01   -0.20422266763415        0.20000000000000        0.37537035000295E-01     1.0000000000000         3.0000000000000        0.64525249611831        0.20000000000000    
   0.10600000000000       -0.24790901776668        0.23325199049826       -0.24165029974282E-01   -0.23675523255119        0.20000000000000        0.37537035000295E-01     1.0000000000000         3.0000000000000        0.64525249611831        0.20000000000000    
   0.10700000000000       -0.21339428021646        0.20448774568147        0.12021549747312E-01   -0.24611111984268        0.20000000000000        0.37537035000295E-01     1.0000000000000         3.0000000000000        0.64525249611831        0.20000000000000    
   0.10800000000000       -0.15799313086666        0.15570899591177        0.47033561710767E-01   -0.23137465686804        0.20000000000000        0.37537035000295E-01     1.0000000000000         3.0000000000000        0.64525249611831        0.20000000000000    
   0.10900000000000       -0.87128577011479E-01    0.91690498372105E-01    0.77443695428664E-01   -0.19398849209624        0.20000000000000        0.37537035000295E-01     1.0000000000000         3.0000000000000        0.64525249611831        0.20000000000000    
