                                                                        
    0.0000000000000         0.0000000000000         0.0000000000000         0.0000000000000         0.0000000000000        0.20000000000000        0.20099331922875E-01     1.0000000000000         3.0000000000000         1.0524464990257        0.20000000000000    
   0.10000000000000E-02    0.33527524478866E-01   -0.30482404391210E-01   -0.95205818193180E-02    0.35741504616237E-01    0.20000000000000        0.20099331922875E-01     1.0000000000000         3.0000000000000         1.0524464990257        0.20000000000000    
   0.20000000000000E-02    0.19671808348188E-01   -0.20841924950303E-01   -0.25407887881050E-01    0.49617605808249E-01    0.20000000000000        0.20099331922875E-01     1.0000000000000         3.0000000000000         1.0524464990257        0.20000000000000    
   0.30000000000000E-02   -0.14387880970992E-01    0.85651975506958E-02   -0.40988407970025E-01    0.39568465468067E-01    0.20000000000000        0.20099331922875E-01     1.0000000000000         3.0000000000000         1.0524464990257        0.20000000000000    
   0.40000000000000E-02   -0.59529448292275E-01    0.49488277349812E-01   -0.51106657536282E-01    0.84730844242111E-02    0.20000000000000        0.20099331922875E-01     1.0000000000000         3.0000000000000         1.0524464990257        0.20000000000000    
   0.50000000000000E-02   -0.10581545966326        0.92827143073032E-01   -0.52206113825877E-01   -0.37378507468646E-01    0.20000000000000        0.20099331922875E-01     1.0000000000000         3.0000000000000         1.0524464990257        0.20000000000000    
   0.60000000000000E-02   -0.14319307467872        0.12921062077661       -0.42432284711134E-01   -0.89335479647165E-01    0.20000000000000        0.20099331922875E-01     1.0000000000000         3.0000000000000         1.0524464990257        0.20000000000000    
   0.70000000000000E-02   -0.16268912050712        0.15008960624254       -0.21761649774888E-01   -0.13754522254687        0.20000000000000        0.20099331922875E-01     1.0000000000000         3.0000000000000         1.0524464990257        0.20000000000000    
   0.80000000000000E-02   -0.15765773358756        0.14891200795540        0.79992315712765E-02   -0.17227267353611        0.20000000000000        0.20099331922875E-01     1.0000000000000         3.0000000000000         1.0524464990257        0.20000000000000    
   0.90000000000000E-02   -0.12481602341536        0.12212648948761        0.43416167974372E-01   -0.18525991886884        0.20000000000000        0.20099331922875E-01     1.0000000000000         3.0000000000000         1.0524464990257        0.20000000000000    
   0.10000000000000E-01   -0.64889905013293E-01    0.69843514555970E-01    0.79838392922878E-01   -0.17095380121142        0.20000000000000        0.20099331922875E-01     1.0000000000000         3.0000000000000         1.0524464990257        0.20000000000000    
   0.11000000000000E-01    0.50768252054954E-01   -0.34439670975732E-01    0.10246210623182       -0.91691082584441E-01    0.20000000000000        0.20099331922875E-01     1.0000000000000         3.0000000000000         1.0524464990257        0.20000000000000    
   0.12000000000000E-01    0.13261212906892       -0.11256436247421        0.10921820597409       -0.72788577749705E-02    0.20000000000000        0.20099331922875E-01     1.0000000000000         3.0000000000000         1.0524464990257        0.20000000000000    
   0.13000000000000E-01    0.19634435477489       -0.17454219933644        0.10233637290805        0.73929099244495E-01    0.20000000000000        0.20099331922875E-01     1.0000000000000         3.0000000000000         1.0524464990257        0.20000000000000    
   0.14000000000000E-01    0.23810615004991       -0.21667935548261        0.83963058721805E-01    0.14498963471676        0.20000000000000        0.20099331922875E-01     1.0000000000000         3.0000000000000         1.0524464990257        0.20000000000000    
   0.15000000000000E-01    0.25495863584569       -0.23599888663440        0.56587947392243E-01    0.19989683449343        0.20000000000000        0.20099331922875E-01     1.0000000000000         3.0000000000000         1.0524464990257        0.20000000000000    
   0.16000000000000E-01    0.24587396064388       -0.23123367398113        0.23229913835236E-01    0.23396401730560        0.20000000000000        0.20099331922875E-01     1.0000000000000         3.0000000000000         1.0524464990257        0.20000000000000    
   0.17000000000000E-01    0.21210643064259       -0.20321754472179       -0.12667390221359E-01    0.24431290636480        0.20000000000000        0.20099331922875E-01     1.0000000000000         3.0000000000000         1.0524464990257        0.20000000000000    
   0.18000000000000E-01    0.15718613128201       -0.15491902113968       -0.47490440943406E-01    0.23022406590004        0.20000000000000        0.20099331922875E-01     1.0000000000000         3.0000000000000         1.0524464990257        0.20000000000000    
   0.19000000000000E-01    0.86630772982076E-01   -0.91208300958915E-01   -0.77772126756117E-01    0.19326401923491        0.20000000000000        0.20099331922875E-01     1.0000000000000         3.0000000000000         1.0524464990257        0.20000000000000    
   0.20000000000000E-01    0.74372773199701E-02   -0.18412567836222E-01   -0.10051269103874        0.13717062171557        0.20000000000000        0.20099331922875E-01     1.0000000000000         3.0000000000000         1.0524464990257        0.20000000000000    
   0.21000000000000E-01   -0.72584287328808E-01    0.56284301605849E-01   -0.11346366678357        0.67511979659405E-01    0.20000000000000        0.20099331922875E-01     1.0000000000000         3.0000000000000         1.0524464990257        0.20000000000000    
   0.22000000000000E-01   -0.14556354480671        0.12553318520975       -0.11534262715355       -0.88430226673877E-02    0.20000000000000        0.20099331922875E-01     1.0000000000000         3.0000000000000         1.0524464990257        0.20000000000000    
   0.23000000000000E-01   -0.20433284696716        0.18253168503559       -0.10595567766803       -0.84387348898198E-01    0.20000000000000        0.20099331922875E-01     1.0000000000000         3.0000000000000         1.0524464990257        0.20000000000000    
   0.24000000000000E-01   -0.24312418357621        0.22168525877337       -0.86214664391563E-01   -0.15170452118001        0.20000000000000        0.20099331922875E-01     1.0000000000000         3.0000000000000         1.0524464990257        0.20000000000000    
   0.25000000000000E-01   -0.25813076480894        0.23915180262523       -0.58046864286569E-01   -0.20419071326199        0.20000000000000        0.20099331922875E-01     1.0000000000000         3.0000000000000         1.0524464990257        0.20000000000000    
   0.26000000000000E-01   -0.24787769394321        0.23321576647321       -0.24205695267567E-01   -0.23669869821732        0.20000000000000        0.20099331922875E-01     1.0000000000000         3.0000000000000         1.0524464990257        0.20000000000000    
   0.27000000000000E-01   -0.21336506182937        0.20445479617776        0.11999196649229E-01   -0.24604009538593        0.20000000000000        0.20099331922875E-01     1.0000000000000         3.0000000000000         1.0524464990257        0.20000000000000    
   0.28000000000000E-01   -0.15796921260030        0.15568234655483        0.47026151666658E-01   -0.23129642918663        0.20000000000000        0.20099331922875E-01     1.0000000000000         3.0000000000000         1.0524464990257        0.20000000000000    
   0.29000000000000E-01   -0.87111690450726E-01    0.91671726022348E-01    0.77448334208101E-01   -0.19390834860468        0.20000000000000        0.20099331922875E-01     1.0000000000000         3.0000000000000         1.0524464990257        0.20000000000000    
   0.30000000000000E-01   -0.77281740903955E-02    0.18688484853884E-01    0.10028927843317       -0.13753414651570        0.20000000000000        0.20099331922875E-01     1.0000000000000         3.0000000000000         1.0524464990257        0.20000000000000    
   0.31000000000000E-01    0.72410680572466E-01   -0.56123144551139E-01    0.11331431645597       -0.67691347458813E-01    0.20000000000000        0.20099331922875E-01     1.0000000000000         3.0000000000000         1.0524464990257        0.20000000000000    
   0.32000000000000E-01    0.14546005017985       -0.12543973764404        0.11524937462128        0.87836033161575E-02    0.20000000000000        0.20099331922875E-01     1.0000000000000         3.0000000000000         1.0524464990257        0.20000000000000    
   0.33000000000000E-01    0.20426895962323       -0.18247565408662        0.10590572794608        0.84404692649378E-01    0.20000000000000        0.20099331922875E-01     1.0000000000000         3.0000000000000         1.0524464990257        0.20000000000000    
   0.34000000000000E-01    0.24308034255981       -0.22164733554280        0.86198505327453E-01    0.15176923401235        0.20000000000000        0.20099331922875E-01     1.0000000000000         3.0000000000000         1.0524464990257        0.20000000000000    
   0.35000000000000E-01    0.25809463154841       -0.23911991045597        0.58057136748364E-01    0.20428257636742        0.20000000000000        0.20099331922875E-01     1.0000000000000         3.0000000000000         1.0524464990257        0.20000000000000    
   0.36000000000000E-01    0.24784171740322       -0.23318260808297        0.24236510108889E-01    0.23680369649636        0.20000000000000        0.20099331922875E-01     1.0000000000000         3.0000000000000         1.0524464990257        0.20000000000000    
   0.37000000000000E-01    0.21332487300097       -0.20441623886621       -0.11952676101388E-01    0.24614848544177        0.20000000000000        0.20099331922875E-01     1.0000000000000         3.0000000000000         1.0524464990257        0.20000000000000    
   0.38000000000000E-01    0.15792255683533       -0.15563635056686       -0.46967968783439E-01    0.23140146769596        0.20000000000000        0.20099331922875E-01     1.0000000000000         3.0000000000000         1.0524464990257        0.20000000000000    
   0.39000000000000E-01    0.87057710942783E-01   -0.91617626906718E-01   -0.77381903684581E-01    0.19400544249027        0.20000000000000        0.20099331922875E-01     1.0000000000000         3.0000000000000         1.0524464990257        0.20000000000000    
   0.40000000000000E-01    0.76669263677165E-02   -0.18626508246067E-01   -0.10021749447339        0.13762027428654        0.20000000000000        0.20099331922875E-01     1.0000000000000         3.0000000000000         1.0524464990257        0.20000000000000    
   0.41000000000000E-01   -0.72478560799127E-01    0.56192214110386E-01   -0.11323962730809        0.67764656344779E-01    0.20000000000000        0.20099331922875E-01     1.0000000000000         3.0000000000000         1.0524464990257        0.20000000000000    
   0.42000000000000E-01   -0.14553357625635        0.12551478464433       -0.11517383708686       -0.87240849870686E-02    0.20000000000000        0.20099331922875E-01     1.0000000000000         3.0000000000000         1.0524464990257        0.20000000000000    
   0.43000000000000E-01   -0.20434695324424        0.18255538987647       -0.10583104997373       -0.84359266400456E-01    0.20000000000000        0.20099331922875E-01     1.0000000000000         3.0000000000000         1.0524464990257        0.20000000000000    
   0.44000000000000E-01   -0.24316154482764        0.22173040786272       -0.86126081476543E-01   -0.15173769017567        0.20000000000000        0.20099331922875E-01     1.0000000000000         3.0000000000000         1.0524464990257        0.20000000000000    
   0.45000000000000E-01   -0.25817778025224        0.23920497918939       -0.57988079301552E-01   -0.20426431694267        0.20000000000000        0.20099331922875E-01     1.0000000000000         3.0000000000000         1.0524464990257        0.20000000000000    
   0.46000000000000E-01   -0.24792560026688        0.23326839701077       -0.24171677403939E-01   -0.23679783224011        0.20000000000000        0.20099331922875E-01     1.0000000000000         3.0000000000000         1.0524464990257        0.20000000000000    
   0.47000000000000E-01   -0.21340836357432        0.20450157012551        0.12012653267386E-01   -0.24615391398608        0.20000000000000        0.20099331922875E-01     1.0000000000000         3.0000000000000         1.0524464990257        0.20000000000000    
   0.48000000000000E-01   -0.15800463768749        0.15572016648367        0.47022662245483E-01   -0.23141693724869        0.20000000000000        0.20099331922875E-01     1.0000000000000         3.0000000000000         1.0524464990257        0.20000000000000    
   0.49000000000000E-01   -0.87137487466793E-01    0.91699002521566E-01    0.77431064304188E-01   -0.19402960423437        0.20000000000000        0.20099331922875E-01     1.0000000000000         3.0000000000000         1.0524464990257        0.20000000000000    
   0.50000000000000E-01   -0.77436335990965E-02    0.18704656935827E-01    0.10026102977207       -0.13765172567162        0.20000000000000        0.20099331922875E-01     1.0000000000000         3.0000000000000         1.0524464990257        0.20000000000000    
   0.51000000000000E-01    0.72405556572136E-01   -0.56117940133701E-01    0.11327758034014       -0.67801976865241E-01    0.20000000000000        0.20099331922875E-01     1.0000000000000         3.0000000000000         1.0524464990257        0.20000000000000    
   0.52000000000000E-01    0.14546477975212       -0.12544489762023        0.11520636657792        0.86823043286785E-02    0.20000000000000        0.20099331922875E-01     1.0000000000000         3.0000000000000         1.0524464990257        0.20000000000000    
   0.53000000000000E-01    0.20428274528882       -0.18249027254332        0.10585841175656        0.84314399011546E-01    0.20000000000000        0.20099331922875E-01     1.0000000000000         3.0000000000000         1.0524464990257        0.20000000000000    
   0.54000000000000E-01    0.24310218950158       -0.22167032147026        0.86148611248468E-01    0.15169105442059        0.20000000000000        0.20099331922875E-01     1.0000000000000         3.0000000000000         1.0524464990257        0.20000000000000    
   0.55000000000000E-01    0.25812343345817       -0.23915007285601        0.58006176716483E-01    0.20421716069726        0.20000000000000        0.20099331922875E-01     1.0000000000000         3.0000000000000         1.0524464990257        0.20000000000000    
   0.56000000000000E-01    0.24787631922366       -0.23321871793477        0.24185791498389E-01    0.23675132092497        0.20000000000000        0.20099331922875E-01     1.0000000000000         3.0000000000000         1.0524464990257        0.20000000000000    
   0.57000000000000E-01    0.21336411684877       -0.20445707426328       -0.12002037328384E-01    0.24610912162326        0.20000000000000        0.20099331922875E-01     1.0000000000000         3.0000000000000         1.0524464990257        0.20000000000000    
   0.58000000000000E-01    0.15796531545281       -0.15568072939030       -0.47015035129492E-01    0.23137484014258        0.20000000000000        0.20099331922875E-01     1.0000000000000         3.0000000000000         1.0524464990257        0.20000000000000    
   0.59000000000000E-01    0.87102911746249E-01   -0.91664430113464E-01   -0.77425903216423E-01    0.19399107692430        0.20000000000000        0.20099331922875E-01     1.0000000000000         3.0000000000000         1.0524464990257        0.20000000000000    
   0.60000000000000E-01    0.77135683030495E-02   -0.18674695990002E-01   -0.10025780795032        0.13761753884283        0.20000000000000        0.20099331922875E-01     1.0000000000000         3.0000000000000         1.0524464990257        0.20000000000000    
   0.61000000000000E-01   -0.72431395961373E-01    0.56143591887256E-01   -0.11327577539324        0.67772796937959E-01    0.20000000000000        0.20099331922875E-01     1.0000000000000         3.0000000000000         1.0524464990257        0.20000000000000    
   0.62000000000000E-01   -0.14548671695829        0.12546658191954       -0.11520546772588       -0.87059141818345E-02    0.20000000000000        0.20099331922875E-01     1.0000000000000         3.0000000000000         1.0524464990257        0.20000000000000    
   0.63000000000000E-01   -0.20430113456417        0.18250836160616       -0.10585792603509       -0.84331976644203E-01    0.20000000000000        0.20099331922875E-01     1.0000000000000         3.0000000000000         1.0524464990257        0.20000000000000    
   0.64000000000000E-01   -0.24311740754961        0.22168520964958       -0.86148068743188E-01   -0.15170223548808        0.20000000000000        0.20099331922875E-01     1.0000000000000         3.0000000000000         1.0524464990257        0.20000000000000    
   0.65000000000000E-01   -0.25813587199342        0.23916216897229       -0.58005134892941E-01   -0.20422167460723        0.20000000000000        0.20099331922875E-01     1.0000000000000         3.0000000000000         1.0524464990257        0.20000000000000    
   0.66000000000000E-01   -0.24788637818865        0.23322843830158       -0.24183838695833E-01   -0.23674898612444        0.20000000000000        0.20099331922875E-01     1.0000000000000         3.0000000000000         1.0524464990257        0.20000000000000    
   0.67000000000000E-01   -0.21337219829398        0.20446483640976        0.12005279173304E-01   -0.24609984036382        0.20000000000000        0.20099331922875E-01     1.0000000000000         3.0000000000000         1.0524464990257        0.20000000000000    
   0.68000000000000E-01   -0.15797181807583        0.15568694647271        0.47019908463129E-01   -0.23135859285044        0.20000000000000        0.20099331922875E-01     1.0000000000000         3.0000000000000         1.0524464990257        0.20000000000000    
   0.69000000000000E-01   -0.87108226075599E-01    0.91669505999401E-01    0.77432713487639E-01   -0.19396791628694        0.20000000000000        0.20099331922875E-01     1.0000000000000         3.0000000000000         1.0524464990257        0.20000000000000    
   0.70000000000000E-01   -0.77180725078148E-02    0.18679020992827E-01    0.10026682280763       -0.13758758371162        0.20000000000000        0.20099331922875E-01     1.0000000000000         3.0000000000000         1.0524464990257        0.20000000000000    
   0.71000000000000E-01    0.72427339663078E-01   -0.56139644652402E-01    0.11328722439827       -0.67736226132831E-01    0.20000000000000        0.20099331922875E-01     1.0000000000000         3.0000000000000         1.0524464990257        0.20000000000000    
   0.72000000000000E-01    0.14548276532114       -0.12546265959004        0.11521954252695        0.87488680899014E-02    0.20000000000000        0.20099331922875E-01     1.0000000000000         3.0000000000000         1.0524464990257        0.20000000000000    
   0.73000000000000E-01    0.20429696580042       -0.18250413407163        0.10587478094483        0.84381033507262E-01    0.20000000000000        0.20099331922875E-01     1.0000000000000         3.0000000000000         1.0524464990257        0.20000000000000    
   0.74000000000000E-01    0.24311272331225       -0.22168037153423        0.86167821669016E-01    0.15175707365512        0.20000000000000        0.20099331922875E-01     1.0000000000000         3.0000000000000         1.0524464990257        0.20000000000000    
   0.75000000000000E-01    0.25813039889352       -0.23915644113719        0.58027868571563E-01    0.20428193685026        0.20000000000000        0.20099331922875E-01     1.0000000000000         3.0000000000000         1.0524464990257        0.20000000000000    
   0.76000000000000E-01    0.24787986888324       -0.23322156890604        0.24209602185400E-01    0.23681428537526        0.20000000000000        0.20099331922875E-01     1.0000000000000         3.0000000000000         1.0524464990257        0.20000000000000    
   0.77000000000000E-01    0.21336443218171       -0.20445660157016       -0.11976468785369E-01    0.24616976522858        0.20000000000000        0.20099331922875E-01     1.0000000000000         3.0000000000000         1.0524464990257        0.20000000000000    
   0.78000000000000E-01    0.15796260163670       -0.15567715055618       -0.46988064177023E-01    0.23143271287325        0.20000000000000        0.20099331922875E-01     1.0000000000000         3.0000000000000         1.0524464990257        0.20000000000000    
   0.79000000000000E-01    0.87097392890289E-01   -0.91657981590206E-01   -0.77397876368792E-01    0.19404578694139        0.20000000000000        0.20099331922875E-01     1.0000000000000         3.0000000000000         1.0524464990257        0.20000000000000    
   0.80000000000000E-01    0.77054829912930E-02   -0.18665628566765E-01   -0.10022905985938        0.13766875110187        0.20000000000000        0.20099331922875E-01     1.0000000000000         3.0000000000000         1.0524464990257        0.20000000000000    
   0.81000000000000E-01   -0.72441798780054E-01    0.56155017310577E-01   -0.11324662636018        0.67820231392763E-01    0.20000000000000        0.20099331922875E-01     1.0000000000000         3.0000000000000         1.0524464990257        0.20000000000000    
   0.82000000000000E-01   -0.14549918173125        0.12548009819349       -0.11517622162618       -0.86624847088957E-02    0.20000000000000        0.20099331922875E-01     1.0000000000000         3.0000000000000         1.0524464990257        0.20000000000000    
   0.83000000000000E-01   -0.20431540254891        0.18252369883115       -0.10582886862677       -0.84292728864659E-01    0.20000000000000        0.20099331922875E-01     1.0000000000000         3.0000000000000         1.0524464990257        0.20000000000000    
   0.84000000000000E-01   -0.24313321988752        0.22170209832107       -0.86119466329670E-01   -0.15166729826777        0.20000000000000        0.20099331922875E-01     1.0000000000000         3.0000000000000         1.0524464990257        0.20000000000000    
   0.85000000000000E-01   -0.25815297245229        0.23918034278159       -0.57977233311512E-01   -0.20419113175614        0.20000000000000        0.20099331922875E-01     1.0000000000000         3.0000000000000         1.0524464990257        0.20000000000000    
   0.86000000000000E-01   -0.24790451558475        0.23324763660539       -0.24156862603786E-01   -0.23672287931105        0.20000000000000        0.20099331922875E-01     1.0000000000000         3.0000000000000         1.0524464990257        0.20000000000000    
   0.87000000000000E-01   -0.21339112860852        0.20448480638274        0.12031126741512E-01   -0.24607817211541        0.20000000000000        0.20099331922875E-01     1.0000000000000         3.0000000000000         1.0524464990257        0.20000000000000    
   0.88000000000000E-01   -0.15799130627950        0.15570744495873        0.47044446294187E-01   -0.23134132960343        0.20000000000000        0.20099331922875E-01     1.0000000000000         3.0000000000000         1.0524464990257        0.20000000000000    
   0.89000000000000E-01   -0.87128047677808E-01    0.91690301078506E-01    0.77455782167734E-01   -0.19395499145702        0.20000000000000        0.20099331922875E-01     1.0000000000000         3.0000000000000         1.0524464990257        0.20000000000000    
   0.90000000000000E-01   -0.77380148465364E-02    0.18699893281209E-01    0.10028828450545       -0.13757890075526        0.20000000000000        0.20099331922875E-01     1.0000000000000         3.0000000000000         1.0524464990257        0.20000000000000    
   0.91000000000000E-01    0.72407476372869E-01   -0.56118900951249E-01    0.11330696247475       -0.67731661576560E-01    0.20000000000000        0.20099331922875E-01     1.0000000000000         3.0000000000000         1.0524464990257        0.20000000000000    
   0.92000000000000E-01    0.14546316716445       -0.12544223586567        0.11523746099345        0.87494616735770E-02    0.20000000000000        0.20099331922875E-01     1.0000000000000         3.0000000000000         1.0524464990257        0.20000000000000    
   0.93000000000000E-01    0.20427780454629       -0.18248420669985        0.10589080379028        0.84377824595641E-01    0.20000000000000        0.20099331922875E-01     1.0000000000000         3.0000000000000         1.0524464990257        0.20000000000000    
   0.94000000000000E-01    0.24309415598880       -0.22166110146593        0.86181892075175E-01    0.15175024895827        0.20000000000000        0.20099331922875E-01     1.0000000000000         3.0000000000000         1.0524464990257        0.20000000000000    
   0.95000000000000E-01    0.25811256753661       -0.23913797366551        0.58039948033594E-01    0.20427169859458        0.20000000000000        0.20099331922875E-01     1.0000000000000         3.0000000000000         1.0524464990257        0.20000000000000    
   0.96000000000000E-01    0.24786290044265       -0.23320403359450        0.24219669555588E-01    0.23680084869840        0.20000000000000        0.20099331922875E-01     1.0000000000000         3.0000000000000         1.0524464990257        0.20000000000000    
   0.97000000000000E-01    0.21334843856956       -0.20444011232594       -0.11968418316735E-01    0.24615335569457        0.20000000000000        0.20099331922875E-01     1.0000000000000         3.0000000000000         1.0524464990257        0.20000000000000    
   0.98000000000000E-01    0.15794767990211       -0.15566180583267       -0.46982020147783E-01    0.23141356411554        0.20000000000000        0.20099331922875E-01     1.0000000000000         3.0000000000000         1.0524464990257        0.20000000000000    
   0.99000000000000E-01    0.87083625506391E-01   -0.91643864703873E-01   -0.77393814146479E-01    0.19402413843877        0.20000000000000        0.20099331922875E-01     1.0000000000000         3.0000000000000         1.0524464990257        0.20000000000000    
   0.10000000000000        0.76929382406544E-02   -0.18652808114059E-01   -0.10022694176473        0.13764484609140        0.20000000000000        0.20099331922875E-01     1.0000000000000         3.0000000000000         1.0524464990257        0.20000000000000    
   0.10100000000000       -0.72453066335149E-01    0.56166486949710E-01   -0.11324640280266        0.67794314922462E-01    0.20000000000000        0.20099331922875E-01     1.0000000000000         3.0000000000000         1.0524464990257        0.20000000000000    
   0.10200000000000       -0.14550913070529        0.12549017627865       -0.11517783224127       -0.86901675866060E-02    0.20000000000000        0.20099331922875E-01     1.0000000000000         3.0000000000000         1.0524464990257        0.20000000000000    
   0.10300000000000       -0.20432400412861        0.18253235762223       -0.10583224340629       -0.84321934758023E-01    0.20000000000000        0.20099331922875E-01     1.0000000000000         3.0000000000000         1.0524464990257        0.20000000000000    
   0.10400000000000       -0.24314045717685        0.22170932238848       -0.86124526736538E-01   -0.15169778697069        0.20000000000000        0.20099331922875E-01     1.0000000000000         3.0000000000000         1.0524464990257        0.20000000000000    
   0.10500000000000       -0.25815883977705        0.23918612827640       -0.57983893372574E-01   -0.20422266763415        0.20000000000000        0.20099331922875E-01     1.0000000000000         3.0000000000000         1.0524464990257        0.20000000000000    
   0.10600000000000       -0.24790901776668        0.23325199049826       -0.24165029974282E-01   -0.23675523255119        0.20000000000000        0.20099331922875E-01     1.0000000000000         3.0000000000000         1.0524464990257        0.20000000000000    
   0.10700000000000       -0.21339428021646        0.20448774568147        0.12021549747312E-01   -0.24611111984268        0.20000000000000        0.20099331922875E-01     1.0000000000000         3.0000000000000         1.0524464990257        0.20000000000000    
   0.10800000000000       -0.15799313086666        0.15570899591177        0.47033561710767E-01   -0.23137465686804        0.20000000000000        0.20099331922875E-01     1.0000000000000         3.0000000000000         1.0524464990257        0.20000000000000    
   0.10900000000000       -0.87128577011479E-01    0.91690498372105E-01    0.77443695428664E-01   -0.19398849209624        0.20000000000000        0.20099331922875E-01     1.0000000000000         3.0000000000000         1.0524464990257        0.20000000000000    
   0.11000000000000       -0.77372881373906E-02    0.18698779236831E-01    0.10027510353865       -0.13761237813466        0.20000000000000        0.20099331922875E-01     1.0000000000000         3.0000000000000         1.0524464990257        0.20000000000000    
   0.11100000000000        0.72409413236766E-01   -0.56121277173335E-01    0.11329279684672       -0.67764929216093E-01    0.20000000000000        0.20099331922875E-01     1.0000000000000         3.0000000000000         1.0524464990257        0.20000000000000    
   0.11200000000000        0.14546626237262       -0.12544581905097        0.11522242110309        0.87165795838720E-02    0.20000000000000        0.20099331922875E-01     1.0000000000000         3.0000000000000         1.0524464990257        0.20000000000000    
   0.11300000000000        0.20428200110627       -0.18248893634809        0.10587500011484        0.84345492784357E-01    0.20000000000000        0.20099331922875E-01     1.0000000000000         3.0000000000000         1.0524464990257        0.20000000000000    
   0.11400000000000        0.24309939244696       -0.22166691253863        0.86165434468425E-01    0.15171862076032        0.20000000000000        0.20099331922875E-01     1.0000000000000         3.0000000000000         1.0524464990257        0.20000000000000    
   0.11500000000000        0.25811877867638       -0.23914479730963        0.58022945077806E-01    0.20424091573145        0.20000000000000        0.20099331922875E-01     1.0000000000000         3.0000000000000         1.0524464990257        0.20000000000000    
   0.11600000000000        0.24787001795700       -0.23321179783867        0.24202227966352E-01    0.23677104114580        0.20000000000000        0.20099331922875E-01     1.0000000000000         3.0000000000000         1.0524464990257        0.20000000000000    
   0.11700000000000        0.21335639170509       -0.20444874274696       -0.11986194232199E-01    0.24612464163044        0.20000000000000        0.20099331922875E-01     1.0000000000000         3.0000000000000         1.0524464990257        0.20000000000000    
   0.11800000000000        0.15795639607257       -0.15567122618972       -0.47000028980230E-01    0.23138604994343        0.20000000000000        0.20099331922875E-01     1.0000000000000         3.0000000000000         1.0524464990257        0.20000000000000    
   0.11900000000000        0.87093030873945E-01   -0.91653997539136E-01   -0.77411957822007E-01    0.19399791888006        0.20000000000000        0.20099331922875E-01     1.0000000000000         3.0000000000000         1.0524464990257        0.20000000000000    
   0.12000000000000        0.77029582634796E-02   -0.18663575318075E-01   -0.10024512593217        0.13762000434041        0.20000000000000        0.20099331922875E-01     1.0000000000000         3.0000000000000         1.0524464990257        0.20000000000000    
   0.12100000000000       -0.72442506389533E-01    0.56155163608645E-01   -0.11326453717165        0.67770922859164E-01    0.20000000000000        0.20099331922875E-01     1.0000000000000         3.0000000000000         1.0524464990257        0.20000000000000    
   0.12200000000000       -0.14549810528230        0.12547837466191       -0.11519583087289       -0.87120491324059E-02    0.20000000000000        0.20099331922875E-01     1.0000000000000         3.0000000000000         1.0524464990257        0.20000000000000    
   0.12300000000000       -0.20431258694421        0.18252015476527       -0.10585002495774       -0.84342255696392E-01    0.20000000000000        0.20099331922875E-01     1.0000000000000         3.0000000000000         1.0524464990257        0.20000000000000    
   0.12400000000000       -0.24312872081091        0.22169679408248       -0.86142014662231E-01   -0.15171650760021        0.20000000000000        0.20099331922875E-01     1.0000000000000         3.0000000000000         1.0524464990257        0.20000000000000    
   0.12500000000000       -0.25814685530224        0.23917334868659       -0.58001016083427E-01   -0.20423975825515        0.20000000000000        0.20099331922875E-01     1.0000000000000         3.0000000000000         1.0524464990257        0.20000000000000    
   0.12600000000000       -0.24789685441247        0.23323903181921       -0.24181720957188E-01   -0.23677067304801        0.20000000000000        0.20099331922875E-01     1.0000000000000         3.0000000000000         1.0524464990257        0.20000000000000    
   0.12700000000000       -0.21338200506751        0.20447467782759        0.12005351847327E-01   -0.24612489923997        0.20000000000000        0.20099331922875E-01     1.0000000000000         3.0000000000000         1.0524464990257        0.20000000000000    
   0.12800000000000       -0.15798080859534        0.15569588624318        0.47017913043541E-01   -0.23138677286570        0.20000000000000        0.20099331922875E-01     1.0000000000000         3.0000000000000         1.0524464990257        0.20000000000000    
   0.12900000000000       -0.87116269642905E-01    0.91677411454643E-01    0.77428646924807E-01   -0.19399895058681        0.20000000000000        0.20099331922875E-01     1.0000000000000         3.0000000000000         1.0524464990257        0.20000000000000    
   0.13000000000000       -0.77250548463406E-02    0.18685776634797E-01    0.10026070092632       -0.13762119270770        0.20000000000000        0.20099331922875E-01     1.0000000000000         3.0000000000000         1.0524464990257        0.20000000000000    
   0.13100000000000        0.72421516298050E-01   -0.56134137072500E-01    0.11327908069602       -0.67772120653100E-01    0.20000000000000        0.20099331922875E-01     1.0000000000000         3.0000000000000         1.0524464990257        0.20000000000000    
   0.13200000000000        0.14547818221757       -0.12545848118178        0.11520942689687        0.87109838207897E-02    0.20000000000000        0.20099331922875E-01     1.0000000000000         3.0000000000000         1.0524464990257        0.20000000000000    
   0.13300000000000        0.20429368802883       -0.18250134908299        0.10586275834292        0.84341459065753E-01    0.20000000000000        0.20099331922875E-01     1.0000000000000         3.0000000000000         1.0524464990257        0.20000000000000    
   0.13400000000000        0.24311080010999       -0.22167902777659        0.86153970743396E-01    0.15171610980291        0.20000000000000        0.20099331922875E-01     1.0000000000000         3.0000000000000         1.0524464990257        0.20000000000000    
   0.13500000000000        0.25812986417463       -0.23915657053849        0.58012280269800E-01    0.20423988310788        0.20000000000000        0.20099331922875E-01     1.0000000000000         3.0000000000000         1.0524464990257        0.20000000000000    
   0.13600000000000        0.24788074185678       -0.23322318817337        0.24192378355096E-01    0.23677143778842        0.20000000000000        0.20099331922875E-01     1.0000000000000         3.0000000000000         1.0524464990257        0.20000000000000    
   0.13700000000000        0.21336671806123       -0.20445971294431       -0.11995216790548E-01    0.24612641432757        0.20000000000000        0.20099331922875E-01     1.0000000000000         3.0000000000000         1.0524464990257        0.20000000000000    
   0.13800000000000        0.15796629242523       -0.15568174264267       -0.47008216873170E-01    0.23138914182446        0.20000000000000        0.20099331922875E-01     1.0000000000000         3.0000000000000         1.0524464990257        0.20000000000000    
   0.13900000000000        0.87102468226152E-01   -0.91664030250864E-01   -0.77419307489768E-01    0.19400226988875        0.20000000000000        0.20099331922875E-01     1.0000000000000         3.0000000000000         1.0524464990257        0.20000000000000    
   0.14000000000000        0.77119110409224E-02   -0.18673097858138E-01   -0.10025163766735        0.13762555169440        0.20000000000000        0.20099331922875E-01     1.0000000000000         3.0000000000000         1.0524464990257        0.20000000000000    
   0.14100000000000       -0.72434060394506E-01    0.56146174164978E-01   -0.11327021491179        0.67777601493438E-01    0.20000000000000        0.20099331922875E-01     1.0000000000000         3.0000000000000         1.0524464990257        0.20000000000000    
   0.14200000000000       -0.14549018498144        0.12546993780885       -0.11520068198702       -0.87043061381673E-02    0.20000000000000        0.20099331922875E-01     1.0000000000000         3.0000000000000         1.0524464990257        0.20000000000000    
   0.14300000000000       -0.20430520803725        0.18251228665555       -0.10585406002859       -0.84333516708447E-01    0.20000000000000        0.20099331922875E-01     1.0000000000000         3.0000000000000         1.0524464990257        0.20000000000000    
   0.14400000000000       -0.24312189588125        0.22168950762843       -0.86145247265857E-01   -0.15170684204029        0.20000000000000        0.20099331922875E-01     1.0000000000000         3.0000000000000         1.0524464990257        0.20000000000000    
   0.14500000000000       -0.25814059392278        0.23916665367160       -0.58003462567487E-01   -0.20422923622912        0.20000000000000        0.20099331922875E-01     1.0000000000000         3.0000000000000         1.0524464990257        0.20000000000000    
   0.14600000000000       -0.24789116326067        0.23323293501832       -0.24183400219030E-01   -0.23675936499501        0.20000000000000        0.20099331922875E-01     1.0000000000000         3.0000000000000         1.0524464990257        0.20000000000000    
   0.14700000000000       -0.21337688804817        0.20446918313682        0.12004418581669E-01   -0.24611287560157        0.20000000000000        0.20099331922875E-01     1.0000000000000         3.0000000000000         1.0524464990257        0.20000000000000    
   0.14800000000000       -0.15797626696989        0.15569099481438        0.47017702437807E-01   -0.23137410377619        0.20000000000000        0.20099331922875E-01     1.0000000000000         3.0000000000000         1.0524464990257        0.20000000000000    
   0.14900000000000       -0.87112302163787E-01    0.91673121836513E-01    0.77429133748184E-01   -0.19398570558430        0.20000000000000        0.20099331922875E-01     1.0000000000000         3.0000000000000         1.0524464990257        0.20000000000000    
   0.15000000000000       -0.77216578962488E-02    0.18682084918084E-01    0.10026185826447       -0.13760744046616        0.20000000000000        0.20099331922875E-01     1.0000000000000         3.0000000000000         1.0524464990257        0.20000000000000    
   0.15100000000000        0.72424348564148E-01   -0.56137237106682E-01    0.11328088015787       -0.67757928735178E-01    0.20000000000000        0.20099331922875E-01     1.0000000000000         3.0000000000000         1.0524464990257        0.20000000000000    
   0.15200000000000        0.14548045772807       -0.12546099791128        0.11521183881557        0.87255491900546E-02    0.20000000000000        0.20099331922875E-01     1.0000000000000         3.0000000000000         1.0524464990257        0.20000000000000    
   0.15300000000000        0.20429541664978       -0.18250329289275        0.10586575197015        0.84356333205033E-01    0.20000000000000        0.20099331922875E-01     1.0000000000000         3.0000000000000         1.0524464990257        0.20000000000000    
   0.15400000000000        0.24311199349876       -0.22168041090644        0.86157514437377E-01    0.15173122976030        0.20000000000000        0.20099331922875E-01     1.0000000000000         3.0000000000000         1.0524464990257        0.20000000000000    
   0.15500000000000        0.25813053563441       -0.23915740693111        0.58016341675591E-01    0.20425518782759        0.20000000000000        0.20099331922875E-01     1.0000000000000         3.0000000000000         1.0524464990257        0.20000000000000    
   0.15600000000000        0.24788090619139       -0.23322349332378        0.24196924577361E-01    0.23678686825809        0.20000000000000        0.20099331922875E-01     1.0000000000000         3.0000000000000         1.0524464990257        0.20000000000000    
   0.15700000000000        0.21336639143244       -0.20445950375129       -0.11990219022932E-01    0.24614191370677        0.20000000000000        0.20099331922875E-01     1.0000000000000         3.0000000000000         1.0524464990257        0.20000000000000    
   0.15800000000000        0.15796549221189       -0.15568103726219       -0.47002801050648E-01    0.23140465555601        0.20000000000000        0.20099331922875E-01     1.0000000000000         3.0000000000000         1.0524464990257        0.20000000000000    
   0.15900000000000        0.87101212886409E-01   -0.91662847953006E-01   -0.77413507174247E-01    0.19401774579230        0.20000000000000        0.20099331922875E-01     1.0000000000000         3.0000000000000         1.0524464990257        0.20000000000000    
   0.16000000000000        0.77102199778352E-02   -0.18671458887534E-01   -0.10024548635356        0.13764094004379        0.20000000000000        0.20099331922875E-01     1.0000000000000         3.0000000000000         1.0524464990257        0.20000000000000    
   0.16100000000000       -0.72436166963486E-01    0.56148248724696E-01   -0.11326374589667        0.67792855078455E-01    0.20000000000000        0.20099331922875E-01     1.0000000000000         3.0000000000000         1.0524464990257        0.20000000000000    
   0.16200000000000       -0.14549268615077        0.12547242616616       -0.11519392824816       -0.86892319652191E-02    0.20000000000000        0.20099331922875E-01     1.0000000000000         3.0000000000000         1.0524464990257        0.20000000000000    
   0.16300000000000       -0.20430808233524        0.18251516643734       -0.10584705411189       -0.84318664000037E-01    0.20000000000000        0.20099331922875E-01     1.0000000000000         3.0000000000000         1.0524464990257        0.20000000000000    
   0.16400000000000       -0.24312512138673        0.22169275600111       -0.86138021181400E-01   -0.15169225023451        0.20000000000000        0.20099331922875E-01     1.0000000000000         3.0000000000000         1.0524464990257        0.20000000000000    
   0.16500000000000       -0.25814414837695        0.23917024745718       -0.57996047694371E-01   -0.20421494214302        0.20000000000000        0.20099331922875E-01     1.0000000000000         3.0000000000000         1.0524464990257        0.20000000000000    
   0.16600000000000       -0.24789502417362        0.23323685080483       -0.24175827218617E-01   -0.23674540282923        0.20000000000000        0.20099331922875E-01     1.0000000000000         3.0000000000000         1.0524464990257        0.20000000000000    
   0.16700000000000       -0.21338103279992        0.20447339738258        0.12012119843799E-01   -0.24609927695655        0.20000000000000        0.20099331922875E-01     1.0000000000000         3.0000000000000         1.0524464990257        0.20000000000000    
   0.16800000000000       -0.15798067290561        0.15569548394722        0.47025502962330E-01   -0.23136089767768        0.20000000000000        0.20099331922875E-01     1.0000000000000         3.0000000000000         1.0524464990257        0.20000000000000    
   0.16900000000000       -0.87116946684081E-01    0.91677862346553E-01    0.77437005463872E-01   -0.19397291851858        0.20000000000000        0.20099331922875E-01     1.0000000000000         3.0000000000000         1.0524464990257        0.20000000000000    
   0.17000000000000       -0.77265185409348E-02    0.18687053444830E-01    0.10026977408306       -0.13759509642352        0.20000000000000        0.20099331922875E-01     1.0000000000000         3.0000000000000         1.0524464990257        0.20000000000000    
   0.17100000000000        0.72419294037818E-01   -0.56132063693253E-01    0.11328881402088       -0.67746049261070E-01    0.20000000000000        0.20099331922875E-01     1.0000000000000         3.0000000000000         1.0524464990257        0.20000000000000    
   0.17200000000000        0.14547523127226       -0.12545564243555        0.11521976573406        0.87369449366533E-02    0.20000000000000        0.20099331922875E-01     1.0000000000000         3.0000000000000         1.0524464990257        0.20000000000000    
   0.17300000000000        0.20429003985926       -0.18249777780422        0.10587364805800        0.84367228387724E-01    0.20000000000000        0.20099331922875E-01     1.0000000000000         3.0000000000000         1.0524464990257        0.20000000000000    
   0.17400000000000        0.24310648754941       -0.22167475821615        0.86165356937621E-01    0.15174160979537        0.20000000000000        0.20099331922875E-01     1.0000000000000         3.0000000000000         1.0524464990257        0.20000000000000    
   0.17500000000000        0.25812492122716       -0.23915163815399        0.58024108980812E-01    0.20426504030955        0.20000000000000        0.20099331922875E-01     1.0000000000000         3.0000000000000         1.0524464990257        0.20000000000000    
   0.17600000000000        0.24787520350188       -0.23321762942645        0.24204596243832E-01    0.23679618288110        0.20000000000000        0.20099331922875E-01     1.0000000000000         3.0000000000000         1.0524464990257        0.20000000000000    
   0.17700000000000        0.21336062006542       -0.20445356510514       -0.11982662266117E-01    0.24615068218272        0.20000000000000        0.20099331922875E-01     1.0000000000000         3.0000000000000         1.0524464990257        0.20000000000000    
   0.17800000000000        0.15795967116092       -0.15567504360204       -0.46995377298251E-01    0.23141287152950        0.20000000000000        0.20099331922875E-01     1.0000000000000         3.0000000000000         1.0524464990257        0.20000000000000    
   0.17900000000000        0.87095360498739E-01   -0.91656818340786E-01   -0.77406233346273E-01    0.19402540475364        0.20000000000000        0.20099331922875E-01     1.0000000000000         3.0000000000000         1.0524464990257        0.20000000000000    
   0.18000000000000        0.77043539236955E-02   -0.18665411680684E-01   -0.10023837820069        0.13764803923999        0.20000000000000        0.20099331922875E-01     1.0000000000000         3.0000000000000         1.0524464990257        0.20000000000000    
   0.18100000000000       -0.72442029716816E-01    0.56154295899781E-01   -0.11325681801064        0.67799393423357E-01    0.20000000000000        0.20099331922875E-01     1.0000000000000         3.0000000000000         1.0524464990257        0.20000000000000    
   0.18200000000000       -0.14549852936055        0.12547845643605       -0.11518719407577       -0.86832539820046E-02    0.20000000000000        0.20099331922875E-01     1.0000000000000         3.0000000000000         1.0524464990257        0.20000000000000    
   0.18300000000000       -0.20431389050060        0.18252116369964       -0.10584052597225       -0.84313244404214E-01    0.20000000000000        0.20099331922875E-01     1.0000000000000         3.0000000000000         1.0524464990257        0.20000000000000    
   0.18400000000000       -0.24313087976208        0.22169870493794       -0.86131710286886E-01   -0.15168738565782        0.20000000000000        0.20099331922875E-01     1.0000000000000         3.0000000000000         1.0524464990257        0.20000000000000    
   0.18500000000000       -0.25814984298175        0.23917613354504       -0.57989964174148E-01   -0.20421062791388        0.20000000000000        0.20099331922875E-01     1.0000000000000         3.0000000000000         1.0524464990257        0.20000000000000    
   0.18600000000000       -0.24790064179834        0.23324266032047       -0.24169980145138E-01   -0.23674163306235        0.20000000000000        0.20099331922875E-01     1.0000000000000         3.0000000000000         1.0524464990257        0.20000000000000    
   0.18700000000000       -0.21338656100888        0.20447911740581        0.12017722426388E-01   -0.24609604464101        0.20000000000000        0.20099331922875E-01     1.0000000000000         3.0000000000000         1.0524464990257        0.20000000000000    
   0.18800000000000       -0.15798610003657        0.15570110236019        0.47030854007141E-01   -0.23135819476393        0.20000000000000        0.20099331922875E-01     1.0000000000000         3.0000000000000         1.0524464990257        0.20000000000000    
   0.18900000000000       -0.87122261844909E-01    0.91683367830122E-01    0.77442098889268E-01   -0.19397073600358        0.20000000000000        0.20099331922875E-01     1.0000000000000         3.0000000000000         1.0524464990257        0.20000000000000    
   0.19000000000000       -0.77317116034886E-02    0.18692435472248E-01    0.10027460473815       -0.13759342443349        0.20000000000000        0.20099331922875E-01     1.0000000000000         3.0000000000000         1.0524464990257        0.20000000000000    
   0.19100000000000        0.72414232445938E-01   -0.56126814865621E-01    0.11329337765056       -0.67744877132603E-01    0.20000000000000        0.20099331922875E-01     1.0000000000000         3.0000000000000         1.0524464990257        0.20000000000000    
   0.19200000000000        0.14547030977880       -0.12545053577941        0.11522405894263        0.87376285786066E-02    0.20000000000000        0.20099331922875E-01     1.0000000000000         3.0000000000000         1.0524464990257        0.20000000000000    
   0.19300000000000        0.20428526636002       -0.18249282153305        0.10587766827197        0.84367435553615E-01    0.20000000000000        0.20099331922875E-01     1.0000000000000         3.0000000000000         1.0524464990257        0.20000000000000    
   0.19400000000000        0.24310186922335       -0.22166995980042        0.86169102367985E-01    0.15174135305830        0.20000000000000        0.20099331922875E-01     1.0000000000000         3.0000000000000         1.0524464990257        0.20000000000000    
   0.19500000000000        0.25812046455249       -0.23914700433884        0.58027578584817E-01    0.20426433273486        0.20000000000000        0.20099331922875E-01     1.0000000000000         3.0000000000000         1.0524464990257        0.20000000000000    
   0.19600000000000        0.24787091427429       -0.23321316624994        0.24207789686800E-01    0.23679503795914        0.20000000000000        0.20099331922875E-01     1.0000000000000         3.0000000000000         1.0524464990257        0.20000000000000    
   0.19700000000000        0.21335650341742       -0.20444927791889       -0.11979744649392E-01    0.24614911376461        0.20000000000000        0.20099331922875E-01     1.0000000000000         3.0000000000000         1.0524464990257        0.20000000000000    
   0.19800000000000        0.15795573158243       -0.15567093709248       -0.46992734541659E-01    0.23141089376578        0.20000000000000        0.20099331922875E-01     1.0000000000000         3.0000000000000         1.0524464990257        0.20000000000000    
   0.19900000000000        0.87091601858366E-01   -0.91652896551318E-01   -0.77403863890520E-01    0.19402303203614        0.20000000000000        0.20099331922875E-01     1.0000000000000         3.0000000000000         1.0524464990257        0.20000000000000    
   0.20000000000000        0.77007794913612E-02   -0.18661678035365E-01   -0.10023627993091        0.13764528614691        0.20000000000000        0.20099331922875E-01     1.0000000000000         3.0000000000000         1.0524464990257        0.20000000000000    
   0.20100000000000       -0.72445417246985E-01    0.56157838572327E-01   -0.11325498829351        0.67796274667190E-01    0.20000000000000        0.20099331922875E-01     1.0000000000000         3.0000000000000         1.0524464990257        0.20000000000000    
   0.20200000000000       -0.14550172784645        0.12548180587844       -0.11518562979586       -0.86867236031191E-02    0.20000000000000        0.20099331922875E-01     1.0000000000000         3.0000000000000         1.0524464990257        0.20000000000000    
   0.20300000000000       -0.20431689832827        0.18252431820040       -0.10583922356799       -0.84317050052291E-01    0.20000000000000        0.20099331922875E-01     1.0000000000000         3.0000000000000         1.0524464990257        0.20000000000000    
   0.20400000000000       -0.24313369582119        0.22170166330641       -0.86130665785412E-01   -0.15169151249789        0.20000000000000        0.20099331922875E-01     1.0000000000000         3.0000000000000         1.0524464990257        0.20000000000000    
   0.20500000000000       -0.25815246664118        0.23917889508581       -0.57989173225265E-01   -0.20421506115351        0.20000000000000        0.20099331922875E-01     1.0000000000000         3.0000000000000         1.0524464990257        0.20000000000000    
   0.20600000000000       -0.24790307288152        0.23324522480788       -0.24169438054356E-01   -0.23674635798840        0.20000000000000        0.20099331922875E-01     1.0000000000000         3.0000000000000         1.0524464990257        0.20000000000000    
   0.20700000000000       -0.21338879976935        0.20448148505844        0.12018020665876E-01   -0.24610104665359        0.20000000000000        0.20099331922875E-01     1.0000000000000         3.0000000000000         1.0524464990257        0.20000000000000    
   0.20800000000000       -0.15798814713337        0.15570327381575        0.47030913683554E-01   -0.23136345940757        0.20000000000000        0.20099331922875E-01     1.0000000000000         3.0000000000000         1.0524464990257        0.20000000000000    
   0.20900000000000       -0.87124118318453E-01    0.91685344120103E-01    0.77441925542417E-01   -0.19397624899543        0.20000000000000        0.20099331922875E-01     1.0000000000000         3.0000000000000         1.0524464990257        0.20000000000000    
   0.21000000000000       -0.77333788517621E-02    0.18694217997212E-01    0.10027420413108       -0.13759917168933        0.20000000000000        0.20099331922875E-01     1.0000000000000         3.0000000000000         1.0524464990257        0.20000000000000    
   0.21100000000000        0.72412752691106E-01   -0.56125224360281E-01    0.11329275574184       -0.67750844789817E-01    0.20000000000000        0.20099331922875E-01     1.0000000000000         3.0000000000000         1.0524464990257        0.20000000000000    
   0.21200000000000        0.14546901547469       -0.12544913522764        0.11522322186040        0.87314541398789E-02    0.20000000000000        0.20099331922875E-01     1.0000000000000         3.0000000000000         1.0524464990257        0.20000000000000    
   0.21300000000000        0.20428415517586       -0.18249160857121        0.10587662228892        0.84361067692407E-01    0.20000000000000        0.20099331922875E-01     1.0000000000000         3.0000000000000         1.0524464990257        0.20000000000000    
   0.21400000000000        0.24310093856207       -0.22166893179064        0.86167853877668E-01    0.15173480485635        0.20000000000000        0.20099331922875E-01     1.0000000000000         3.0000000000000         1.0524464990257        0.20000000000000    
   0.21500000000000        0.25811971157253       -0.23914615839062        0.58026134079206E-01    0.20425761698249        0.20000000000000        0.20099331922875E-01     1.0000000000000         3.0000000000000         1.0524464990257        0.20000000000000    
   0.21600000000000        0.24787033591019       -0.23321249924228        0.24206155735083E-01    0.23678816714305        0.20000000000000        0.20099331922875E-01     1.0000000000000         3.0000000000000         1.0524464990257        0.20000000000000    
   0.21700000000000        0.21335609640009       -0.20444878652076       -0.11981561421058E-01    0.24614210005782        0.20000000000000        0.20099331922875E-01     1.0000000000000         3.0000000000000         1.0524464990257        0.20000000000000    
   0.21800000000000        0.15795549245859       -0.15567061778297       -0.46994727468661E-01    0.23140374901919        0.20000000000000        0.20099331922875E-01     1.0000000000000         3.0000000000000         1.0524464990257        0.20000000000000    
   0.21900000000000        0.87091527009502E-01   -0.91652745639506E-01   -0.77406026287519E-01    0.19401576777175        0.20000000000000        0.20099331922875E-01     1.0000000000000         3.0000000000000         1.0524464990257        0.20000000000000    
   0.22000000000000        0.77008651516417E-02   -0.18661691678370E-01   -0.10023860510847        0.13763791355261        0.20000000000000        0.20099331922875E-01     1.0000000000000         3.0000000000000         1.0524464990257        0.20000000000000    
   0.22100000000000       -0.72445174973550E-01    0.56157664351457E-01   -0.11325746957312        0.67788804593190E-01    0.20000000000000        0.20099331922875E-01     1.0000000000000         3.0000000000000         1.0524464990257        0.20000000000000    
   0.22200000000000       -0.14550133296937        0.12548147517336       -0.11518826052430       -0.86942806466240E-02    0.20000000000000        0.20099331922875E-01     1.0000000000000         3.0000000000000         1.0524464990257        0.20000000000000    
   0.22300000000000       -0.19814253388689        0.17805121204334       -0.10587862077777       -0.84327433027691E-01    0.20000000000000        0.20099331922875E-01     1.0000000000000         3.0000000000000         1.0524464990257        0.20000000000000    
   0.22400000000000       -0.94850057952863E-01    0.93512183718387E-01   -0.10340120825085       -0.15544293868340        0.20000000000000        0.20099331922875E-01     1.0000000000000         3.0000000000000         1.0524464990257        0.20000000000000    
   0.22500000000000       -0.22809935949810E-01    0.22740410436364E-01   -0.11164059490275       -0.22449426313769        0.20000000000000        0.20099331922875E-01     1.0000000000000         3.0000000000000         1.0524464990257        0.20000000000000    
   0.22600000000000        0.30774231207859E-01   -0.30769037186784E-01   -0.11855863999501       -0.28487628780540        0.20000000000000        0.20099331922875E-01     1.0000000000000         3.0000000000000         1.0524464990257        0.20000000000000    
   0.22700000000000        0.66466136405987E-01   -0.66429362261452E-01   -0.10604314381469       -0.27227601406314        0.20000000000000        0.20099331922875E-01     1.0000000000000         3.0000000000000         1.0524464990257        0.20000000000000    
   0.22800000000000        0.72328005475313E-01   -0.72319483320137E-01   -0.50609838175072E-01   -0.18791347343617        0.20000000000000        0.20099331922875E-01     1.0000000000000         3.0000000000000         1.0524464990257        0.20000000000000    
   0.22900000000000        0.52738606217763E-01   -0.52757894258124E-01    0.19819677549932E-01   -0.10824391367015        0.20000000000000        0.20099331922875E-01     1.0000000000000         3.0000000000000         1.0524464990257        0.20000000000000    
   0.23000000000000        0.19433822053823E-01   -0.19505369448771E-01    0.57870465344202E-01   -0.36255719125587E-01    0.20000000000000        0.20099331922875E-01     1.0000000000000         3.0000000000000         1.0524464990257        0.20000000000000    
   0.23100000000000        0.52536738366469E-02   -0.53101658397436E-02    0.26174711910489E-01   -0.25135589605511E-02    0.20000000000000        0.20099331922875E-01     1.0000000000000         3.0000000000000         1.0524464990257        0.20000000000000    
   0.23200000000000        0.20952061492435E-02   -0.21213814907618E-02    0.12365302441926E-01    0.62247118186145E-02    0.20000000000000        0.20099331922875E-01     1.0000000000000         3.0000000000000         1.0524464990257        0.20000000000000    
   0.23300000000000        0.12742440387611E-02   -0.12794779052220E-02    0.72792167862368E-02    0.73265369499930E-02    0.20000000000000        0.20099331922875E-01     1.0000000000000         3.0000000000000         1.0524464990257        0.20000000000000    
   0.23400000000000        0.74796134362885E-03   -0.74078399697061E-03    0.50727269876287E-02    0.65299782030009E-02    0.20000000000000        0.20099331922875E-01     1.0000000000000         3.0000000000000         1.0524464990257        0.20000000000000    
   0.23500000000000        0.22684058441700E-03   -0.21241154327646E-03    0.39224386207259E-02    0.54521271139687E-02    0.20000000000000        0.20099331922875E-01     1.0000000000000         3.0000000000000         1.0524464990257        0.20000000000000    
   0.23600000000000       -0.26375961649197E-03    0.28212044788709E-03    0.32453226928051E-02    0.45028243017257E-02    0.20000000000000        0.20099331922875E-01     1.0000000000000         3.0000000000000         1.0524464990257        0.20000000000000    
   0.23700000000000       -0.68625202803530E-03    0.70612756042727E-03    0.28161261371889E-02    0.37517397951521E-02    0.20000000000000        0.20099331922875E-01     1.0000000000000         3.0000000000000         1.0524464990257        0.20000000000000    
   0.23800000000000       -0.10283681814356E-02    0.10479222495176E-02    0.25289109787385E-02    0.31786352288348E-02    0.20000000000000        0.20099331922875E-01     1.0000000000000         3.0000000000000         1.0524464990257        0.20000000000000    
   0.23900000000000       -0.12944017839191E-02    0.13123130610625E-02    0.23274549687751E-02    0.27459182663772E-02    0.20000000000000        0.20099331922875E-01     1.0000000000000         3.0000000000000         1.0524464990257        0.20000000000000    
   0.24000000000000       -0.14951345914019E-02    0.15105789991001E-02    0.21802643965866E-02    0.24189897235770E-02    0.20000000000000        0.20099331922875E-01     1.0000000000000         3.0000000000000         1.0524464990257        0.20000000000000    
   0.24100000000000       -0.16422382352744E-02    0.16548495544074E-02    0.20692655210475E-02    0.21708142257739E-02    0.20000000000000        0.20099331922875E-01     1.0000000000000         3.0000000000000         1.0524464990257        0.20000000000000    
   0.24200000000000       -0.17459562860644E-02    0.17557580347664E-02    0.19838547688834E-02    0.19817397150502E-02    0.20000000000000        0.20099331922875E-01     1.0000000000000         3.0000000000000         1.0524464990257        0.20000000000000    
   0.24300000000000       -0.18145257025136E-02    0.18218443571802E-02    0.19175634507129E-02    0.18380524010910E-02    0.20000000000000        0.20099331922875E-01     1.0000000000000         3.0000000000000         1.0524464990257        0.20000000000000    
   0.24400000000000       -0.18543746164452E-02    0.18597441914281E-02    0.18661605607541E-02    0.17303913539220E-02    0.20000000000000        0.20099331922875E-01     1.0000000000000         3.0000000000000         1.0524464990257        0.20000000000000    
   0.24500000000000       -0.18705892895189E-02    0.18746546295631E-02    0.18265860757630E-02    0.16523664306396E-02    0.20000000000000        0.20099331922875E-01     1.0000000000000         3.0000000000000         1.0524464990257        0.20000000000000    
   0.24600000000000       -0.18674042869910E-02    0.18708290250552E-02    0.17963735473167E-02    0.15994582765468E-02    0.20000000000000        0.20099331922875E-01     1.0000000000000         3.0000000000000         1.0524464990257        0.20000000000000    
   0.24700000000000       -0.18486061353531E-02    0.18519908292531E-02    0.17733637554906E-02    0.15681921206231E-02    0.20000000000000        0.20099331922875E-01     1.0000000000000         3.0000000000000         1.0524464990257        0.20000000000000    
   0.24800000000000       -0.18178099094588E-02    0.18216254620460E-02    0.17555911953274E-02    0.15555528591976E-02    0.20000000000000        0.20099331922875E-01     1.0000000000000         3.0000000000000         1.0524464990257        0.20000000000000    
   0.24900000000000       -0.17786035797457E-02    0.17831441663313E-02    0.17412702806318E-02    0.15586056768897E-02    0.20000000000000        0.20099331922875E-01     1.0000000000000         3.0000000000000         1.0524464990257        0.20000000000000    
   0.25000000000000       -0.17345735618401E-02    0.17399318653129E-02    0.17288338786395E-02    0.15742886732227E-02    0.20000000000000        0.20099331922875E-01     1.0000000000000         3.0000000000000         1.0524464990257        0.20000000000000    
