                                                                        
    0.0000000000000         0.0000000000000        0.20000000000000        0.20000000000000         0.0000000000000         0.0000000000000         0.0000000000000         0.0000000000000         0.0000000000000         0.0000000000000         0.0000000000000    
   0.10000000000000E-02     0.0000000000000        0.20000000000000        0.20000000000000       -0.88766533178291E-01    0.81509027020249E-01   -0.34103098536755E-01   -0.33627937214935E-01    0.21224063822222E-01   -0.17000880909946E-01    0.54244156983865E-01
   0.20000000000000E-02     0.0000000000000        0.20000000000000        0.20000000000000       -0.14156335771756        0.13511726471024       -0.43750474555074E-02   -0.10274346077665        0.80421240852520E-01   -0.72807759315946E-01    0.65849214107533E-01
   0.30000000000000E-02     0.0000000000000        0.20000000000000        0.20000000000000       -0.17487565821004        0.17121291262851        0.52186059203406E-01   -0.17768356074448        0.16700122458902       -0.15753963874045        0.56760254496131E-01
   0.40000000000000E-02     0.0000000000000        0.20000000000000        0.20000000000000       -0.17878830111756        0.17949479943997        0.11881803955951       -0.23659666918694        0.25973190682299       -0.25044307201556        0.30661137760869E-01
   0.50000000000000E-02     0.0000000000000        0.20000000000000        0.20000000000000       -0.14564274827159        0.15164725516170        0.18119854590020       -0.26219351113992        0.33531874064233       -0.32839668343851       -0.91310788051847E-02
   0.60000000000000E-02     0.0000000000000        0.20000000000000        0.20000000000000       -0.73433481152022E-01    0.84818034657541E-01    0.22603435927007       -0.24263824767588        0.37256345322006       -0.37003532701820       -0.57537989705327E-01
   0.70000000000000E-02     0.0000000000000        0.20000000000000        0.20000000000000        0.33223993813277E-01   -0.17297555278406E-01    0.24215300204675       -0.17298440303425        0.35550344465440       -0.35889925422587       -0.10784103600050    
   0.80000000000000E-02     0.0000000000000        0.20000000000000        0.20000000000000        0.16336654484777       -0.14460222771381        0.22200260239890       -0.56072611487742E-01    0.27586814985255       -0.28594561517897       -0.15243341724401    
   0.90000000000000E-02     0.0000000000000        0.20000000000000        0.20000000000000        0.30090871728281       -0.28169614275413        0.16288381438576        0.97478281610409E-01    0.13464437296967       -0.15120782781603       -0.18381352855495    
   0.10000000000000E-01     0.0000000000000        0.20000000000000        0.20000000000000        0.42662193479676       -0.40974805268874        0.67631960850752E-01    0.27029496399801       -0.57499649663660E-01    0.35657672321563E-01   -0.19562315679232    
   0.11000000000000E-01     0.0000000000000        0.20000000000000        0.20000000000000        0.43186248542631       -0.42740748837320       -0.89491034506046E-01    0.40659362298017       -0.25982263179217        0.23906689194733       -0.12934310916036    
   0.12000000000000E-01     0.0000000000000        0.20000000000000        0.20000000000000        0.42356030259505       -0.42592293372613       -0.19739074966577        0.48028345436284       -0.42924818860005        0.41161154563383       -0.80388279939867E-01
   0.13000000000000E-01     0.0000000000000        0.20000000000000        0.20000000000000        0.37210147533342       -0.38105155373823       -0.27651428344516        0.49785180857680       -0.54627760318038        0.53348612022301       -0.28555179965791E-01
   0.14000000000000E-01     0.0000000000000        0.20000000000000        0.20000000000000        0.28110670259789       -0.29577232805202       -0.32560751992149        0.46220855212472       -0.60201542085661        0.59532112840877        0.24871787979710E-01
   0.15000000000000E-01     0.0000000000000        0.20000000000000        0.20000000000000        0.16018892462777       -0.17913718385556       -0.34174114028199        0.37876269510122       -0.59355132663801        0.59361021356223        0.75403293123621E-01
   0.16000000000000E-01     0.0000000000000        0.20000000000000        0.20000000000000        0.22014169779618E-01   -0.43392126652949E-01   -0.32399202705957        0.25663724949314       -0.52351783157723        0.53032509656024        0.11823923803194    
   0.17000000000000E-01     0.0000000000000        0.20000000000000        0.20000000000000       -0.11927405972548        0.97558319670300E-01   -0.27438369701549        0.10832076493023       -0.39994834304413        0.41283850847126        0.14921625721579    
   0.18000000000000E-01     0.0000000000000        0.20000000000000        0.20000000000000       -0.24943599797570        0.22950804354371       -0.19791863330507       -0.51347987194708E-01   -0.23569120417127        0.25340299167404        0.16531217884165    
   0.19000000000000E-01     0.0000000000000        0.20000000000000        0.20000000000000       -0.35546729427051        0.33927757408289       -0.10216663047157       -0.20654270638320       -0.47298250665077E-01    0.68098203987683E-01    0.16495495461395    
   0.20000000000000E-01     0.0000000000000        0.20000000000000        0.20000000000000       -0.42681990266861        0.41595314917909        0.34451137177491E-02   -0.34195208258876        0.14649407330805       -0.12464179292817        0.14817973899853    
   0.21000000000000E-01     0.0000000000000        0.20000000000000        0.20000000000000       -0.45640273340179        0.45192295194893        0.10854388988062       -0.44424763428393        0.32652934754157       -0.30576372786463        0.11663008632553    
   0.22000000000000E-01     0.0000000000000        0.20000000000000        0.20000000000000       -0.44125334820789        0.44359950640968        0.20282078474662       -0.50336941844970        0.47506477006118       -0.45741855909183        0.73397492425904E-01
   0.23000000000000E-01     0.0000000000000        0.20000000000000        0.20000000000000       -0.38281287109285        0.39175592241134        0.27703531580523       -0.51349975404015        0.57748287080152       -0.56468356750706        0.22718211637175E-01
   0.24000000000000E-01     0.0000000000000        0.20000000000000        0.20000000000000       -0.28677614382435        0.30144139495142        0.32391722113898       -0.47362577627812        0.62370646414927       -0.61700720611446       -0.30441457421983E-01
   0.25000000000000E-01     0.0000000000000        0.20000000000000        0.20000000000000       -0.16252835052811        0.18148097225536        0.33887578643771       -0.38763489560450        0.60917587067506       -0.60923273412242       -0.80872082729577E-01
   0.26000000000000E-01     0.0000000000000        0.20000000000000        0.20000000000000       -0.22222320932944E-01    0.43607752761222E-01    0.32044723611793       -0.26393258965360        0.53528969782422       -0.54209743789092       -0.12363176991954    
   0.27000000000000E-01     0.0000000000000        0.20000000000000        0.20000000000000        0.12041342736660       -0.98687964030507E-01    0.27043678010823       -0.11461867492062        0.40926415182753       -0.42215669138720       -0.15453014283876    
   0.28000000000000E-01     0.0000000000000        0.20000000000000        0.20000000000000        0.25142007517405       -0.23148074157768        0.19374114010337        0.45697651678487E-01    0.24342420706052       -0.26113981852926       -0.17053865788599    
   0.29000000000000E-01     0.0000000000000        0.20000000000000        0.20000000000000        0.35797591080305       -0.34177412231742        0.97868800584260E-01    0.20132823860829        0.53995486387571E-01   -0.74800287022837E-01   -0.17008705433751    
   0.30000000000000E-01     0.0000000000000        0.20000000000000        0.20000000000000        0.42965196947766       -0.41877336137777       -0.77950625772593E-02    0.33704206190577       -0.14048525190905        0.11862757784536       -0.15321687854207    
   0.31000000000000E-01     0.0000000000000        0.20000000000000        0.20000000000000        0.45943320387549       -0.45494240234506       -0.11290717499778        0.43955658051775       -0.32098547805744        0.30021434832585       -0.12157721006586    
   0.32000000000000E-01     0.0000000000000        0.20000000000000        0.20000000000000        0.44440532723383       -0.44674171820663       -0.20717846861693        0.49883833522751       -0.46984049913152        0.45218900785515       -0.78263047777330E-01
   0.33000000000000E-01     0.0000000000000        0.20000000000000        0.20000000000000        0.38604012624427       -0.39497482898723       -0.28138105117191        0.50908546667858       -0.57248298345834        0.55967888159302       -0.27512175824777E-01
   0.34000000000000E-01     0.0000000000000        0.20000000000000        0.20000000000000        0.29005137955757       -0.30470963991951       -0.32825132545848        0.46929594058403       -0.61886913278059        0.61216569780630        0.25709780880864E-01
   0.35000000000000E-01     0.0000000000000        0.20000000000000        0.20000000000000        0.16583552403854       -0.18478233426014       -0.34320088568293        0.38336583622703       -0.60446193876949        0.60451529003937        0.76195489564374E-01
   0.36000000000000E-01     0.0000000000000        0.20000000000000        0.20000000000000        0.25551833397137E-01   -0.46932397204449E-01   -0.32476560582871        0.25970808113776       -0.53067531988947        0.53748018890727        0.11900565788463    
   0.37000000000000E-01     0.0000000000000        0.20000000000000        0.20000000000000       -0.11706783610977        0.95346543114694E-01   -0.27474895806887        0.11042896197166       -0.40473568880426        0.41762593178811        0.14995250507592    
   0.38000000000000E-01     0.0000000000000        0.20000000000000        0.20000000000000       -0.24806321487457        0.22812756323730       -0.19804552328086       -0.49856963782163E-01   -0.23897452381761        0.25668832627059        0.16600964134937    
   0.39000000000000E-01     0.0000000000000        0.20000000000000        0.20000000000000       -0.35461212906971        0.33841368821413       -0.10216195393303       -0.20545752823273       -0.49621212695560E-01    0.70424603029796E-01    0.16560824776900    
   0.40000000000000E-01     0.0000000000000        0.20000000000000        0.20000000000000       -0.42628558877826        0.41541009010373        0.35177340784191E-02   -0.34113912142928        0.14478565409545       -0.12292907245418        0.14879057426904    
   0.41000000000000E-01     0.0000000000000        0.20000000000000        0.20000000000000       -0.45606860285543        0.45158071399947        0.10865063557196       -0.44361797824502        0.32521301905414       -0.30444273181093        0.11720573865220    
   0.42000000000000E-01     0.0000000000000        0.20000000000000        0.20000000000000       -0.44104680243828        0.44338590778720        0.20294730110802       -0.50286059076940        0.47399647812592       -0.45634563303853        0.73948244660131E-01
   0.43000000000000E-01     0.0000000000000        0.20000000000000        0.20000000000000       -0.38269166722585        0.39162885664542        0.27717886572233       -0.51306594193929        0.57656940942716       -0.56376579826269        0.23255029867816E-01
   0.44000000000000E-01     0.0000000000000        0.20000000000000        0.20000000000000       -0.28671643928640        0.30137691541544        0.32408038142070       -0.47323340632933        0.62288885193670       -0.61618578276646       -0.29909299890451E-01
   0.45000000000000E-01     0.0000000000000        0.20000000000000        0.20000000000000       -0.16251683231796        0.18146554297932        0.33906193104500       -0.38726072565531        0.60841856147209       -0.60847217670736       -0.80338449323720E-01
   0.46000000000000E-01     0.0000000000000        0.20000000000000        0.20000000000000       -0.22251285887826E-01    0.43633399129142E-01    0.32065791430963       -0.26356246947386        0.53457301891890       -0.54137806803535       -0.12309405623148    
   0.47000000000000E-01     0.0000000000000        0.20000000000000        0.20000000000000        0.12034920330462       -0.98626732468102E-01    0.27067052431206       -0.11424633235197        0.40857893196458       -0.42146928590134       -0.15398907484292    
   0.48000000000000E-01     0.0000000000000        0.20000000000000        0.20000000000000        0.25132517138982       -0.23138871583345        0.19399336635373        0.46072097514816E-01    0.24276779130823       -0.26048164816537       -0.16999760603072    
   0.49000000000000E-01     0.0000000000000        0.20000000000000        0.20000000000000        0.35785513081609       -0.34165624364114        0.98132480001929E-01    0.20170007350831        0.53368734469640E-01   -0.74172133699200E-01   -0.16955106058945    
   0.50000000000000E-01     0.0000000000000        0.20000000000000        0.20000000000000        0.42951061224895       -0.41863499180097       -0.75283546508623E-02    0.33740387302495       -0.14108011678247        0.11922356212765       -0.15269166823973    
   0.51000000000000E-01     0.0000000000000        0.20000000000000        0.20000000000000        0.45927695493361       -0.45478922256079       -0.11264611418891        0.43990004897943       -0.32154633354801        0.30077610107731       -0.12106830868863    
   0.52000000000000E-01     0.0000000000000        0.20000000000000        0.20000000000000        0.44423992589333       -0.44657941084682       -0.20693092775406        0.49915577114533       -0.47036623640521        0.45271546751941       -0.77775075252148E-01
   0.53000000000000E-01     0.0000000000000        0.20000000000000        0.20000000000000        0.38587095929184       -0.39480869217883       -0.28115327471540        0.50937096666472       -0.57297396143582        0.56017044345888       -0.27048375439674E-01
   0.54000000000000E-01     0.0000000000000        0.20000000000000        0.20000000000000        0.28988309690420       -0.30454422152724       -0.32804739524400        0.46954611790926       -0.61932728215927        0.61262432069951        0.26147780289173E-01
   0.55000000000000E-01     0.0000000000000        0.20000000000000        0.20000000000000        0.16567173306453       -0.18462114282182       -0.34302248348633        0.38358013577949       -0.60489061809707        0.60494435499702        0.76607706034645E-01
   0.56000000000000E-01     0.0000000000000        0.20000000000000        0.20000000000000        0.25394909274518E-01   -0.46777725389477E-01   -0.32461204776951        0.25988872708582       -0.53107900682705        0.53788419264664        0.11939361803708    
   0.57000000000000E-01     0.0000000000000        0.20000000000000        0.20000000000000       -0.11721681341906        0.95493672904371E-01   -0.27461745154471        0.11058061302365       -0.40511958140458        0.41801008944642        0.15031898156998    
   0.58000000000000E-01     0.0000000000000        0.20000000000000        0.20000000000000       -0.24820440578751        0.22826733959660       -0.19793158383314       -0.49727762821406E-01   -0.23934411394078        0.25705814548093        0.16635831436191    
   0.59000000000000E-01     0.0000000000000        0.20000000000000        0.20000000000000       -0.35474678031658        0.33854735592892       -0.10205991856590       -0.20534301071877       -0.49981877475830E-01    0.70785475442988E-01    0.16594333302504    
   0.60000000000000E-01     0.0000000000000        0.20000000000000        0.20000000000000       -0.42641580618854        0.41553972533648        0.36141565071297E-02   -0.34103099890226        0.14442900931029       -0.12257222859409        0.14911645465408    
   0.61000000000000E-01     0.0000000000000        0.20000000000000        0.20000000000000       -0.45619708028814        0.45170895786954        0.10874782825614       -0.44350810888403        0.32485624448330       -0.30408575602441        0.11752662895054    
   0.62000000000000E-01     0.0000000000000        0.20000000000000        0.20000000000000       -0.44117653482948        0.44351568546817        0.20305125768104       -0.50274156512671        0.47363637922326       -0.45598532286248        0.74267910017749E-01
   0.63000000000000E-01     0.0000000000000        0.20000000000000        0.20000000000000       -0.38282567256969        0.39176310605781        0.27729479156579       -0.51293155141279        0.57620386001863       -0.56340002283157        0.23576570669165E-01
   0.64000000000000E-01     0.0000000000000        0.20000000000000        0.20000000000000       -0.28685750978360        0.30151834506918        0.32421239509200       -0.47307897532624        0.62251682501404       -0.61581351382113       -0.29583591166291E-01
   0.65000000000000E-01     0.0000000000000        0.20000000000000        0.20000000000000       -0.16266732929651        0.18161643303657        0.33921287269740       -0.38708330221831        0.60804008687507       -0.60809344621750       -0.80007159957949E-01
   0.66000000000000E-01     0.0000000000000        0.20000000000000        0.20000000000000       -0.22412987484005E-01    0.43795454301253E-01    0.32082925925652       -0.26336088037337        0.53418908040668       -0.54099386494160       -0.12275665926871    
   0.67000000000000E-01     0.0000000000000        0.20000000000000        0.20000000000000        0.12017519792589       -0.98452474652517E-01    0.27086239313771       -0.11402111716408        0.40819131794590       -0.42108140628469       -0.15364587812532    
   0.68000000000000E-01     0.0000000000000        0.20000000000000        0.20000000000000        0.25113848206923       -0.23120192229691        0.19420461801864        0.46318853058024E-01    0.24237891411894       -0.26009251379233       -0.16964965535517    
   0.69000000000000E-01     0.0000000000000        0.20000000000000        0.20000000000000        0.35765608515888       -0.34145727303084        0.98360871290640E-01    0.20196498123320        0.52981432667834E-01   -0.73784593485571E-01   -0.16920000915150    
   0.70000000000000E-01     0.0000000000000        0.20000000000000        0.20000000000000        0.42930019028009       -0.41842483885410       -0.72859614849311E-02    0.33768253830317       -0.14146277985275        0.11960643441042       -0.15233962460665    
   0.71000000000000E-01     0.0000000000000        0.20000000000000        0.20000000000000        0.45905669856639       -0.45456942832773       -0.11239351380212        0.44018739482639       -0.32192126338833        0.30115120124796       -0.12071767491493    
   0.72000000000000E-01     0.0000000000000        0.20000000000000        0.20000000000000        0.44401182301325       -0.44635194838233       -0.20667232136529        0.49944636823121       -0.47073048374971        0.45307983808741       -0.77428385514273E-01
   0.73000000000000E-01     0.0000000000000        0.20000000000000        0.20000000000000        0.38563731235685       -0.39457583738735       -0.28089302241387        0.50965935001141       -0.57332487421385        0.56052142615928       -0.26708143969439E-01
   0.74000000000000E-01     0.0000000000000        0.20000000000000        0.20000000000000        0.28964638546093       -0.30430841834425       -0.32778978396878        0.46982707460697       -0.61966262812217        0.61295967952005        0.26479195008728E-01
   0.75000000000000E-01     0.0000000000000        0.20000000000000        0.20000000000000        0.16543447859356       -0.18438487093306       -0.34277152095739        0.38384895189662       -0.60520867536716        0.60526236694668        0.76928215731294E-01
   0.76000000000000E-01     0.0000000000000        0.20000000000000        0.20000000000000        0.25159549466396E-01   -0.46543377403116E-01   -0.32437128983698        0.26014138580829       -0.53137862158754        0.53818370548342        0.11970149453761    
   0.77000000000000E-01     0.0000000000000        0.20000000000000        0.20000000000000       -0.11744803533399        0.95723899372494E-01   -0.27438986765538        0.11081393972397       -0.40540019367323        0.41829054732206        0.15061292058403    
   0.78000000000000E-01     0.0000000000000        0.20000000000000        0.20000000000000       -0.24842953261481        0.22849153101424       -0.19771946274636       -0.49516009598308E-01   -0.23960575375741        0.25731958485629        0.16663747315131    
   0.79000000000000E-01     0.0000000000000        0.20000000000000        0.20000000000000       -0.35496421087043        0.33876395070088       -0.10186481417882       -0.20515410050717       -0.50225134922138E-01    0.71028494720648E-01    0.16620734320142    
   0.80000000000000E-01     0.0000000000000        0.20000000000000        0.20000000000000       -0.42662434257829        0.41574755940132        0.37914412756395E-02   -0.34086523868085        0.14420303607311       -0.12234652150144        0.14936541237794    
   0.81000000000000E-01     0.0000000000000        0.20000000000000        0.20000000000000       -0.45639595270981        0.45190728826142        0.10890722309820       -0.44336489466776        0.32464601852310       -0.30387581352034        0.11776106553613    
   0.82000000000000E-01     0.0000000000000        0.20000000000000        0.20000000000000       -0.44136540511559        0.44370419310140        0.20319337674428       -0.50261946871280        0.47344000666326       -0.45578924002589        0.74488746446336E-01
   0.83000000000000E-01     0.0000000000000        0.20000000000000        0.20000000000000       -0.38300461860658        0.39194187982329        0.27742086093837       -0.51282843449895        0.57601917962780       -0.56321562752659        0.23785059770325E-01
   0.84000000000000E-01     0.0000000000000        0.20000000000000        0.20000000000000       -0.28702699351811        0.30168784992644        0.32432416173108       -0.47299212303172        0.62234150105602       -0.61563846002387       -0.29385931059331E-01
   0.85000000000000E-01     0.0000000000000        0.20000000000000        0.20000000000000       -0.16282815145369        0.18177746517012        0.33931250065676       -0.38700956817487        0.60787170112291       -0.60792530645033       -0.79818616191201E-01
   0.86000000000000E-01     0.0000000000000        0.20000000000000        0.20000000000000       -0.22566232346478E-01    0.43949086630230E-01    0.32091921888122       -0.26329683608665        0.53402521978731       -0.54083021825942       -0.12257539747763    
   0.87000000000000E-01     0.0000000000000        0.20000000000000        0.20000000000000        0.12002822434727       -0.98304953348748E-01    0.27094534844472       -0.11396319906280        0.40802965485065       -0.42091991884337       -0.15347001323219    
   0.88000000000000E-01     0.0000000000000        0.20000000000000        0.20000000000000        0.25099631723724       -0.23105907146949        0.19428331690182        0.46374204504584E-01    0.24221727709901       -0.25993100971208       -0.16947731835670    
   0.89000000000000E-01     0.0000000000000        0.20000000000000        0.20000000000000        0.35751717562222       -0.34131756477152        0.98438042496414E-01    0.20202119494930        0.52817865847978E-01   -0.73621114342113E-01   -0.16902940760184    
   0.90000000000000E-01     0.0000000000000        0.20000000000000        0.20000000000000        0.42916295507221       -0.41828672006222       -0.72077014320337E-02    0.33774280211127       -0.14162996965033        0.11977358246774       -0.15216909520299    
   0.91000000000000E-01     0.0000000000000        0.20000000000000        0.20000000000000        0.45891958817078       -0.45443137846937       -0.11231174133935        0.44025456346216       -0.32209347225590        0.30132341319054       -0.12054572708731    
   0.92000000000000E-01     0.0000000000000        0.20000000000000        0.20000000000000        0.44387337212298       -0.44621253111358       -0.20658487266619        0.49952289129948       -0.47090878895707        0.45325818842063       -0.77253735406295E-01
   0.93000000000000E-01     0.0000000000000        0.20000000000000        0.20000000000000        0.38549618511055       -0.39443374476352       -0.28079804531606        0.50974722035786       -0.57351002459094        0.56070665950700       -0.26529738623935E-01
   0.94000000000000E-01     0.0000000000000        0.20000000000000        0.20000000000000        0.28950141227659       -0.30416250676203       -0.32768577480718        0.46992779677343       -0.61985504565627        0.61315221246657        0.26662163068515E-01
   0.95000000000000E-01     0.0000000000000        0.20000000000000        0.20000000000000        0.16528468415319       -0.18423418838012       -0.34265734666467        0.38396352961220       -0.60540846682608        0.60546229992903        0.77116303009845E-01
   0.96000000000000E-01     0.0000000000000        0.20000000000000        0.20000000000000        0.25004171785775E-01   -0.46387181957625E-01   -0.32424619612466        0.26027032691455       -0.53158559878334        0.53839084333969        0.11989500938928    
   0.97000000000000E-01     0.0000000000000        0.20000000000000        0.20000000000000       -0.11760953450140        0.95886129539849E-01   -0.27425347450773        0.11095727650235       -0.40561390083521        0.41850442695108        0.15081193338642    
   0.98000000000000E-01     0.0000000000000        0.20000000000000        0.20000000000000       -0.24859746549545        0.22866009559501       -0.19757174872837       -0.49358687010408E-01   -0.23982550042897        0.25753950839010        0.16684183272462    
   0.99000000000000E-01     0.0000000000000        0.20000000000000        0.20000000000000       -0.35513866874121        0.33893893240299       -0.10170609127145       -0.20498360012124       -0.50450032816995E-01    0.71253566638232E-01    0.16641669830756    
   0.10000000000000         0.0000000000000        0.20000000000000        0.20000000000000       -0.42680520726722        0.41592883539236        0.39605605071278E-02   -0.34068271459670        0.14397403377048       -0.12211735484229        0.14957923708593    
   0.10100000000000         0.0000000000000        0.20000000000000        0.20000000000000       -0.45658291349642        0.45209454688945        0.10908586416115       -0.44317178946996        0.32441407684539       -0.30364372337269        0.11797868727985    
   0.10200000000000         0.0000000000000        0.20000000000000        0.20000000000000       -0.44155797993591        0.44389695481795        0.20338044588582       -0.50241745268990        0.47320636881058       -0.45555547504095        0.74709375650807E-01
   0.10300000000000         0.0000000000000        0.20000000000000        0.20000000000000       -0.38320217845638        0.39213952122279        0.27761509011263       -0.51261934387492        0.57578512830204       -0.56298147496391        0.24007820003175E-01
   0.10400000000000         0.0000000000000        0.20000000000000        0.20000000000000       -0.28722878897156        0.30188962983987        0.32452415429857       -0.47277789915222        0.62210832212343       -0.61540520932922       -0.29161973324709E-01
   0.10500000000000         0.0000000000000        0.20000000000000        0.20000000000000       -0.16303334029672        0.18198255183410        0.33951677641456       -0.38679219933636        0.60764065037826       -0.60769421597226       -0.79594423020299E-01
   0.10600000000000         0.0000000000000        0.20000000000000        0.20000000000000       -0.22773907382276E-01    0.44156585006927E-01    0.32112625720251       -0.26307830339076        0.53379749339853       -0.54060248568283       -0.12235193278021    
   0.10700000000000         0.0000000000000        0.20000000000000        0.20000000000000        0.11981900814062       -0.98095974902326E-01    0.27115362853061       -0.11374542739990        0.40780636389258       -0.42069665574483       -0.15324821846112    
   0.10800000000000         0.0000000000000        0.20000000000000        0.20000000000000        0.25078651690500       -0.23084955587541        0.19449135436023        0.46589389546288E-01    0.24199942641775       -0.25971322047412       -0.16925809100529    
   0.10900000000000         0.0000000000000        0.20000000000000        0.20000000000000        0.35730773636559       -0.34110844281394        0.98644421648959E-01    0.20223210370482        0.52606337351826E-01   -0.73409679520024E-01   -0.16881358275452    
   0.11000000000000         0.0000000000000        0.20000000000000        0.20000000000000        0.42895478875984       -0.41807888931309       -0.70042999021246E-02    0.33794791071925       -0.14183442931162        0.11997791837223       -0.15195743029195    
   0.11100000000000         0.0000000000000        0.20000000000000        0.20000000000000        0.45871355456684       -0.45422568488560       -0.11211251761201        0.44045253694527       -0.32229025977871        0.30152004970797       -0.12033888989453    
   0.11200000000000         0.0000000000000        0.20000000000000        0.20000000000000        0.44367026303605       -0.44600975350566       -0.20639088992989        0.49971259999999       -0.47109744849271        0.45344667310192       -0.77052295255285E-01
   0.11300000000000         0.0000000000000        0.20000000000000        0.20000000000000        0.38529671156553       -0.39423458223298       -0.28061021673950        0.50992775003486       -0.57369024819001        0.56088668824302       -0.26334160630641E-01
   0.11400000000000         0.0000000000000        0.20000000000000        0.20000000000000        0.28930619472104       -0.30396756911835       -0.32750485513595        0.47009845280043       -0.62002667042767        0.61332362651955        0.26851520884234E-01
   0.11500000000000         0.0000000000000        0.20000000000000        0.20000000000000        0.16509424560883       -0.18404398944798       -0.34248392812254        0.38412383582694       -0.60557146922749        0.60562508009921        0.77299189995374E-01
   0.11600000000000         0.0000000000000        0.20000000000000        0.20000000000000        0.24818933801545E-01   -0.46202135633300E-01   -0.32408070825858        0.26042001974285       -0.53174008647937        0.53854510170434        0.12007128021181    
   0.11700000000000         0.0000000000000        0.20000000000000        0.20000000000000       -0.11778925329904        0.96065710684637E-01   -0.27409618752411        0.11109629501257       -0.40576010256312        0.41865039661920        0.15098154395284    
   0.11800000000000         0.0000000000000        0.20000000000000        0.20000000000000       -0.24877144849556        0.22883399939759       -0.19742277986725       -0.49230214443482E-01   -0.23996375431769        0.25767753172153        0.16700483440115    
   0.11900000000000         0.0000000000000        0.20000000000000        0.20000000000000       -0.35530679837942        0.33910704417185       -0.10156541372494       -0.20486537184295       -0.50580773566397E-01    0.71384082334705E-01    0.16657323074219    
   0.12000000000000         0.0000000000000        0.20000000000000        0.20000000000000       -0.42696746027802        0.41609113322651        0.40931066109533E-02   -0.34057427375470        0.14385028846139       -0.12199382538358        0.14972951996067    
   0.12100000000000         0.0000000000000        0.20000000000000        0.20000000000000       -0.45673935468742        0.45225109554738        0.10921055917698       -0.44307254350846        0.32429674022913       -0.30352659007148        0.11812301128019    
   0.12200000000000         0.0000000000000        0.20000000000000        0.20000000000000       -0.44170875478696        0.44404789843537        0.20349767693154       -0.50232669367826        0.47309479909493       -0.45544409318445        0.74848092927548E-01
   0.12300000000000         0.0000000000000        0.20000000000000        0.20000000000000       -0.38334750483160        0.39228507516028        0.27772533661857       -0.51253626915386        0.57567864242209       -0.56287515901278        0.24141334382034E-01
   0.12400000000000         0.0000000000000        0.20000000000000        0.20000000000000       -0.28736894822752        0.30203007193950        0.32462797320383       -0.47270163182912        0.62200620904501       -0.61530324624164       -0.29033216165552E-01
   0.12500000000000         0.0000000000000        0.20000000000000        0.20000000000000       -0.16316866802204        0.18211821331372        0.33961478735308       -0.38672180823237        0.60754218372147       -0.60759587783585       -0.79469945204515E-01
   0.12600000000000         0.0000000000000        0.20000000000000        0.20000000000000       -0.22904784011856E-01    0.44287841232859E-01    0.32121912798046       -0.26301282209769        0.53370194322194       -0.54050704149642       -0.12223123356113    
   0.12700000000000         0.0000000000000        0.20000000000000        0.20000000000000        0.11969216663838       -0.97968713572366E-01    0.27124206113367       -0.11368387218052        0.40771300751402       -0.42060338222596       -0.15313078308313    
   0.12800000000000         0.0000000000000        0.20000000000000        0.20000000000000        0.25066326809796       -0.23072585300953        0.19457607169480        0.46648003229739E-01    0.24190755817754       -0.25962141180228       -0.16914339898402    
   0.12900000000000         0.0000000000000        0.20000000000000        0.20000000000000        0.35718762003296       -0.34098784443744        0.98726155183267E-01    0.20228874618488        0.52515277267686E-01   -0.73318655962431E-01   -0.16870111549840    
   0.13000000000000         0.0000000000000        0.20000000000000        0.20000000000000        0.42883733506257       -0.41796093194446       -0.69248214706011E-02    0.33800352474380       -0.14192532803956        0.12006880298962       -0.15184667801043    
   0.13100000000000         0.0000000000000        0.20000000000000        0.20000000000000        0.45859829161361       -0.45410990297999       -0.11203457858679        0.44050802599468       -0.32238160439888        0.30161140166919       -0.12022935774957    
   0.13200000000000         0.0000000000000        0.20000000000000        0.20000000000000        0.44355672378144       -0.44589568624333       -0.20631379668524        0.49976881828941       -0.47118980146089        0.45353905360231       -0.76943508742502E-01
   0.13300000000000         0.0000000000000        0.20000000000000        0.20000000000000        0.38518443999967       -0.39412177961254       -0.28053330561555        0.50998549420145       -0.57378412301928        0.56098060928164       -0.26225670187621E-01
   0.13400000000000         0.0000000000000        0.20000000000000        0.20000000000000        0.28919475131528       -0.30385559732003       -0.32742749914939        0.47015845522219       -0.62012252857241        0.61341954782800        0.26960136028660E-01
   0.13500000000000         0.0000000000000        0.20000000000000        0.20000000000000        0.16498321201588       -0.18393243546580       -0.34240554253253        0.38418675949145       -0.60566971794196        0.60572340704438        0.77408318705289E-01
   0.13600000000000         0.0000000000000        0.20000000000000        0.20000000000000        0.24707916819872E-01   -0.46090611184385E-01   -0.32400075501822        0.26048645457839       -0.53184107757302        0.53864618408629        0.12018127701743    
   0.13700000000000         0.0000000000000        0.20000000000000        0.20000000000000       -0.11790061847969        0.96177565956164E-01   -0.27401417868436        0.11116675558106       -0.40586413198661        0.41875452829866        0.15109272729307    
   0.13800000000000         0.0000000000000        0.20000000000000        0.20000000000000       -0.24888349573376        0.22894651538966       -0.19733827999431       -0.49155290027545E-01   -0.24007106248465        0.25778495098056        0.16711748546542    
   0.13900000000000         0.0000000000000        0.20000000000000        0.20000000000000       -0.35541982866566        0.33922051842683       -0.10147804141022       -0.20478562186727       -0.50691546340251E-01    0.71494972899463E-01    0.16668759287859    
   0.14000000000000         0.0000000000000        0.20000000000000        0.20000000000000       -0.42708174042736        0.41620582963100        0.41836780683524E-02   -0.34048941187889        0.14373591820412       -0.12187933274704        0.14984579858619    
   0.14100000000000         0.0000000000000        0.20000000000000        0.20000000000000       -0.45685511658635        0.45236724357907        0.10930460183268       -0.44298235686801        0.32417869053569       -0.30340841546410        0.11824137424460    
   0.14200000000000         0.0000000000000        0.20000000000000        0.20000000000000       -0.44182619514490        0.44416569290444        0.20359540892048       -0.50223104024468        0.47297303645759       -0.45532220507048        0.74968671276326E-01
   0.14300000000000         0.0000000000000        0.20000000000000        0.20000000000000       -0.38346678538541        0.39240467639848        0.27782692345894       -0.51243507446512        0.57555317895726       -0.56274957137643        0.24264223469725E-01
   0.14400000000000         0.0000000000000        0.20000000000000        0.20000000000000       -0.28749019634712        0.30215160638369        0.32473352960243       -0.47259488521106        0.62187709939700       -0.61517401547228       -0.28907955266111E-01
   0.14500000000000         0.0000000000000        0.20000000000000        0.20000000000000       -0.16329197766150        0.18224177443086        0.33972437943305       -0.38660955860267        0.60740952175293       -0.60746309940352       -0.79342284037387E-01
   0.14600000000000         0.0000000000000        0.20000000000000        0.20000000000000       -0.23030216965769E-01    0.44413490745740E-01    0.32133277585342       -0.26289517346080        0.53356585855387       -0.54037084648064       -0.12210117441899    
   0.14700000000000         0.0000000000000        0.20000000000000        0.20000000000000        0.11956457923211       -0.97840944214729E-01    0.27135974175673       -0.11356097889341        0.40757366197266       -0.42046393375391       -0.15299835697357    
   0.14800000000000         0.0000000000000        0.20000000000000        0.20000000000000        0.25053352404359       -0.23059596095297        0.19469772194647        0.46775941330488E-01    0.24176514218972       -0.25947890143907       -0.16900866346971    
   0.14900000000000         0.0000000000000        0.20000000000000        0.20000000000000        0.35705574419543       -0.34085585357668        0.98851675100304E-01    0.20242148873532        0.52370006254899E-01   -0.73173300102126E-01   -0.16856415244493    
   0.15000000000000         0.0000000000000        0.20000000000000        0.20000000000000        0.42870337735721       -0.41782689094991       -0.67955653452420E-02    0.33814079581649       -0.14207321723026        0.12021676669251       -0.15170759127605    
