                                                                        
    0.0000000000000         0.0000000000000         0.0000000000000         0.0000000000000         0.0000000000000        0.50000000000000E-01     10.000000000000         0.0000000000000         0.0000000000000        0.20000000000000        0.20000000000000    
   0.10000000000000E-02    0.66058478567819E-01   -0.63026808486134E-01   -0.18095860400987E-01    0.81183309033912E-01    0.50000000000000E-01     10.000000000000         0.0000000000000         0.0000000000000        0.20000000000000        0.20000000000000    
   0.20000000000000E-02    0.57297426771013E-01   -0.58472677506114E-01   -0.55987959628309E-01    0.12617802776472        0.50000000000000E-01     10.000000000000         0.0000000000000         0.0000000000000        0.20000000000000        0.20000000000000    
   0.30000000000000E-02    0.17474991648157E-02   -0.75604315975379E-02   -0.10012373127446        0.12169904577650        0.50000000000000E-01     10.000000000000         0.0000000000000         0.0000000000000        0.20000000000000        0.20000000000000    
   0.40000000000000E-02   -0.88593040914435E-01    0.78580733404443E-01   -0.13842800092118        0.65732716976491E-01    0.50000000000000E-01     10.000000000000         0.0000000000000         0.0000000000000        0.20000000000000        0.20000000000000    
   0.50000000000000E-02   -0.19751364324688        0.18457431214000       -0.16069858377961       -0.34793438480512E-01    0.50000000000000E-01     10.000000000000         0.0000000000000         0.0000000000000        0.20000000000000        0.20000000000000    
   0.60000000000000E-02   -0.30540374539803        0.29148786050077       -0.15928708139136       -0.16534483100312        0.50000000000000E-01     10.000000000000         0.0000000000000         0.0000000000000        0.20000000000000        0.20000000000000    
   0.70000000000000E-02   -0.39148284768729        0.37896148092611       -0.12997585354085       -0.30563273332241        0.50000000000000E-01     10.000000000000         0.0000000000000         0.0000000000000        0.20000000000000        0.20000000000000    
   0.80000000000000E-02   -0.43659319925600        0.42792827112212       -0.72646962148105E-01   -0.43220675937368        0.50000000000000E-01     10.000000000000         0.0000000000000         0.0000000000000        0.20000000000000        0.20000000000000    
   0.90000000000000E-02   -0.42600670579900        0.42338976126920        0.84895406248176E-02   -0.52159041279306        0.50000000000000E-01     10.000000000000         0.0000000000000         0.0000000000000        0.20000000000000        0.20000000000000    
   0.10000000000000E-01   -0.35181058608111        0.35681713746320        0.10520700129099       -0.55358739729799        0.50000000000000E-01     10.000000000000         0.0000000000000         0.0000000000000        0.20000000000000        0.20000000000000    
   0.11000000000000E-01   -0.14846064899612        0.16479859675763        0.18801829621275       -0.43314624819651        0.50000000000000E-01     10.000000000000         0.0000000000000         0.0000000000000        0.20000000000000        0.20000000000000    
   0.12000000000000E-01    0.33637440609945E-01   -0.13610088309271E-01    0.24198078628153       -0.27247619557678        0.50000000000000E-01     10.000000000000         0.0000000000000         0.0000000000000        0.20000000000000        0.20000000000000    
   0.13000000000000E-01    0.20453819536130       -0.18278378976631        0.26718511740968       -0.89772600205944E-01    0.50000000000000E-01     10.000000000000         0.0000000000000         0.0000000000000        0.20000000000000        0.20000000000000    
   0.14000000000000E-01    0.35151540400215       -0.33015879002439        0.26378351433476        0.97832862100344E-01    0.50000000000000E-01     10.000000000000         0.0000000000000         0.0000000000000        0.20000000000000        0.20000000000000    
   0.15000000000000E-01    0.46198365537229       -0.44310961127134        0.23326588636360        0.27311581891371        0.50000000000000E-01     10.000000000000         0.0000000000000         0.0000000000000        0.20000000000000        0.20000000000000    
   0.16000000000000E-01    0.52605369774429       -0.51150626938847        0.17915136741861        0.41982452378914        0.50000000000000E-01     10.000000000000         0.0000000000000         0.0000000000000        0.20000000000000        0.20000000000000    
   0.17000000000000E-01    0.53797818911492       -0.52918024241506        0.10699945823081        0.52421456134728        0.50000000000000E-01     10.000000000000         0.0000000000000         0.0000000000000        0.20000000000000        0.20000000000000    
   0.18000000000000E-01    0.49690655173184       -0.49471957007168        0.24010859261009E-01    0.57646464300539        0.50000000000000E-01     10.000000000000         0.0000000000000         0.0000000000000        0.20000000000000        0.20000000000000    
   0.19000000000000E-01    0.40705730298939       -0.41169631279221       -0.61614942266798E-01    0.57171175395310        0.50000000000000E-01     10.000000000000         0.0000000000000         0.0000000000000        0.20000000000000        0.20000000000000    
   0.20000000000000E-01    0.27735199550095       -0.28836411102562       -0.14145303886808        0.51058049856195        0.50000000000000E-01     10.000000000000         0.0000000000000         0.0000000000000        0.20000000000000        0.20000000000000    
   0.21000000000000E-01    0.12056886218618       -0.13687742040037       -0.20766300123075        0.39915655551861        0.50000000000000E-01     10.000000000000         0.0000000000000         0.0000000000000        0.20000000000000        0.20000000000000    
   0.22000000000000E-01   -0.47891705852137E-01    0.27881856099607E-01   -0.25374846862548        0.24841258844571        0.50000000000000E-01     10.000000000000         0.0000000000000         0.0000000000000        0.20000000000000        0.20000000000000    
   0.23000000000000E-01   -0.21150452888606        0.18975094232087       -0.27518871200069        0.73147532071882E-01    0.50000000000000E-01     10.000000000000         0.0000000000000         0.0000000000000        0.20000000000000        0.20000000000000    
   0.24000000000000E-01   -0.35423085163349        0.33286190187162       -0.26987871204668       -0.10945376364066        0.50000000000000E-01     10.000000000000         0.0000000000000         0.0000000000000        0.20000000000000        0.20000000000000    
   0.25000000000000E-01   -0.46208426066745        0.44319081502549       -0.23833382705622       -0.28149757130267        0.50000000000000E-01     10.000000000000         0.0000000000000         0.0000000000000        0.20000000000000        0.20000000000000    
   0.26000000000000E-01   -0.52449715819930        0.50992790950824       -0.18363855830805       -0.42612964129970        0.50000000000000E-01     10.000000000000         0.0000000000000         0.0000000000000        0.20000000000000        0.20000000000000    
   0.27000000000000E-01   -0.53535349655671        0.52653399169819       -0.11114417309395       -0.52918299734206        0.50000000000000E-01     10.000000000000         0.0000000000000         0.0000000000000        0.20000000000000        0.20000000000000    
   0.28000000000000E-01   -0.49358634736566        0.49137943170676       -0.27944638935247E-01   -0.58056342284201        0.50000000000000E-01     10.000000000000         0.0000000000000         0.0000000000000        0.20000000000000        0.20000000000000    
   0.29000000000000E-01   -0.40328160080046        0.40790294212927        0.57817915755109E-01   -0.57523673795536        0.50000000000000E-01     10.000000000000         0.0000000000000         0.0000000000000        0.20000000000000        0.20000000000000    
   0.30000000000000E-01   -0.27327751121569        0.28427447390627        0.13775027723068       -0.51372105245732        0.50000000000000E-01     10.000000000000         0.0000000000000         0.0000000000000        0.20000000000000        0.20000000000000    
   0.31000000000000E-01   -0.11629920415261        0.13259514227984        0.20402976365352       -0.40203570139401        0.50000000000000E-01     10.000000000000         0.0000000000000         0.0000000000000        0.20000000000000        0.20000000000000    
   0.32000000000000E-01    0.52287188434954E-01   -0.32287554421676E-01    0.25016997530842       -0.25111179474790        0.50000000000000E-01     10.000000000000         0.0000000000000         0.0000000000000        0.20000000000000        0.20000000000000    
   0.33000000000000E-01    0.21597884506224       -0.19423328299459        0.27165573071817       -0.75722038672882E-01    0.50000000000000E-01     10.000000000000         0.0000000000000         0.0000000000000        0.20000000000000        0.20000000000000    
   0.34000000000000E-01    0.35875179265114       -0.33738892919952        0.26638504240970        0.10696544124364        0.50000000000000E-01     10.000000000000         0.0000000000000         0.0000000000000        0.20000000000000        0.20000000000000    
   0.35000000000000E-01    0.46662953957687       -0.44774050476366        0.23487487188124        0.27906772901441        0.50000000000000E-01     10.000000000000         0.0000000000000         0.0000000000000        0.20000000000000        0.20000000000000    
   0.36000000000000E-01    0.52905126430623       -0.51448500531360        0.18021052475914        0.42373769788106        0.50000000000000E-01     10.000000000000         0.0000000000000         0.0000000000000        0.20000000000000        0.20000000000000    
   0.37000000000000E-01    0.53990563785981       -0.53108793831261        0.10774364051469        0.52681318772076        0.50000000000000E-01     10.000000000000         0.0000000000000         0.0000000000000        0.20000000000000        0.20000000000000    
   0.38000000000000E-01    0.49812908642059       -0.49592300687543        0.24568339897843E-01    0.57820335096787        0.50000000000000E-01     10.000000000000         0.0000000000000         0.0000000000000        0.20000000000000        0.20000000000000    
   0.39000000000000E-01    0.40780993476848       -0.41243133554597       -0.61173191597522E-01    0.57287646408362        0.50000000000000E-01     10.000000000000         0.0000000000000         0.0000000000000        0.20000000000000        0.20000000000000    
   0.40000000000000E-01    0.27778823822557       -0.28878465388128       -0.14108771010171        0.51135251202779        0.50000000000000E-01     10.000000000000         0.0000000000000         0.0000000000000        0.20000000000000        0.20000000000000    
   0.41000000000000E-01    0.12079047578901       -0.13708540921459       -0.20735249331463        0.39965232890736        0.50000000000000E-01     10.000000000000         0.0000000000000         0.0000000000000        0.20000000000000        0.20000000000000    
   0.42000000000000E-01   -0.47816192194082E-01    0.27817891778860E-01   -0.25348107237422        0.24870827371879        0.50000000000000E-01     10.000000000000         0.0000000000000         0.0000000000000        0.20000000000000        0.20000000000000    
   0.43000000000000E-01   -0.21152815901664        0.18978414924136       -0.27495816079796        0.73294128610182E-01    0.50000000000000E-01     10.000000000000         0.0000000000000         0.0000000000000        0.20000000000000        0.20000000000000    
   0.44000000000000E-01   -0.35432085356973        0.33295966793261       -0.26968162953667       -0.10942103116613        0.50000000000000E-01     10.000000000000         0.0000000000000         0.0000000000000        0.20000000000000        0.20000000000000    
   0.45000000000000E-01   -0.46221733405937        0.44333002489964       -0.23816826482782       -0.28155343821941        0.50000000000000E-01     10.000000000000         0.0000000000000         0.0000000000000        0.20000000000000        0.20000000000000    
   0.46000000000000E-01   -0.52465644810416        0.51009189890687       -0.18350316809443       -0.42625519589262        0.50000000000000E-01     10.000000000000         0.0000000000000         0.0000000000000        0.20000000000000        0.20000000000000    
   0.47000000000000E-01   -0.53552663373874        0.52671057697603       -0.11103775120933       -0.52936344567149        0.50000000000000E-01     10.000000000000         0.0000000000000         0.0000000000000        0.20000000000000        0.20000000000000    
   0.48000000000000E-01   -0.49376416530127        0.49155962155279       -0.27865889652520E-01   -0.58078670705477        0.50000000000000E-01     10.000000000000         0.0000000000000         0.0000000000000        0.20000000000000        0.20000000000000    
   0.49000000000000E-01   -0.40345728339168        0.40808008289095        0.57870488487727E-01   -0.57549268519135        0.50000000000000E-01     10.000000000000         0.0000000000000         0.0000000000000        0.20000000000000        0.20000000000000    
   0.50000000000000E-01   -0.27344601563889        0.28444367154225        0.13787081109054       -0.51400085268998        0.50000000000000E-01     10.000000000000         0.0000000000000         0.0000000000000        0.20000000000000        0.20000000000000    
   0.51000000000000E-01   -0.11659094577707        0.13286908760385        0.19808936400727       -0.40340172750037        0.50000000000000E-01     10.000000000000         0.0000000000000         0.0000000000000        0.20000000000000        0.20000000000000    
   0.52000000000000E-01    0.50630910390935E-01   -0.30642885823870E-01    0.23678623344188       -0.25602003696628        0.50000000000000E-01     10.000000000000         0.0000000000000         0.0000000000000        0.20000000000000        0.20000000000000    
   0.53000000000000E-01    0.21216897769156       -0.19042779858126        0.25292993179683       -0.85002072741831E-01    0.50000000000000E-01     10.000000000000         0.0000000000000         0.0000000000000        0.20000000000000        0.20000000000000    
   0.54000000000000E-01    0.35269103937617       -0.33132959462689        0.24532918252081        0.94003173191748E-01    0.50000000000000E-01     10.000000000000         0.0000000000000         0.0000000000000        0.20000000000000        0.20000000000000    
   0.55000000000000E-01    0.45882169510695       -0.43993349940640        0.21463068972291        0.26404431396946        0.50000000000000E-01     10.000000000000         0.0000000000000         0.0000000000000        0.20000000000000        0.20000000000000    
   0.56000000000000E-01    0.52039795802698       -0.50583245043161        0.16367184027729        0.40870074871120        0.50000000000000E-01     10.000000000000         0.0000000000000         0.0000000000000        0.20000000000000        0.20000000000000    
   0.57000000000000E-01    0.53149991679250       -0.52268278197828        0.97284618216785E-01    0.51385488899102        0.50000000000000E-01     10.000000000000         0.0000000000000         0.0000000000000        0.20000000000000        0.20000000000000    
   0.58000000000000E-01    0.49107575474134       -0.48886999560589        0.21834054398615E-01    0.56917260431043        0.50000000000000E-01     10.000000000000         0.0000000000000         0.0000000000000        0.20000000000000        0.20000000000000    
   0.59000000000000E-01    0.40307815207964       -0.40769970055063       -0.55406142540133E-01    0.56916608601110        0.50000000000000E-01     10.000000000000         0.0000000000000         0.0000000000000        0.20000000000000        0.20000000000000    
   0.60000000000000E-01    0.27609789692682       -0.28709441645593       -0.12696850071283        0.51375585659674        0.50000000000000E-01     10.000000000000         0.0000000000000         0.0000000000000        0.20000000000000        0.20000000000000    
   0.61000000000000E-01    0.12253446928035       -0.13882959128897       -0.18592549937374        0.40828975785147        0.50000000000000E-01     10.000000000000         0.0000000000000         0.0000000000000        0.20000000000000        0.20000000000000    
   0.62000000000000E-01   -0.42611645757223E-01    0.22612965658280E-01   -0.22657009454508        0.26302394341310        0.50000000000000E-01     10.000000000000         0.0000000000000         0.0000000000000        0.20000000000000        0.20000000000000    
   0.63000000000000E-01   -0.20320433682821        0.18145967854452       -0.24497646411130        0.92120177199244E-01    0.50000000000000E-01     10.000000000000         0.0000000000000         0.0000000000000        0.20000000000000        0.20000000000000    
   0.64000000000000E-01   -0.34355009896621        0.32218795205812       -0.23938611057215       -0.87740669743181E-01    0.50000000000000E-01     10.000000000000         0.0000000000000         0.0000000000000        0.20000000000000        0.20000000000000    
   0.65000000000000E-01   -0.44993384133497        0.43104525354164       -0.21038155357444       -0.25899234339711        0.50000000000000E-01     10.000000000000         0.0000000000000         0.0000000000000        0.20000000000000        0.20000000000000    
   0.66000000000000E-01   -0.51196149450946        0.49739538718341       -0.16083063804782       -0.40490381056311        0.50000000000000E-01     10.000000000000         0.0000000000000         0.0000000000000        0.20000000000000        0.20000000000000    
   0.67000000000000E-01   -0.52357775066263        0.51475993503845       -0.95606937508893E-01   -0.51121811604384        0.50000000000000E-01     10.000000000000         0.0000000000000         0.0000000000000        0.20000000000000        0.20000000000000    
   0.68000000000000E-01   -0.48365918081972        0.48145279047337       -0.21113647602219E-01   -0.56754897946398        0.50000000000000E-01     10.000000000000         0.0000000000000         0.0000000000000        0.20000000000000        0.20000000000000    
   0.69000000000000E-01   -0.39612460045261        0.40074560202180        0.55342401880007E-01   -0.56839838783191        0.50000000000000E-01     10.000000000000         0.0000000000000         0.0000000000000        0.20000000000000        0.20000000000000    
   0.70000000000000E-01   -0.26955184451514        0.28054789743187        0.12626531933369       -0.51369556726021        0.50000000000000E-01     10.000000000000         0.0000000000000         0.0000000000000        0.20000000000000        0.20000000000000    
   0.71000000000000E-01   -0.11633844836951        0.13263318315442        0.18470334191542       -0.40880458124463        0.50000000000000E-01     10.000000000000         0.0000000000000         0.0000000000000        0.20000000000000        0.20000000000000    
   0.72000000000000E-01    0.48511612746066E-01   -0.28513231859859E-01    0.22492885788170       -0.26399982313728        0.50000000000000E-01     10.000000000000         0.0000000000000         0.0000000000000        0.20000000000000        0.20000000000000    
   0.73000000000000E-01    0.20885636345365       -0.18711190522452        0.24299868073029       -0.93460758486812E-01    0.50000000000000E-01     10.000000000000         0.0000000000000         0.0000000000000        0.20000000000000        0.20000000000000    
   0.74000000000000E-01    0.34899570335555       -0.32763364901592        0.23713971888170        0.86115668040084E-01    0.50000000000000E-01     10.000000000000         0.0000000000000         0.0000000000000        0.20000000000000        0.20000000000000    
   0.75000000000000E-01    0.45520806435571       -0.43631945703940        0.20792227791191        0.25714912181657        0.50000000000000E-01     10.000000000000         0.0000000000000         0.0000000000000        0.20000000000000        0.20000000000000    
   0.76000000000000E-01    0.51709342703289       -0.50252718595559        0.15820402194913        0.40289649677880        0.50000000000000E-01     10.000000000000         0.0000000000000         0.0000000000000        0.20000000000000        0.20000000000000    
   0.77000000000000E-01    0.52859122789116       -0.51977316335254        0.92850071737269E-01    0.50909062794041        0.50000000000000E-01     10.000000000000         0.0000000000000         0.0000000000000        0.20000000000000        0.20000000000000    
   0.78000000000000E-01    0.48857351355010       -0.48636675882554        0.18256631393789E-01    0.56533668141564        0.50000000000000E-01     10.000000000000         0.0000000000000         0.0000000000000        0.20000000000000        0.20000000000000    
   0.79000000000000E-01    0.40095527613027       -0.40557579814600       -0.58275231069511E-01    0.56612952690192        0.50000000000000E-01     10.000000000000         0.0000000000000         0.0000000000000        0.20000000000000        0.20000000000000    
   0.80000000000000E-01    0.27431116619249       -0.28530662538540       -0.12925435549520        0.51139249951219        0.50000000000000E-01     10.000000000000         0.0000000000000         0.0000000000000        0.20000000000000        0.20000000000000    
   0.81000000000000E-01    0.12103609922472       -0.13733012792851       -0.18773285074260        0.40648480850408        0.50000000000000E-01     10.000000000000         0.0000000000000         0.0000000000000        0.20000000000000        0.20000000000000    
   0.82000000000000E-01   -0.43868081053399E-01    0.23870515975997E-01   -0.22798626208671        0.26167686376368        0.50000000000000E-01     10.000000000000         0.0000000000000         0.0000000000000        0.20000000000000        0.20000000000000    
   0.83000000000000E-01   -0.20426111477187        0.18251757868233       -0.24607396809394        0.91144875468002E-01    0.50000000000000E-01     10.000000000000         0.0000000000000         0.0000000000000        0.20000000000000        0.20000000000000    
   0.84000000000000E-01   -0.34444426691765        0.32308323695293       -0.24022495371399       -0.88416860218441E-01    0.50000000000000E-01     10.000000000000         0.0000000000000         0.0000000000000        0.20000000000000        0.20000000000000    
   0.85000000000000E-01   -0.45069704308592        0.43180955765606       -0.21101119932215       -0.25943015255032        0.50000000000000E-01     10.000000000000         0.0000000000000         0.0000000000000        0.20000000000000        0.20000000000000    
   0.86000000000000E-01   -0.51262025674170        0.49805522977580       -0.16129171474135       -0.40515362057563        0.50000000000000E-01     10.000000000000         0.0000000000000         0.0000000000000        0.20000000000000        0.20000000000000    
   0.87000000000000E-01   -0.52415398021399        0.51533721622493       -0.95932697858728E-01   -0.51132147753241        0.50000000000000E-01     10.000000000000         0.0000000000000         0.0000000000000        0.20000000000000        0.20000000000000    
   0.88000000000000E-01   -0.48417073611037        0.48196536214846       -0.21331211703528E-01   -0.56753998096020        0.50000000000000E-01     10.000000000000         0.0000000000000         0.0000000000000        0.20000000000000        0.20000000000000    
   0.89000000000000E-01   -0.39658586411971        0.40120784050986        0.55210993362047E-01   -0.56830485536440        0.50000000000000E-01     10.000000000000         0.0000000000000         0.0000000000000        0.20000000000000        0.20000000000000    
   0.90000000000000E-01   -0.26997426027679        0.28097124054037        0.12620221700987       -0.51354009593591        0.50000000000000E-01     10.000000000000         0.0000000000000         0.0000000000000        0.20000000000000        0.20000000000000    
   0.91000000000000E-01   -0.11673100536100        0.13302661466322        0.18469414184831       -0.40860541223008        0.50000000000000E-01     10.000000000000         0.0000000000000         0.0000000000000        0.20000000000000        0.20000000000000    
   0.92000000000000E-01    0.48141953679108E-01   -0.28142755837322E-01    0.22496197768776       -0.26377158380402        0.50000000000000E-01     10.000000000000         0.0000000000000         0.0000000000000        0.20000000000000        0.20000000000000    
   0.93000000000000E-01    0.20850430092399       -0.18675908740130        0.24306483956512       -0.93215084184084E-01    0.50000000000000E-01     10.000000000000         0.0000000000000         0.0000000000000        0.20000000000000        0.20000000000000    
   0.94000000000000E-01    0.34865728035171       -0.32729453586258        0.23723150554762        0.86369613185995E-01    0.50000000000000E-01     10.000000000000         0.0000000000000         0.0000000000000        0.20000000000000        0.20000000000000    
   0.95000000000000E-01    0.45488040176764       -0.43599117232772        0.20803379344524        0.25740420949549        0.50000000000000E-01     10.000000000000         0.0000000000000         0.0000000000000        0.20000000000000        0.20000000000000    
   0.96000000000000E-01    0.51677450019043       -0.50220770731274        0.15833058494794        0.40314727092856        0.50000000000000E-01     10.000000000000         0.0000000000000         0.0000000000000        0.20000000000000        0.20000000000000    
   0.97000000000000E-01    0.52827968059524       -0.51946113630872        0.92987976373233E-01    0.50933300143387        0.50000000000000E-01     10.000000000000         0.0000000000000         0.0000000000000        0.20000000000000        0.20000000000000    
   0.98000000000000E-01    0.48826850443054       -0.48606134319045        0.18402949527173E-01    0.56556768320942        0.50000000000000E-01     10.000000000000         0.0000000000000         0.0000000000000        0.20000000000000        0.20000000000000    
   0.99000000000000E-01    0.40065635264017       -0.40527654202518       -0.58122810971397E-01    0.56634709142056        0.50000000000000E-01     10.000000000000         0.0000000000000         0.0000000000000        0.20000000000000        0.20000000000000    
   0.10000000000000        0.27401816206767       -0.28501336266595       -0.12909765882834        0.51159529138202        0.50000000000000E-01     10.000000000000         0.0000000000000         0.0000000000000        0.20000000000000        0.20000000000000    
   0.10100000000000        0.12074905174715       -0.13704289557009       -0.18757332186024        0.40667207688343        0.50000000000000E-01     10.000000000000         0.0000000000000         0.0000000000000        0.20000000000000        0.20000000000000    
   0.10200000000000       -0.44148997171051E-01    0.24151544026083E-01   -0.22782504843467        0.26184832146416        0.50000000000000E-01     10.000000000000         0.0000000000000         0.0000000000000        0.20000000000000        0.20000000000000    
   0.10300000000000       -0.20453563962482        0.18279214369657       -0.24591198710278        0.91300598851088E-01    0.50000000000000E-01     10.000000000000         0.0000000000000         0.0000000000000        0.20000000000000        0.20000000000000    
   0.10400000000000       -0.34471209612472        0.32335103610690       -0.24006294556669       -0.88276513928859E-01    0.50000000000000E-01     10.000000000000         0.0000000000000         0.0000000000000        0.20000000000000        0.20000000000000    
   0.10500000000000       -0.45095785899003        0.43207027519665       -0.21084976820722       -0.25930461335290        0.50000000000000E-01     10.000000000000         0.0000000000000         0.0000000000000        0.20000000000000        0.20000000000000    
   0.10600000000000       -0.51287375180235        0.49830856038055       -0.16113136076973       -0.40504216153471        0.50000000000000E-01     10.000000000000         0.0000000000000         0.0000000000000        0.20000000000000        0.20000000000000    
   0.10700000000000       -0.52439987403310        0.51558288199553       -0.95773841458226E-01   -0.51122326036255        0.50000000000000E-01     10.000000000000         0.0000000000000         0.0000000000000        0.20000000000000        0.20000000000000    
   0.10800000000000       -0.48440878730915        0.48220312445479       -0.21174211993937E-01   -0.56745409302049        0.50000000000000E-01     10.000000000000         0.0000000000000         0.0000000000000        0.20000000000000        0.20000000000000    
   0.10900000000000       -0.39681587808547        0.40143750770530        0.55365824970488E-01   -0.56823033946864        0.50000000000000E-01     10.000000000000         0.0000000000000         0.0000000000000        0.20000000000000        0.20000000000000    
   0.11000000000000       -0.27019609363366        0.28119267240180        0.12635460697080       -0.51347597416354        0.50000000000000E-01     10.000000000000         0.0000000000000         0.0000000000000        0.20000000000000        0.20000000000000    
   0.11100000000000       -0.11694456787457        0.13323972426524        0.18484384754759       -0.40855070473944        0.50000000000000E-01     10.000000000000         0.0000000000000         0.0000000000000        0.20000000000000        0.20000000000000    
   0.11200000000000        0.47936699175684E-01   -0.27938002225063E-01    0.22510878274342       -0.26372532349194        0.50000000000000E-01     10.000000000000         0.0000000000000         0.0000000000000        0.20000000000000        0.20000000000000    
   0.11300000000000        0.20830734009787       -0.18656267190966        0.24320855080303       -0.93176327906674E-01    0.50000000000000E-01     10.000000000000         0.0000000000000         0.0000000000000        0.20000000000000        0.20000000000000    
   0.11400000000000        0.34846855003475       -0.32710639171402        0.23737195120779        0.86401776229882E-01    0.50000000000000E-01     10.000000000000         0.0000000000000         0.0000000000000        0.20000000000000        0.20000000000000    
   0.11500000000000        0.45469979339527       -0.43581118729981        0.20817082226215        0.25743065170852        0.50000000000000E-01     10.000000000000         0.0000000000000         0.0000000000000        0.20000000000000        0.20000000000000    
   0.11600000000000        0.51660186375318       -0.50203572771393        0.15846406582296        0.40316882215813        0.50000000000000E-01     10.000000000000         0.0000000000000         0.0000000000000        0.20000000000000        0.20000000000000    
   0.11700000000000        0.52811482889540       -0.51929697125668        0.93117798418570E-01    0.50935044635294        0.50000000000000E-01     10.000000000000         0.0000000000000         0.0000000000000        0.20000000000000        0.20000000000000    
   0.11800000000000        0.48811121747806       -0.48590476902854        0.18529022312074E-01    0.56558175993168        0.50000000000000E-01     10.000000000000         0.0000000000000         0.0000000000000        0.20000000000000        0.20000000000000    
   0.11900000000000        0.40050638205951       -0.40512730674929       -0.58000557101056E-01    0.56635849109476        0.50000000000000E-01     10.000000000000         0.0000000000000         0.0000000000000        0.20000000000000        0.20000000000000    
   0.12000000000000        0.27387523541717       -0.28487119026047       -0.12897927245108        0.51160465855307        0.50000000000000E-01     10.000000000000         0.0000000000000         0.0000000000000        0.20000000000000        0.20000000000000    
   0.12100000000000        0.12061287667587       -0.13690749018150       -0.18745883026918        0.40668001044232        0.50000000000000E-01     10.000000000000         0.0000000000000         0.0000000000000        0.20000000000000        0.20000000000000    
   0.12200000000000       -0.44278728981013E-01    0.24280494132704E-01   -0.22771445756114        0.26185537604004        0.50000000000000E-01     10.000000000000         0.0000000000000         0.0000000000000        0.20000000000000        0.20000000000000    
   0.12300000000000       -0.20465924876941        0.18291496243503       -0.24580528160294        0.91307286523716E-01    0.50000000000000E-01     10.000000000000         0.0000000000000         0.0000000000000        0.20000000000000        0.20000000000000    
   0.12400000000000       -0.34482991206469        0.32346805614540       -0.23996008908471       -0.88269721695677E-01    0.50000000000000E-01     10.000000000000         0.0000000000000         0.0000000000000        0.20000000000000        0.20000000000000    
   0.12500000000000       -0.45107021692767        0.43218183482398       -0.21075070382025       -0.25929728363842        0.50000000000000E-01     10.000000000000         0.0000000000000         0.0000000000000        0.20000000000000        0.20000000000000    
   0.12600000000000       -0.51298098985205        0.49841500066774       -0.16103601160948       -0.40503389781366        0.50000000000000E-01     10.000000000000         0.0000000000000         0.0000000000000        0.20000000000000        0.20000000000000    
   0.12700000000000       -0.52450233068373        0.51568454425071       -0.95682111500381E-01   -0.51121370033573        0.50000000000000E-01     10.000000000000         0.0000000000000         0.0000000000000        0.20000000000000        0.20000000000000    
   0.12800000000000       -0.48450679917196        0.48230034796468       -0.21085987001092E-01   -0.56744290646397        0.50000000000000E-01     10.000000000000         0.0000000000000         0.0000000000000        0.20000000000000        0.20000000000000    
   0.12900000000000       -0.39690977791579        0.40153062775173        0.55450676369584E-01   -0.56821722613348        0.50000000000000E-01     10.000000000000         0.0000000000000         0.0000000000000        0.20000000000000        0.20000000000000    
   0.13000000000000       -0.27028620861315        0.28128201853983        0.12643623208371       -0.51346066175003        0.50000000000000E-01     10.000000000000         0.0000000000000         0.0000000000000        0.20000000000000        0.20000000000000    
   0.13100000000000       -0.11703121813874        0.13332561884820        0.18492240832291       -0.40853294696271        0.50000000000000E-01     10.000000000000         0.0000000000000         0.0000000000000        0.20000000000000        0.20000000000000    
   0.13200000000000        0.47853201781707E-01   -0.27855245292299E-01    0.22518445439631       -0.26370489825118        0.50000000000000E-01     10.000000000000         0.0000000000000         0.0000000000000        0.20000000000000        0.20000000000000    
   0.13300000000000        0.20822669305271       -0.18648274820457        0.24328152038166       -0.93153035565596E-01    0.50000000000000E-01     10.000000000000         0.0000000000000         0.0000000000000        0.20000000000000        0.20000000000000    
   0.13400000000000        0.34839046098088       -0.32702900713679        0.23744241611964        0.86428114447899E-01    0.50000000000000E-01     10.000000000000         0.0000000000000         0.0000000000000        0.20000000000000        0.20000000000000    
   0.13500000000000        0.45462398080280       -0.43573605873656        0.20823898877713        0.25746019520893        0.50000000000000E-01     10.000000000000         0.0000000000000         0.0000000000000        0.20000000000000        0.20000000000000    
   0.13600000000000        0.51652805742534       -0.50196258354011        0.15853014757004        0.40320171234908        0.50000000000000E-01     10.000000000000         0.0000000000000         0.0000000000000        0.20000000000000        0.20000000000000    
   0.13700000000000        0.52804277033121       -0.51922555169807        0.93182014891319E-01    0.50938680790758        0.50000000000000E-01     10.000000000000         0.0000000000000         0.0000000000000        0.20000000000000        0.20000000000000    
   0.13800000000000        0.48804066010865       -0.48583482639447        0.18591597396493E-01    0.56562170194305        0.50000000000000E-01     10.000000000000         0.0000000000000         0.0000000000000        0.20000000000000        0.20000000000000    
   0.13900000000000        0.40043709137243       -0.40505860555329       -0.57939396564723E-01    0.56640210812875        0.50000000000000E-01     10.000000000000         0.0000000000000         0.0000000000000        0.20000000000000        0.20000000000000    
   0.14000000000000        0.27380698898266       -0.28480350724309       -0.12891929806103        0.51165203160589        0.50000000000000E-01     10.000000000000         0.0000000000000         0.0000000000000        0.20000000000000        0.20000000000000    
   0.14100000000000        0.12054546408874       -0.13684061424738       -0.18739981340058        0.40673120780876        0.50000000000000E-01     10.000000000000         0.0000000000000         0.0000000000000        0.20000000000000        0.20000000000000    
   0.14200000000000       -0.44345506233082E-01    0.24346762051121E-01   -0.22765617064304        0.26191045409949        0.50000000000000E-01     10.000000000000         0.0000000000000         0.0000000000000        0.20000000000000        0.20000000000000    
   0.14300000000000       -0.20472557749881        0.18298080957590       -0.24574749932599        0.91366290450918E-01    0.50000000000000E-01     10.000000000000         0.0000000000000         0.0000000000000        0.20000000000000        0.20000000000000    
   0.14400000000000       -0.34489596762928        0.32353365816814       -0.23990258953597       -0.88206757287910E-01    0.50000000000000E-01     10.000000000000         0.0000000000000         0.0000000000000        0.20000000000000        0.20000000000000    
   0.14500000000000       -0.45113616351867        0.43224735610275       -0.21069326953931       -0.25923033411822        0.50000000000000E-01     10.000000000000         0.0000000000000         0.0000000000000        0.20000000000000        0.20000000000000    
   0.14600000000000       -0.51304698081602        0.49848059461979       -0.16097843056531       -0.40496294800438        0.50000000000000E-01     10.000000000000         0.0000000000000         0.0000000000000        0.20000000000000        0.20000000000000    
   0.14700000000000       -0.52456850887250        0.51575035369192       -0.95624177984600E-01   -0.51113874403832        0.50000000000000E-01     10.000000000000         0.0000000000000         0.0000000000000        0.20000000000000        0.20000000000000    
   0.14800000000000       -0.48457329731199        0.48236650548534       -0.21027502438146E-01   -0.56736394602270        0.50000000000000E-01     10.000000000000         0.0000000000000         0.0000000000000        0.20000000000000        0.20000000000000    
   0.14900000000000       -0.39697671899284        0.40159725610744        0.55509902695906E-01   -0.56813427203856        0.50000000000000E-01     10.000000000000         0.0000000000000         0.0000000000000        0.20000000000000        0.20000000000000    
   0.15000000000000       -0.27035370626642        0.28134923105215        0.12649638238729       -0.51337373227264        0.50000000000000E-01     10.000000000000         0.0000000000000         0.0000000000000        0.20000000000000        0.20000000000000    
