                                                                        
    0.0000000000000         0.0000000000000         0.0000000000000    
   0.10000000000000E-02    0.54594330839960E-01   -0.47006706780279E-01
   0.20000000000000E-02    0.66770862408505E-01   -0.20971107102478E-01
   0.30000000000000E-02    0.57776902229736E-01    0.62950137037780E-01
   0.40000000000000E-02    0.31174839976392E-01    0.18477775414706    
   0.50000000000000E-02   -0.96309258003102E-02    0.31908241547766    
   0.60000000000000E-02   -0.59345037642569E-01    0.43764076009144    
   0.70000000000000E-02   -0.11096466556220        0.51315168770385    
   0.80000000000000E-02   -0.15658833096814        0.52313081672589    
   0.90000000000000E-02   -0.18845107846084        0.45338273987738    
   0.10000000000000E-01   -0.20000316089109        0.30054790770335    
   0.11000000000000E-01   -0.13229103047671        0.26331780626363E-01
   0.12000000000000E-01   -0.80899996286516E-01   -0.22873316193180    
   0.13000000000000E-01   -0.26492834610312E-01   -0.44942066282477    
   0.14000000000000E-01    0.29244373029057E-01   -0.61870771556569    
   0.15000000000000E-01    0.81549382611722E-01   -0.72274395449605    
   0.16000000000000E-01    0.12544272605931       -0.75310697225763    
   0.17000000000000E-01    0.15666369598407       -0.70798361758806    
   0.18000000000000E-01    0.17216978526655       -0.59255298859681    
   0.19000000000000E-01    0.17045038550792       -0.41861389247373    
   0.20000000000000E-01    0.15167837621280       -0.20351946906149    
   0.21000000000000E-01    0.11769450630898        0.31462082791189E-01
   0.22000000000000E-01    0.71827880128816E-01    0.26319029284394    
   0.23000000000000E-01    0.18570486550161E-01    0.46889194207565    
   0.24000000000000E-01   -0.36862260286523E-01    0.62837349731003    
   0.25000000000000E-01   -0.89041896551191E-01    0.72598683050130    
   0.26000000000000E-01   -0.13285820543875        0.75215379244134    
   0.27000000000000E-01   -0.16401940334258        0.70429908913183    
   0.28000000000000E-01   -0.17947223736845        0.58709928597492    
   0.29000000000000E-01   -0.17770086158683        0.41202300587318    
   0.30000000000000E-01   -0.15887522939749        0.19620696481041    
   0.31000000000000E-01   -0.12483447238289       -0.39222371973524E-01
   0.32000000000000E-01   -0.78906890322020E-01   -0.27121738104627    
   0.33000000000000E-01   -0.25584171661584E-01   -0.47706573296494    
   0.34000000000000E-01    0.29918266731458E-01   -0.63661389513380    
   0.35000000000000E-01    0.82171783929593E-01   -0.73424007720217    
   0.36000000000000E-01    0.12606589189757       -0.76038352211415    
   0.37000000000000E-01    0.15730849025146       -0.71248046402861    
   0.38000000000000E-01    0.17284599238974       -0.59521514743139    
   0.39000000000000E-01    0.17116221811866       -0.42006134409863    
   0.40000000000000E-01    0.15242679505568       -0.20415925279201    
   0.41000000000000E-01    0.11847854221558        0.31362277893556E-01
   0.42000000000000E-01    0.72645462272988E-01    0.26345396867689    
   0.43000000000000E-01    0.19418962875832E-01    0.46940231748812    
   0.44000000000000E-01   -0.35985803541068E-01    0.62905294173972    
   0.45000000000000E-01   -0.88140444475386E-01    0.72678341805471    
   0.46000000000000E-01   -0.13193470488659        0.75303250369157    
   0.47000000000000E-01   -0.16307670263382        0.70523604850562    
   0.48000000000000E-01   -0.17851305532371        0.58807798364634    
   0.49000000000000E-01   -0.17672777365625        0.41303181831755    
   0.50000000000000E-01   -0.15789066353378        0.19723752598296    
   0.51000000000000E-01   -0.21849522776918       -0.56886694001940E-01
   0.52000000000000E-01   -0.22146301490113       -0.32341383698170    
   0.53000000000000E-01   -0.19132531655958       -0.56356738553006    
   0.54000000000000E-01   -0.13861138782467       -0.75002065543451    
   0.55000000000000E-01   -0.70934101156459E-01   -0.86333311965064    
   0.56000000000000E-01    0.42402526261119E-02   -0.89206081508595    
   0.57000000000000E-01    0.79231929327867E-01   -0.83331592009321    
   0.58000000000000E-01    0.14655864746969       -0.69286474759070    
   0.59000000000000E-01    0.19955636002694       -0.48449918348081    
   0.60000000000000E-01    0.23299271985448       -0.22866362253874    
   0.61000000000000E-01    0.24356468729113        0.49554439177673E-01
   0.62000000000000E-01    0.23021582049092        0.32288268289745    
   0.63000000000000E-01    0.19423683973418        0.56453392175905    
   0.64000000000000E-01    0.13913772250034        0.75082773178014    
   0.65000000000000E-01    0.70303141297088E-01    0.86350769336699    
   0.66000000000000E-01   -0.55353090496162E-02    0.89152765077439    
   0.67000000000000E-01   -0.80958554652172E-01    0.83213223513329    
   0.68000000000000E-01   -0.14858666483043        0.69112591739692    
   0.69000000000000E-01   -0.20180155938719        0.48230426181678    
   0.70000000000000E-01   -0.23539507776848        0.22610304769452    
   0.71000000000000E-01   -0.24607898664224       -0.52402517364705E-01
   0.72000000000000E-01   -0.23280701307818       -0.32595265328299    
   0.73000000000000E-01   -0.19687738829873       -0.56777164522380    
   0.74000000000000E-01   -0.14180587040468       -0.75418904843728    
   0.75000000000000E-01   -0.72981680321021E-01   -0.86695688720248    
   0.76000000000000E-01    0.28599657987327E-02   -0.89503603170355    
   0.77000000000000E-01    0.78297092418559E-01   -0.83567689600065    
   0.78000000000000E-01    0.14594743563450       -0.69468867594067    
   0.79000000000000E-01    0.19919103531307       -0.48587077629275    
   0.80000000000000E-01    0.23281821438880       -0.22966208637566    
   0.81000000000000E-01    0.24353951529163        0.48859674757924E-01
   0.82000000000000E-01    0.23030767632734        0.32243270331887    
   0.83000000000000E-01    0.19442012987361        0.56427965661865    
   0.84000000000000E-01    0.13939198847367        0.75072878243575    
   0.85000000000000E-01    0.70611951284225E-01    0.86353105633756    
   0.86000000000000E-01   -0.51851872904402E-02    0.89164650847145    
   0.87000000000000E-01   -0.80577792605556E-01    0.83232488095594    
   0.88000000000000E-01   -0.14818387623833        0.69137483298863    
   0.89000000000000E-01   -0.20138370058194        0.48259534150958    
   0.90000000000000E-01   -0.23496776818626        0.22642495549293    
   0.91000000000000E-01   -0.24564676628570       -0.52058876048987E-01
   0.92000000000000E-01   -0.23237354971331       -0.32559456288734    
   0.93000000000000E-01   -0.19644564436978       -0.56740493053163    
   0.94000000000000E-01   -0.14137823757378       -0.75381835853319    
   0.95000000000000E-01   -0.72560087948822E-01   -0.86658592498923    
   0.96000000000000E-01    0.32739631632220E-02   -0.89466773910385    
   0.97000000000000E-01    0.78702244459210E-01   -0.83531360321385    
   0.98000000000000E-01    0.14634273931554       -0.69433222161841    
   0.99000000000000E-01    0.19957568890417       -0.48552260423129    
   0.10000000000000        0.23319158033296       -0.22932332327149    
   0.10100000000000        0.24390109019679        0.49188156806280E-01
   0.10200000000000        0.23065706669520        0.32275023658737    
   0.10300000000000        0.19475703245073        0.56458573741105    
   0.10400000000000        0.13971617432586        0.75102303867803    
   0.10500000000000        0.70923252871603E-01    0.86381322155483    
   0.10600000000000       -0.48868866196511E-02    0.89191640089351    
   0.10700000000000       -0.80292567171007E-01    0.83258238674231    
   0.10800000000000       -0.14791176500978        0.69161989276174    
   0.10900000000000       -0.20112471289094        0.48282793954495    
   0.11000000000000       -0.23472188841153        0.22664511104152    
   0.11100000000000       -0.24541395770819       -0.51851115726170E-01
   0.11200000000000       -0.23215375769939       -0.32539912811128    
   0.11300000000000       -0.19623879900948       -0.56722173369484    
   0.11400000000000       -0.14118425587676       -0.75364729770497    
   0.11500000000000       -0.72378875680636E-01   -0.86642688681148    
   0.11600000000000        0.34425099374075E-02   -0.89452060111834    
   0.11700000000000        0.78858238070940E-01   -0.83517823573302    
   0.11800000000000        0.14648629938489       -0.69420848923102    
   0.11900000000000        0.19970694139255       -0.48541036701406    
   0.12000000000000        0.23331065672861       -0.22922243776694    
   0.12100000000000        0.24400812680988        0.49277836801075E-01
   0.12200000000000        0.23075220404396        0.32282885938241    
   0.12300000000000        0.19484041472345        0.56465345290587    
   0.12400000000000        0.13978794890675        0.75107999794104    
   0.12500000000000        0.70983569920238E-01    0.86385957648017    
   0.12600000000000       -0.48378745434449E-02    0.89195230392014    
   0.12700000000000       -0.80254705443329E-01    0.83260799062260    
   0.12800000000000       -0.14788489724551        0.69163535037039    
   0.12900000000000       -0.20110868121794        0.48283340371981    
   0.13000000000000       -0.23471653371968        0.22664073445007    
   0.13100000000000       -0.24541911987649       -0.51865180699560E-01
   0.13200000000000       -0.23216927580382       -0.32542272946124    
   0.13300000000000       -0.19626451151364       -0.56725471987758    
   0.13400000000000       -0.14122000080725       -0.75368951770979    
   0.13500000000000       -0.72424490788704E-01   -0.86647819022349    
   0.13600000000000        0.33871870268437E-02   -0.89458083817375    
   0.13700000000000        0.78793369721248E-01   -0.83524725736848    
   0.13800000000000        0.14641204782006       -0.69428614712773    
   0.13900000000000        0.19962346857904       -0.48549651363874    
   0.14000000000000        0.23321812426580       -0.22931692640769    
   0.14100000000000        0.24390669582839        0.49175152000504E-01
   0.14200000000000        0.23064203511156        0.32271812339180    
   0.14300000000000        0.19472166775772        0.56453480977952    
   0.14400000000000        0.13966078309404        0.75095359079091    
   0.14500000000000        0.70848143640920E-01    0.86372554745085    
   0.14600000000000       -0.49814037845250E-02    0.89181079416523    
   0.14700000000000       -0.80406181081174E-01    0.83245914028301    
   0.14800000000000       -0.14804416371416        0.69147929855347    
   0.14900000000000       -0.20127558400525        0.48267028848018    
   0.15000000000000       -0.23489091941793        0.22647069277154    
   0.15100000000000       -0.24560083622877       -0.52042012921053E-01
   0.15200000000000       -0.23235817174678       -0.32560621743356    
   0.15300000000000       -0.19646043721661       -0.56744472992698    
   0.15400000000000       -0.14142280770793       -0.75388591729490    
   0.15500000000000       -0.72634031626044E-01   -0.86668084794813    
   0.15600000000000        0.31710581831175E-02   -0.89478962379866    
   0.15700000000000        0.78570797443674E-01   -0.83546204182255    
   0.15800000000000        0.14618317529915       -0.69450680251806    
   0.15900000000000        0.19938843760144       -0.48572291325963    
   0.16000000000000        0.23297707519477       -0.22954894474939    
   0.16100000000000        0.24365976758640        0.48937639244358E-01
   0.16200000000000        0.23038936516526        0.32247523931723    
   0.16300000000000        0.19446339210427        0.56428667626611    
   0.16400000000000        0.13939703624984        0.75070032849645    
   0.16500000000000        0.70579058631719E-01    0.86346727580668    
   0.16600000000000       -0.52556954320637E-02    0.89154763137219    
   0.16700000000000       -0.80685549345854E-01    0.83219120330807    
   0.16800000000000       -0.14832848008573        0.69120670312711    
   0.16900000000000       -0.20156472148847        0.48239314909406    
   0.17000000000000       -0.23518475253498        0.22618912267726    
   0.17100000000000       -0.24589924102121       -0.52327901713240E-01
   0.17200000000000       -0.23266102577566       -0.32589631415478    
   0.17300000000000       -0.19676761956214       -0.56773892505004    
   0.17400000000000       -0.14173419896793       -0.75418410253339    
   0.17500000000000       -0.72949513913238E-01   -0.86698291625545    
   0.17600000000000        0.28516012440481E-02   -0.89509546936648    
   0.17700000000000        0.78247480720295E-01   -0.83577156007879    
   0.17800000000000        0.14585611215603       -0.69481989012441    
   0.17900000000000        0.19905773990572       -0.48603946810880    
   0.18000000000000        0.23264285332207       -0.22986886596193    
   0.18100000000000        0.24332213042788        0.48614451323726E-01
   0.18200000000000        0.23004842013445        0.32214888312343    
   0.18300000000000        0.19411924514516        0.56395724901815    
   0.18400000000000        0.13904979184509        0.75036792620191    
   0.18500000000000        0.70228819811147E-01    0.86313199326664    
   0.18600000000000       -0.56088270821429E-02    0.89120956218649    
   0.18700000000000       -0.81041473673220E-01    0.83185043988065    
   0.18800000000000       -0.14868709836252        0.69086333667184    
   0.18900000000000       -0.20192593640091        0.48204726964070    
   0.19000000000000       -0.23554846817311        0.22584081907762    
   0.19100000000000       -0.24626536286794       -0.52678541778799E-01
   0.19200000000000       -0.23302946069602       -0.32624920417076    
   0.19300000000000       -0.19713827579199       -0.56809397965882    
   0.19400000000000       -0.14210698610273       -0.75454123752842    
   0.19500000000000       -0.73324342896353E-01   -0.86734204857388    
   0.19600000000000        0.24748181330140E-02   -0.89545651708187    
   0.19700000000000        0.77868829877338E-01   -0.83613444239349    
   0.19800000000000        0.14547567866484       -0.69518452736205    
   0.19900000000000        0.19867560754964       -0.48640578170636    
   0.20000000000000        0.23225910459652       -0.23023677846173    
   0.20100000000000        0.24293724464310        0.48245989056822E-01
   0.20200000000000        0.22966166863997        0.32177895465349    
   0.20300000000000        0.19373096006956        0.56358567082883    
   0.20400000000000        0.13866027202529        0.74999423467773    
   0.20500000000000        0.69838132912099E-01    0.86275705964898    
   0.20600000000000       -0.60006570935922E-02    0.89083348982110    
   0.20700000000000       -0.81433971964448E-01    0.83147361510249    
   0.20800000000000       -0.14908088014761        0.69048596272513    
   0.20900000000000       -0.20232078559614        0.48166917470086    
   0.21000000000000       -0.23594428003306        0.22546189868841    
   0.21100000000000       -0.24666213054757       -0.53058526139548E-01
   0.21200000000000       -0.23342700661065       -0.32663012209917    
   0.21300000000000       -0.19753652183268       -0.56847586098581    
   0.21400000000000       -0.14250485861158       -0.75492582675999    
   0.21500000000000       -0.73723242152507E-01   -0.86772652632322    
   0.21600000000000        0.20753048556030E-02   -0.89584112854493    
   0.21700000000000        0.77470753221345E-01   -0.83652029448862    
   0.21800000000000        0.14507603225954       -0.69556936116440    
   0.21900000000000        0.19827526075819       -0.48679030787015    
   0.22000000000000        0.23185835377180       -0.23062131633261    
   0.22100000000000        0.24253590000374        0.47860465223857E-01
   0.22200000000000        0.22926053029331        0.32139311646221    
   0.22300000000000        0.19332987181808        0.56319971356536    
   0.22400000000000        0.13825923842710        0.74960825681524    
   0.22500000000000        0.69437183943580E-01    0.86237111445944    
   0.22600000000000       -0.64014713595208E-02    0.89044762757331    
   0.22700000000000       -0.81834604983948E-01    0.83108786827429    
   0.22800000000000       -0.14948127888759        0.69010038853424    
   0.22900000000000       -0.20272090197495        0.48128382147237    
   0.23000000000000       -0.23634406601384        0.22507681406961    
   0.23100000000000       -0.24706153875454       -0.53443295448019E-01
   0.23200000000000       -0.23382599072617       -0.32701452896582    
   0.23300000000000       -0.19793503629706       -0.56885985979670    
   0.23400000000000       -0.14290288312436       -0.75530933542843    
   0.23500000000000       -0.74120695050108E-01   -0.86810956199426    
   0.23600000000000        0.16784582962590E-02   -0.89622364133125    
   0.23700000000000        0.77074510452981E-01   -0.83690220992451    
   0.23800000000000        0.14468050573191       -0.69595069493468    
   0.23900000000000        0.19788047322811       -0.48717100196500    
   0.24000000000000        0.23146434037936       -0.23100132246505    
   0.24100000000000        0.24214269875932        0.47481190908396E-01
   0.24200000000000        0.22886818025013        0.32101461649380    
   0.24300000000000        0.19293841075470        0.56282202843422    
   0.24400000000000        0.13786870606169        0.74923143001064    
   0.24500000000000        0.69047609375355E-01    0.86199517333226    
   0.24600000000000       -0.67900485202811E-02    0.89007260587317    
   0.24700000000000       -0.82222151270812E-01    0.83071378600028    
   0.24800000000000       -0.14986775436373        0.68972728992264    
   0.24900000000000       -0.20310627277854        0.48091174308438    
   0.25000000000000       -0.23672829847818        0.22470579162501    
   0.25100000000000       -0.24744459997040       -0.53813227605009E-01
   0.25200000000000       -0.23420784893305       -0.32738333588613    
   0.25300000000000       -0.19831566051199       -0.56922750847284    
   0.25400000000000       -0.14328226729226       -0.75567575688119    
   0.25500000000000       -0.74498772551515E-01   -0.86847478573723    
   0.25600000000000        0.13017079062033E-02   -0.89658763053545    
   0.25700000000000        0.76699071540539E-01   -0.83726490412830    
   0.25800000000000        0.14430647451395       -0.69631212099034    
   0.25900000000000        0.19750785889084       -0.48753111523798    
   0.26000000000000        0.23109316425053       -0.23136008773508    
   0.26100000000000        0.24177298521130        0.47123804952711E-01
   0.26200000000000        0.22849995433488        0.32065863923038    
   0.26300000000000        0.19257169683212        0.56246748755097    
   0.26400000000000        0.13750353012264        0.74887835682868    
   0.26500000000000        0.68683987984147E-01    0.86164358202182    
   0.26600000000000       -0.71520889721412E-02    0.88972251798707    
   0.26700000000000       -0.82582590580024E-01    0.83036521010691    
   0.26800000000000       -0.15022656476401        0.68938025736270    
   0.26900000000000       -0.20346343313165        0.48056627858870    
   0.27000000000000       -0.23708378756370        0.22436191913583    
   0.27100000000000       -0.24779839715926       -0.54155485098313E-01
   0.27200000000000       -0.23455993450299       -0.32772395537688    
   0.27300000000000       -0.19866601537308       -0.56956646838048    
   0.27400000000000       -0.14363089639510       -0.75601300054049    
   0.27500000000000       -0.74845621995361E-01   -0.86881035215147    
   0.27600000000000        0.95664743761057E-03   -0.89692149410248    
   0.27700000000000        0.76355774476663E-01   -0.83759701634214    
   0.27800000000000        0.14396502393502       -0.69664251765375    
   0.27900000000000        0.19716825358051       -0.48785976279324    
   0.28000000000000        0.23075541490181       -0.23168696163805    
   0.28100000000000        0.24143710560295        0.46798725574770E-01
   0.28200000000000        0.22816595901989        0.32033537347958    
   0.28300000000000        0.19223959982932        0.56214605299995    
   0.28400000000000        0.13717334692446        0.74855877504619    
   0.28500000000000        0.68355725655603E-01    0.86132585709732    
   0.28600000000000       -0.74784141466009E-02    0.88940666193605    
   0.28700000000000       -0.82906968520001E-01    0.83005122269398    
   0.28800000000000       -0.15054897689306        0.68906815973419    
   0.28900000000000       -0.20378386797945        0.48025608625718    
   0.29000000000000       -0.23740223334276        0.22405364687587    
   0.29100000000000       -0.24811484250594       -0.54461823344995E-01
   0.29200000000000       -0.23487436880128       -0.32802834559378    
   0.29300000000000       -0.19897842850758       -0.56986889782180    
   0.29400000000000       -0.14394130144229       -0.75631342227218    
   0.29500000000000       -0.75153974897176E-01   -0.86910881212388    
   0.29600000000000        0.65034768769050E-03   -0.89721797539920    
   0.29700000000000        0.76051495137187E-01   -0.83789147986583    
   0.29800000000000        0.14366283775240       -0.69693500570557    
   0.29900000000000        0.19686815165409       -0.48815025040915    
   0.30000000000000        0.23045739998489       -0.23197543249484    
   0.30100000000000        0.24114118354668        0.46512284341800E-01
   0.30200000000000        0.22787213651596        0.32005097310431    
   0.30300000000000        0.19194788316172        0.56186370332470    
   0.30400000000000        0.13688374368103        0.74827849022599    
   0.30500000000000        0.68068235917698E-01    0.86104763351511    
   0.30600000000000       -0.77637816774813E-02    0.88913050437919    
   0.30700000000000       -0.83190211374984E-01    0.82977712438311    
   0.30800000000000       -0.15083008326568        0.68879613393284    
   0.30900000000000       -0.20406283362869        0.47998614149876    
   0.31000000000000       -0.23767905351165        0.22378579098882    
   0.31100000000000       -0.24838951272413       -0.54727583269920E-01
   0.31200000000000       -0.23514688521758       -0.32829200234606    
   0.31300000000000       -0.19924878766658       -0.57013044533308    
   0.31400000000000       -0.14420952227833       -0.75657282118185    
   0.31500000000000       -0.75420020906031E-01   -0.86936611325153    
   0.31600000000000        0.38647142596614E-03   -0.89747316841697    
   0.31700000000000        0.75789750872680E-01   -0.83814453297729    
   0.31800000000000        0.14340329014068       -0.69718596572411    
   0.31900000000000        0.19661078624373       -0.48839909892411    
   0.32000000000000        0.23020221370948       -0.23222215939384    
   0.32100000000000        0.24088817642637        0.46267685899541E-01
   0.32200000000000        0.22762130945667        0.31980850844925    
   0.32300000000000        0.19169923676054        0.56162337651092    
   0.32400000000000        0.13663727966082        0.74804030989686    
   0.32500000000000        0.67823949347126E-01    0.86081159027364    
   0.32600000000000       -0.80058876974949E-02    0.88889659765653    
   0.32700000000000       -0.83430140016184E-01    0.82954534268082    
   0.32800000000000       -0.15106782759531        0.68856648450671    
   0.32900000000000       -0.20429839472337        0.47975862771353    
   0.33000000000000       -0.23791243176267        0.22356041552127    
   0.33100000000000       -0.24862070869664       -0.54950818407112E-01
   0.33200000000000       -0.23537589999263       -0.32851309498667    
   0.33300000000000       -0.19947562263836       -0.57034939434826    
   0.33400000000000       -0.14443420047307       -0.75678959303764    
   0.33500000000000       -0.75642511572723E-01   -0.86958076198268    
   0.33600000000000        0.16615885517423E-03   -0.89768568859696    
   0.33700000000000        0.75571575315303E-01   -0.83835489840942    
   0.33800000000000        0.14318730993328       -0.69739422615677    
   0.33900000000000        0.19639698304402       -0.48860524086036    
   0.34000000000000        0.22999058028365       -0.23242617731991    
   0.34100000000000        0.24067870859894        0.46065794389200E-01
   0.34200000000000        0.22741400396595        0.31960874435344    
   0.34300000000000        0.19149409011223        0.56142573964763    
   0.34400000000000        0.13643428930440        0.74784480491609    
   0.34500000000000        0.67623106869173E-01    0.86061820353608    
   0.34600000000000       -0.82045832518648E-02    0.88870532472830    
   0.34700000000000       -0.83626695923166E-01    0.82935616879281    
   0.34800000000000       -0.15126224032295        0.68837941240488    
   0.34900000000000       -0.20449066917784        0.47957365703387    
   0.35000000000000       -0.23810257201962        0.22337754521581    
   0.35100000000000       -0.24880871891295       -0.55131589994872E-01
   0.35200000000000       -0.23556178475705       -0.32869176933595    
   0.35300000000000       -0.19965938678885       -0.57052597389068    
   0.35400000000000       -0.14461586976236       -0.75696404867207    
   0.35500000000000       -0.75822059595282E-01   -0.86975314966190    
   0.35600000000000       -0.11280341646615E-04   -0.89785600645833    
   0.35700000000000        0.75396201817990E-01   -0.83852312450138    
   0.35800000000000        0.14301405554417       -0.69756041192902    
   0.35900000000000        0.19622582681203       -0.48876937642980    
   0.36000000000000        0.22982151208671       -0.23258826049682    
   0.36100000000000        0.24051172133190        0.45905762830393E-01
   0.36200000000000        0.22724909145246        0.31945076232045    
   0.36300000000000        0.19133124600249        0.56126980394658    
   0.36400000000000        0.13627350800784        0.74769091739856    
   0.36500000000000        0.67464377670433E-01    0.86046634753276    
   0.36600000000000       -0.83612641673276E-02    0.88855549311288    
   0.36700000000000       -0.83781338745784E-01    0.82920834465958    
   0.36800000000000       -0.15141484378652        0.68823359517225    
   0.36900000000000       -0.20464124086735        0.47942984373964    
   0.37000000000000       -0.23825111856388        0.22323573220777    
   0.37100000000000       -0.24895524694569       -0.55271406936935E-01
   0.37200000000000       -0.23570630127570       -0.32882959423966    
   0.37300000000000       -0.19980189898992       -0.57066181166720    
   0.37400000000000       -0.14475640507791       -0.75709787355378    
   0.37500000000000       -0.75960594871652E-01   -0.86988501851645    
   0.37600000000000       -0.14782999518484E-03   -0.89798591993851    
   0.37700000000000        0.75261593600841E-01   -0.83865106383426    
   0.37800000000000        0.14288143833004       -0.69768642931383    
   0.37900000000000        0.19609517802435       -0.48889346457876    
   0.38000000000000        0.22969281969833       -0.23271041954740    
   0.38100000000000        0.24038497628202        0.45785529903844E-01
   0.38200000000000        0.22712428561360        0.31933245130217    
   0.38300000000000        0.19120837111888        0.56115340958497    
   0.38400000000000        0.13615255639923        0.74757643967650    
   0.38500000000000        0.67345337221506E-01    0.86035376769649    
   0.38600000000000       -0.84783992105725E-02    0.88844480225484    
   0.38700000000000       -0.83896580571987E-01    0.82909952461377    
   0.38800000000000       -0.15152819252802        0.68812664295420    
   0.38900000000000       -0.20475270590383        0.47932475466656    
   0.39000000000000       -0.23836070820967        0.22313250089249    
   0.39100000000000       -0.24906296945637       -0.55372786420360E-01
   0.39200000000000       -0.23581216521518       -0.32892912761664    
   0.39300000000000       -0.19990591308251       -0.57075950549067    
   0.39400000000000       -0.14485859763805       -0.75719370453142    
   0.39500000000000       -0.76060945152706E-01   -0.86997904366473    
   0.39600000000000       -0.24635360073050E-03   -0.89807814161339    
   0.39700000000000        0.75164852167437E-01   -0.83874146560974    
   0.39800000000000        0.14278652563674       -0.69777506341397    
   0.39900000000000        0.19600207061643       -0.48898032552144    
   0.40000000000000        0.22960150439341       -0.23279550902677    
   0.40100000000000        0.24029544280656        0.45702207470514E-01
   0.40200000000000        0.22703652462381        0.31925089032204    
   0.40300000000000        0.19112237317752        0.56107360348439    
   0.40400000000000        0.13606831246292        0.74749838728375    
   0.40500000000000        0.67262834458285E-01    0.86027744890387    
   0.40600000000000       -0.85591677923929E-02    0.88837020707355    
   0.40700000000000       -0.83975628458464E-01    0.82902663428650    
   0.40800000000000       -0.15160552059419        0.68805545280951    
   0.40900000000000       -0.20482832465063        0.47925525897427    
   0.41000000000000       -0.23843462697680        0.22306469319741    
   0.41100000000000       -0.24913519747163       -0.55438913091578E-01
   0.41200000000000       -0.23588271196945       -0.32899358003504    
   0.41300000000000       -0.19997478819714       -0.57082229120889    
   0.41400000000000       -0.14492582971010       -0.75725480206881    
   0.41500000000000       -0.76126515194023E-01   -0.87003850961076    
   0.41600000000000       -0.31027780632893E-03   -0.89813597940424    
   0.41700000000000        0.75102529532392E-01   -0.83879766052363    
   0.41800000000000        0.14272584879214       -0.69782966715717    
   0.41900000000000        0.19594301579188       -0.48903333381190    
   0.42000000000000        0.22954405781743       -0.23284692452586    
   0.42100000000000        0.24023959355423        0.45652379480481E-01
   0.42200000000000        0.22698226269054        0.31920264344050    
   0.42300000000000        0.19106968849131        0.56102693037609    
   0.42400000000000        0.13601719516822        0.74745328616409    
   0.42500000000000        0.67213271517520E-01    0.86023389886978    
   0.42600000000000       -0.86071840778998E-02    0.88832819758617    
   0.42700000000000       -0.84022112341142E-01    0.82898614650002    
   0.42800000000000       -0.15165047320264        0.68801648091514    
   0.42900000000000       -0.20487175709827        0.47921779670413    
   0.43000000000000       -0.23847654913140        0.22302873353419    
   0.43100000000000       -0.24917561904459       -0.55473377670091E-01
   0.43200000000000       -0.23592164289792       -0.32902655685157    
   0.43300000000000       -0.20001223852579       -0.57085378832996    
   0.43400000000000       -0.14496182787310       -0.75728479931743    
   0.43500000000000       -0.76161043468353E-01   -0.87006706272363    
   0.43600000000000       -0.34335253401193E-03   -0.89816309242593    
   0.43700000000000        0.75070864732545E-01   -0.83882331994513    
   0.43800000000000        0.14269563629104       -0.69785392376796    
   0.43900000000000        0.19591423192091       -0.48905618407066    
   0.44000000000000        0.22951668863823       -0.23286837161628    
   0.44100000000000        0.24021362790974        0.45632329846753E-01
   0.44200000000000        0.22695769032986        0.31918398448349    
   0.44300000000000        0.19104649911575        0.56100965442050    
   0.44400000000000        0.13599537852311        0.74743739121715    
   0.44500000000000        0.67192814735855E-01    0.86021936365528    
   0.44600000000000       -0.86262890052259E-02    0.88831501141232    
   0.44700000000000       -0.84039880034606E-01    0.82897429080436    
   0.44800000000000       -0.15166690468519        0.68800594916891    
   0.44900000000000       -0.20488686371649        0.47920858248248    
   0.45000000000000       -0.23849034091188        0.22302082963489    
   0.45100000000000       -0.24918810581975       -0.55479978945345E-01
   0.45200000000000       -0.23593283469483       -0.32903186300850    
   0.45300000000000       -0.20002214546173       -0.57085780758657    
   0.45400000000000       -0.14497047789396       -0.75728751241585    
   0.45500000000000       -0.76168419744256E-01   -0.87006852424060    
   0.45600000000000       -0.34947122723422E-03   -0.89816330666192    
   0.45700000000000        0.75065960943020E-01   -0.83882227423200    
   0.45800000000000        0.14269198830684       -0.69785166769226    
   0.45900000000000        0.19591181647957       -0.48905271448844    
   0.46000000000000        0.22951549194439       -0.23286369190243    
   0.46100000000000        0.24021363888217        0.45638213874545E-01
   0.46200000000000        0.22695889877570        0.31919106598331    
   0.46300000000000        0.19104889480934        0.56101792568871    
   0.46400000000000        0.13599895111608        0.74744685034990    
   0.46500000000000        0.67197551803220E-01    0.86022998931786    
   0.46600000000000       -0.86203954914124E-02    0.88832679305201    
   0.46700000000000       -0.84032844768030E-01    0.82898721041051    
   0.46800000000000       -0.15165872832549        0.68801999980611    
   0.46900000000000       -0.20487755756520        0.47922375784726    
   0.47000000000000       -0.23847991488413        0.22303712261774    
   0.47100000000000       -0.24917656960452       -0.55462575945801E-01
   0.47200000000000       -0.23592019814993       -0.32901335741071    
   0.47300000000000       -0.20000841852186       -0.57083820749451    
   0.47400000000000       -0.14495568388744       -0.75726680411176    
   0.47500000000000       -0.76152548941792E-01   -0.87004675292743    
   0.47600000000000       -0.33253768151541E-03   -0.89814047887859    
   0.47700000000000        0.75083916287622E-01   -0.83879837829728    
   0.47800000000000        0.14271100537139       -0.69782675199518    
   0.47900000000000        0.19593187269385       -0.48902677612930    
   0.48000000000000        0.22953657390214       -0.23283673425718    
   0.48100000000000        0.24023573580704        0.45666185089503E-01
   0.48200000000000        0.22698200075420        0.31922004407836    
   0.48300000000000        0.19107299190392        0.56104790314840    
   0.48400000000000        0.13602403310591        0.74747782556629    
   0.48500000000000        0.67223606894966E-01    0.86026194112431    
   0.48600000000000       -0.85933751349039E-02    0.88835971124178    
   0.48700000000000       -0.84004873699758E-01    0.82902107771149    
   0.48800000000000       -0.15162980666319        0.68805480910687    
   0.48900000000000       -0.20484769636555        0.47925950316432    
   0.49000000000000       -0.23844912375830        0.22307379713200    
   0.49100000000000       -0.24914485790999       -0.55424979543166E-01
   0.49200000000000       -0.23588757539112       -0.32897484625775    
   0.49300000000000       -0.19997489427040       -0.57079878939196    
   0.49400000000000       -0.14492128457607       -0.75722646074534    
   0.49500000000000       -0.76117258625564E-01   -0.87000553615756    
   0.49600000000000       -0.29637156874788E-03   -0.89809839276610    
   0.49700000000000        0.75120917930457E-01   -0.83875541108609    
   0.49800000000000        0.14274888128908       -0.69778295033663    
   0.49900000000000        0.19597060101675       -0.48898213698529    
   0.50000000000000        0.22957614172066       -0.23279126072825    
   0.50100000000000        0.24027613278923        0.45712487611711E-01
   0.50200000000000        0.22702321741463        0.31926716925172    
   0.50300000000000        0.19111501874305        0.56109584382422    
   0.50400000000000        0.13606686018830        0.74752658059078    
   0.50500000000000        0.67267223186936E-01    0.86031148967228    
   0.50600000000000       -0.85489771316306E-02    0.88841004360277    
   0.50700000000000       -0.83959708244876E-01    0.82907217748066    
   0.50800000000000       -0.15158387321342        0.68810666916685    
   0.50900000000000       -0.20480100559266        0.47931211799089    
   0.51000000000000       -0.23840168483592        0.22312716033505    
   0.51100000000000       -0.24909667973460       -0.55370874843927E-01
   0.51200000000000       -0.23583866698750       -0.32892000678501    
   0.51300000000000       -0.19992526472328       -0.57074322251159    
   0.51400000000000       -0.14487095933241       -0.75717014841469    
   0.51500000000000       -0.76066222011594E-01   -0.86994852862518    
   0.51600000000000       -0.24463810395039E-03   -0.89804069377725    
   0.51700000000000        0.75173309344662E-01   -0.83869700909624    
   0.51800000000000        0.14280196858536       -0.69772389039004    
   0.51900000000000        0.19602436319375       -0.48892241588051    
   0.52000000000000        0.22963056649223       -0.23273088122492    
   0.52100000000000        0.24033121037883        0.45773520531701E-01
   0.52200000000000        0.22707893886939        0.31932884968803    
   0.52300000000000        0.19117137510124        0.56115816509278    
   0.52400000000000        0.13612384190658        0.74758954208235    
   0.52500000000000        0.67324820069775E-01    0.86037507101401    
   0.52600000000000       -0.84907721452800E-02    0.88847423567440    
   0.52700000000000       -0.83900909018024E-01    0.82913696482100    
   0.52800000000000       -0.15152447846997        0.68817204477050    
   0.52900000000000       -0.20474102552669        0.47937807688201    
   0.53000000000000       -0.23834112809634        0.22319369664271    
   0.53100000000000       -0.24903555467240       -0.55303767482548E-01
   0.53200000000000       -0.23577698206641       -0.32885233458954    
   0.53300000000000       -0.19986302846145       -0.57067499232737    
   0.53400000000000       -0.14480819612993       -0.75710134236408    
   0.53500000000000       -0.76002916363852E-01   -0.86987919529970    
   0.53600000000000       -0.18080377459472E-03   -0.89797083652156    
   0.53700000000000        0.75237634863341E-01   -0.83862661647415    
   0.53800000000000        0.14286682252745       -0.69765300580204    
   0.53900000000000        0.19608972548288       -0.48885103587710    
   0.54000000000000        0.22969642552921       -0.23265900814780    
   0.54100000000000        0.24039755700656        0.45845882183575E-01
   0.54200000000000        0.22714576473050        0.31940169452612    
   0.54300000000000        0.19123867183369        0.56123148696590    
   0.54400000000000        0.13619160042799        0.74766334098396    
   0.54500000000000        0.67393031065250E-01    0.86044932709898    
   0.54600000000000       -0.84221152376594E-02    0.88854894047088    
   0.54700000000000       -0.83831819596899E-01    0.82921210385284    
   0.54800000000000       -0.15145495449000        0.68824761122560    
   0.54900000000000       -0.20467107664657        0.47945406638684    
   0.55000000000000       -0.23827076238743        0.22327010390014    
   0.55100000000000       -0.24896477989070       -0.55226948264025E-01
   0.55200000000000       -0.23570580606649       -0.32877510907313    
   0.55300000000000       -0.19979145914872       -0.57059736678662    
   0.55400000000000       -0.14473625682866       -0.75702329901474    
   0.55500000000000       -0.75930591669535E-01   -0.86980078106235    
   0.55600000000000       -0.10810665925257E-03   -0.89789205428819    
   0.55700000000000        0.75310668330107E-01   -0.83854745484777    
   0.55800000000000        0.14294022896168       -0.69757350653237    
   0.55900000000000        0.19616348575997       -0.48877119521428    
   0.56000000000000        0.22977052877021       -0.23257882797027    
   0.56100000000000        0.24047199470802        0.45926397901899E-01
   0.56200000000000        0.22722052916496        0.31948254094870    
   0.56300000000000        0.19131375527109        0.56131265851252    
   0.56400000000000        0.13626699428692        0.74774483827919    
   0.56500000000000        0.67468726926803E-01    0.86053113087174    
   0.56600000000000       -0.83461234024523E-02    0.88863104292769    
   0.56700000000000       -0.83755544682915E-01    0.82929449151642    
   0.56800000000000       -0.15137839367196        0.68833027752949    
   0.56900000000000       -0.20459423901692        0.47953700758618    
   0.57000000000000       -0.23819365541400        0.22335331529945    
   0.57100000000000       -0.24888741070969       -0.55143471857919E-01
   0.57200000000000       -0.23562818190125       -0.32869137274012    
   0.57300000000000       -0.19971358727033       -0.57051337620290    
   0.57400000000000       -0.14465815948043       -0.75693903644443    
   0.57500000000000       -0.75852253503909E-01   -0.86971629176499    
   0.57600000000000       -0.29539844762340E-04   -0.89780734067629    
   0.57700000000000        0.75389429138041E-01   -0.83846250551964    
   0.57800000000000        0.14301921981614       -0.69748836160250    
   0.57900000000000        0.19624268849277       -0.48868585060472    
   0.58000000000000        0.22984993323346       -0.23249328507414    
   0.58100000000000        0.24055159306408        0.46012135654693E-01
   0.58200000000000        0.22730031432815        0.31956846929050    
   0.58300000000000        0.19139372015462        0.56139877244985    
   0.58400000000000        0.13634713082888        0.74783113907464    
   0.58500000000000        0.67549027598893E-01    0.86061759985204    
   0.58600000000000       -0.82656640832240E-02    0.88871767298630    
   0.58700000000000       -0.83674939088752E-01    0.82938127016850    
   0.58800000000000       -0.15129763820672        0.68841719848500    
   0.58900000000000       -0.20451334219586        0.47962406773506    
   0.59000000000000       -0.23811262409396        0.22344051055510    
   0.59100000000000       -0.24880625140283       -0.55056146083083E-01
   0.59200000000000       -0.23554690119556       -0.32860392093528    
   0.59300000000000       -0.19963219180004       -0.57042580344096    
   0.59400000000000       -0.14457667042034       -0.75685132501291    
   0.59500000000000       -0.75770655539302E-01   -0.86962848528948    
   0.59600000000000        0.52155653931169E-04   -0.89771944108164    
   0.59700000000000        0.75471188904908E-01   -0.83837450137480    
   0.59800000000000        0.14310107937743       -0.69740029141902    
   0.59900000000000        0.19632463062451       -0.48859770996621    
   0.60000000000000        0.22993194851327       -0.23240507488415    
   0.60100000000000        0.24063367431579        0.46100412511711E-01
   0.60200000000000        0.22738245510398        0.31965680911624    
   0.60300000000000        0.19147591400639        0.56148717083656    
   0.60400000000000        0.13642937021650        0.74791959791360    
   0.60500000000000        0.67631305864706E-01    0.86070610107517    
   0.60600000000000       -0.81833518784474E-02    0.88880621016694    
   0.60700000000000       -0.83592604791082E-01    0.82946983179301    
   0.60800000000000       -0.15121527747194        0.68850577855410    
   0.60900000000000       -0.20443096296584        0.47971266376454    
   0.61000000000000       -0.23803023262255        0.22352911906003    
   0.61100000000000       -0.24872385358635       -0.54967529092182E-01
   0.61200000000000       -0.23546450299719       -0.32851529936411    
   0.61300000000000       -0.19954979922784       -0.57033718176709    
   0.61400000000000       -0.14449430360594       -0.75676268553688    
   0.61500000000000       -0.75688299190334E-01   -0.86953987004263    
   0.61600000000000        0.13449094691936E-03   -0.89763085150658    
   0.61700000000000        0.75553471228949E-01   -0.83828592600092    
   0.61800000000000        0.14318334375418       -0.69731176719829    
   0.61900000000000        0.19640686075054       -0.48850923214719    
   0.62000000000000        0.23001413567418       -0.23231664388942    
   0.62100000000000        0.24071581198109        0.46188794332664E-01
   0.62200000000000        0.22746453744808        0.31974513862218    
   0.62300000000000        0.19155793520320        0.56157544419251    
   0.62400000000000        0.13651132323859        0.74800781761876    
   0.62500000000000        0.67713184894763E-01    0.86079424966199    
   0.62600000000000       -0.81015512492685E-02    0.88889428187011    
   0.62700000000000       -0.83510893890313E-01    0.82955781603810    
   0.62800000000000       -0.15113365124042        0.68859366963560    
   0.62900000000000       -0.20434942878599        0.47980045980431    
   0.63000000000000       -0.23794879616219        0.22361681715693    
   0.63100000000000       -0.24864252014550       -0.54879932347420E-01
   0.63200000000000       -0.23538327793403       -0.32842780731117    
   0.63300000000000       -0.19946868794451       -0.57024979830649    
   0.63400000000000       -0.14441332522495       -0.75667539298250    
   0.63500000000000       -0.75607438441825E-01   -0.86945270887979    
   0.63600000000000        0.21522422528198E-03   -0.89754382271112    
   0.63700000000000        0.75634046432884E-01   -0.83819901806238    
   0.63800000000000        0.14326379541254       -0.69722501556049    
   0.63900000000000        0.19648717344841       -0.48842263173638    
   0.64000000000000        0.23009430137928       -0.23223019466487    
   0.64100000000000        0.24079582478412        0.46275090536683E-01
   0.64200000000000        0.22754439212197        0.31983127920082    
   0.64300000000000        0.19163762651986        0.56166142586220    
   0.64400000000000        0.13659084466606        0.74809364345789    
   0.64500000000000        0.67792531418537E-01    0.86087990278990    
   0.64600000000000       -0.80223835286763E-02    0.88897975715678    
   0.64700000000000       -0.83431915797450E-01    0.82964310380956    
   0.64800000000000       -0.15105485704050        0.68867876447378    
   0.64900000000000       -0.20427082532348        0.47988536041035    
   0.65000000000000       -0.23787038854416        0.22370152118795    
   0.65100000000000       -0.24856431310116       -0.54795427745755E-01
   0.65200000000000       -0.23530527624315       -0.32834350493696    
   0.65300000000000       -0.19939089643037       -0.57016570150842    
   0.65400000000000       -0.14433576204115       -0.75659148409581    
   0.65500000000000       -0.75530088347826E-01   -0.86936902689769    
   0.65600000000000        0.29235211180539E-03   -0.89746036816451    
   0.65700000000000        0.75710922766687E-01   -0.83811577940843    
   0.65800000000000        0.14334045423439       -0.69714202679131    
   0.65900000000000        0.19656360019444       -0.48833988747517    
   0.66000000000000        0.23017048866792       -0.23214769443133    
   0.66100000000000        0.24087176729752        0.46357345397691E-01
   0.66200000000000        0.22762008520206        0.31991328659434    
   0.66300000000000        0.19171306550722        0.56174318302865    
   0.66400000000000        0.13666602350135        0.74817515402089    
   0.66500000000000        0.67867445847546E-01    0.86096115043651    
   0.66600000000000       -0.79477369219953E-02    0.88906073736048    
   0.66700000000000       -0.83357547355499E-01    0.82972380775315    
   0.66800000000000       -0.15098076039653        0.68875918701516    
   0.66900000000000       -0.20419700681051        0.47996550079773    
   0.67000000000000       -0.23779685273724        0.22378137760654    
   0.67100000000000       -0.24849106418923       -0.54715857625157E-01
   0.67200000000000       -0.23523231845862       -0.32826422340042    
   0.67300000000000       -0.19931823404871       -0.57008671138248    
   0.67400000000000       -0.14426341229083       -0.75651276775014    
   0.67500000000000       -0.75458036029663E-01   -0.86929062189069    
   0.67600000000000        0.36409856323682E-03   -0.89738227460882    
   0.67700000000000        0.75782335212572E-01   -0.83803798574072    
   0.67800000000000        0.14341156622692       -0.69706456561170    
   0.67900000000000        0.19663439798009       -0.48826275312721    
   0.68000000000000        0.23024096548090       -0.23207088602311    
   0.68100000000000        0.24094191837804        0.46433826981162E-01
   0.68200000000000        0.22768990642870        0.31998943973754    
   0.68300000000000        0.19178255275608        0.56181900546520    
   0.68400000000000        0.13673517115922        0.74825064988234    
   0.68500000000000        0.67936250376369E-01    0.86103630395410    
   0.68600000000000       -0.78792784845714E-02    0.88913554457679    
   0.68700000000000       -0.83289444894066E-01    0.82979826066130    
   0.68800000000000       -0.15091300695821        0.68883328073336    
   0.68900000000000       -0.20412960824618        0.48003923508640    
   0.69000000000000       -0.23772981312224        0.22385475114571    
   0.69100000000000       -0.24842438720526       -0.54642846672637E-01
   0.69200000000000       -0.23516600782414       -0.32819157684052    
   0.69300000000000       -0.19925229352545       -0.57001443155246    
   0.69400000000000       -0.14419785822750       -0.75644083707028    
   0.69500000000000       -0.75392853283420E-01   -0.86921907654354    
   0.69600000000000        0.42890220208935E-03   -0.89731111431789    
   0.69700000000000        0.75846732757652E-01   -0.83796719893774    
   0.69800000000000        0.14347559073805       -0.69699418356564    
   0.69900000000000        0.19669803647147       -0.48819276992817    
   0.70000000000000        0.23030421176572       -0.23200130039764    
   0.70100000000000        0.24100476821939        0.46503014575953E-01
   0.70200000000000        0.22775235620723        0.32005822813325    
   0.70300000000000        0.19184459884889        0.56188739285566    
   0.70400000000000        0.13679680837085        0.74831864086803    
   0.70500000000000        0.67997475838874E-01    0.86110388328497    
   0.70600000000000       -0.78184673110085E-02    0.88920270882779    
   0.70700000000000       -0.83229057462187E-01    0.82986500258865    
   0.70800000000000       -0.15085303577602        0.68889959569714    
   0.70900000000000       -0.20407005871340        0.48010512332278    
   0.71000000000000       -0.23767068884794        0.22392021179490    
   0.71100000000000       -0.24836569139806       -0.54577814990021E-01
   0.71200000000000       -0.23510774372366       -0.32812697548419    
   0.71300000000000       -0.19919446441423       -0.56995026240419    
   0.71400000000000       -0.14414047962141       -0.75637708261943    
   0.71500000000000       -0.75335910112664E-01   -0.86915577165627    
   0.71600000000000        0.48540275203976E-03   -0.89724825835908    
   0.71700000000000        0.75902764798414E-01   -0.83790478035138    
   0.71800000000000        0.14353118683149       -0.69693223235029    
   0.71900000000000        0.19675318435636       -0.48813127994780    
   0.72000000000000        0.23035890579673       -0.23194027002878    
   0.72100000000000        0.24105900464669        0.46563585271324E-01
   0.72200000000000        0.22780613187821        0.32011833840025    
   0.72300000000000        0.19189791060635        0.56194704131461    
   0.72400000000000        0.13684965140780        0.74837783254886    
   0.72500000000000        0.68049847911455E-01    0.86116260342930    
   0.72600000000000       -0.77665683519340E-02    0.88926095450597    
   0.72700000000000       -0.83177640664640E-01    0.82992276727246    
   0.72800000000000       -0.15080209315520        0.68895687496927    
   0.72900000000000       -0.20401959524946        0.48016191785823    
   0.73000000000000       -0.23762070771760        0.22397652115884    
   0.73100000000000       -0.24831619537163       -0.54521991754242E-01
   0.73200000000000       -0.23505873559679       -0.32807163932393    
   0.73300000000000       -0.19914594702558       -0.56989541478022    
   0.73400000000000       -0.14409246770003       -0.75632270610925    
   0.73500000000000       -0.75288388679123E-01   -0.86910189986841    
   0.73600000000000        0.53242707719979E-03   -0.89719489033086    
   0.73700000000000        0.75949267171201E-01   -0.83785190455699    
   0.73800000000000        0.14357719930899       -0.69687987757803    
   0.73900000000000        0.19679869535937       -0.48807943986343    
   0.74000000000000        0.23040391018384       -0.23188894269027    
   0.74100000000000        0.24110349911936        0.46614400164174E-01
   0.74200000000000        0.22785011371555        0.32016864047276    
   0.74300000000000        0.19194137708175        0.56199682957965    
   0.74400000000000        0.13689259807349        0.74842711242686    
   0.74500000000000        0.68092273102615E-01    0.86121136062641    
   0.74600000000000       -0.77246664252138E-02    0.88930918655107    
   0.74700000000000       -0.83136270673114E-01    0.82997046830592    
   0.74800000000000       -0.15076124666712        0.68900404077653    
   0.74900000000000       -0.20397927685666        0.48020854951662    
   0.75000000000000       -0.23758092019791        0.22402261862352    
   0.75100000000000       -0.24827694109127       -0.54476429051385E-01
   0.75200000000000       -0.23502001694214       -0.32802661195181    
   0.75300000000000       -0.19910776642581       -0.56985092381255    
   0.75400000000000       -0.14405483914264       -0.75627873423091    
   0.75500000000000       -0.75251297292851E-01   -0.86905847948776    
   0.75600000000000        0.56897519818402E-03   -0.89715202018830    
   0.75700000000000        0.75985248174981E-01   -0.83780957317509    
   0.75800000000000        0.14361264474081       -0.69683811259357    
   0.75900000000000        0.19683359428006       -0.48803823477140    
   0.76000000000000        0.23043825791958       -0.23184829526108    
   0.76100000000000        0.24113729278790        0.46654490560558E-01
   0.76200000000000        0.22788335099358        0.32020817380894    
   0.76300000000000        0.19197405563884        0.56203580522804    
   0.76400000000000        0.13692471379212        0.74846553616025    
   0.76500000000000        0.68123824853155E-01    0.86124921858850    
   0.76600000000000       -0.76936801046146E-02    0.88934647669338    
   0.76700000000000       -0.83105858102344E-01    0.83000718539201    
   0.76800000000000       -0.15073139901146        0.68904018077479    
   0.76900000000000       -0.20394999835013        0.48024411387127    
   0.77000000000000       -0.23755221325204        0.22405760764578    
   0.77100000000000       -0.24824880770142       -0.54442015575035E-01
   0.77200000000000       -0.23499245911892       -0.32799277424439    
   0.77300000000000       -0.19908078622263       -0.56981766259391    
   0.77400000000000       -0.14402844984922       -0.75624603231203    
   0.77500000000000       -0.75225484163080E-01   -0.86902636813281    
   0.77600000000000        0.59420655885228E-03   -0.89712049787040    
   0.77700000000000        0.76009874855909E-01   -0.83777862848298    
   0.77800000000000        0.14363669776866       -0.69680777206906    
   0.77900000000000        0.19685706331532       -0.48800849176519    
   0.78000000000000        0.23046113872078       -0.23181914728619    
   0.78100000000000        0.24115958285522        0.46683044432594E-01
   0.78200000000000        0.22790504836791        0.32023613386639    
   0.78300000000000        0.19199515835330        0.56206317117076    
   0.78400000000000        0.13694521803162        0.74849231407665    
   0.78500000000000        0.68143729981077E-01    0.86127539503367    
   0.78600000000000       -0.76743752517616E-02    0.88937205000693    
   0.78700000000000       -0.83087161519181E-01    0.83003215091688    
   0.78800000000000       -0.15071330150284        0.68906453464313    
   0.78900000000000       -0.20393250382177        0.48026785785978    
   0.79000000000000       -0.23753532378056        0.22408074238918    
   0.79100000000000       -0.24823252494325       -0.54419489967700E-01
   0.79200000000000       -0.23497678474104       -0.32797085768210    
   0.79300000000000       -0.19906572193475       -0.56979635547425    
   0.79400000000000       -0.14401400828542       -0.75622531759008    
   0.79500000000000       -0.75211650718568E-01   -0.86900627598210    
   0.79600000000000        0.60742673146438E-03   -0.89710102652537    
   0.79700000000000        0.76022459738668E-01   -0.83775976661539    
   0.79800000000000        0.14364867786343       -0.69678954518047    
   0.79900000000000        0.19686842884360       -0.48799089308757    
   0.80000000000000        0.23047188583948       -0.23180217410372    
   0.80100000000000        0.24116970941471        0.46699393316949E-01
   0.80200000000000        0.22791455274231        0.32025185902616    
   0.80300000000000        0.19200403890699        0.56207827260272    
   0.80400000000000        0.13695347122554        0.74850679814981    
   0.80500000000000        0.68151355631600E-01    0.86128924868947    
   0.80600000000000       -0.76673780382180E-02    0.88938527193994    
   0.80700000000000       -0.83080800436733E-01    0.83004473700747    
   0.80800000000000       -0.15070756703584        0.68907648116899    
   0.80900000000000       -0.20392739957542        0.48027916689785    
   0.81000000000000       -0.23753085152628        0.22409141486628    
   0.81100000000000       -0.24822868602865       -0.54409453650658E-01
   0.81200000000000       -0.23497358052029       -0.32796145714999    
   0.81300000000000       -0.19906315380449       -0.56978759083265    
   0.81400000000000       -0.14401208826428       -0.75621717195492    
   0.81500000000000       -0.75210364358178E-01   -0.86899877848802    
   0.81600000000000        0.60807469698545E-03   -0.89709417519498    
   0.81700000000000        0.76022448137712E-01   -0.83775355021934    
   0.81800000000000        0.14364803666744       -0.69678398823215    
   0.81900000000000        0.19686714879835       -0.48798598872419    
   0.82000000000000        0.23046996346836       -0.23179791940793    
   0.82100000000000        0.24116714288791        0.46702999782304E-01
   0.82200000000000        0.22791134073662        0.32025481809117    
   0.82300000000000        0.19200018008891        0.56208058453206    
   0.82400000000000        0.13694896230692        0.74850846956024    
   0.82500000000000        0.68146196843682E-01    0.86129026688481    
   0.82600000000000       -0.76731873458650E-02    0.88938563593836    
   0.82700000000000       -0.83087267680692E-01    0.83004444318714    
   0.82800000000000       -0.15071468241819        0.68907552593609    
   0.82900000000000       -0.20393516642722        0.48027755259848    
   0.83000000000000       -0.23753927134188        0.22408914269035    
   0.83100000000000       -0.24823775987586       -0.54412383039638E-01
   0.83200000000000       -0.23498330946886       -0.32796504312110    
   0.83300000000000       -0.19907353896693       -0.56979183322803    
   0.83400000000000       -0.14402314108153       -0.75622205406679    
   0.83500000000000       -0.75222070552346E-01   -0.86900432846112    
   0.83600000000000        0.59571077820159E-03   -0.89710039086557    
   0.83700000000000        0.76009406124721E-01   -0.83776042047171    
   0.83800000000000        0.14363434599697       -0.69679153664129    
   0.83900000000000        0.19685280070568       -0.48799420835482    
   0.84000000000000        0.23045495481312       -0.23180680716671    
   0.84100000000000        0.24115147213131        0.46693445546112E-01
   0.84200000000000        0.22789500683038        0.32024459843725    
   0.84300000000000        0.19198318197323        0.56206969996575    
   0.84400000000000        0.13693129692123        0.74849692691477    
   0.84500000000000        0.68127864798139E-01    0.86127805380404    
   0.84600000000000       -0.76921864835661E-02    0.88937275173459    
   0.84700000000000       -0.83106941071424E-01    0.83003088469887    
   0.84800000000000       -0.15073502001718        0.68906128968195    
   0.84900000000000       -0.20395617131623        0.48026264116503    
   0.85000000000000       -0.23756094476444        0.22407355750265    
   0.85100000000000       -0.24826010264643       -0.54428641082335E-01
   0.85200000000000       -0.23500632240027       -0.32798197315873    
   0.85300000000000       -0.19909722291424       -0.56980943486596    
   0.85400000000000       -0.14404750694427       -0.75624031078776    
   0.85500000000000       -0.75247104235510E-01   -0.86902326746660    
   0.85600000000000        0.57000528289467E-03   -0.89712000982941    
   0.85700000000000        0.75983009207988E-01   -0.83778070840494    
   0.85800000000000        0.14360728655746       -0.69681251622747    
   0.85900000000000        0.19682507043528       -0.48801587260733    
   0.86000000000000        0.23042655087967       -0.23182915283994    
   0.86100000000000        0.24112239326008        0.46670420291529E-01
   0.86200000000000        0.22786525222179        0.32022089486529    
   0.86300000000000        0.19195275081512        0.56204531879700    
   0.86400000000000        0.13690018635842        0.74847187516992    
   0.86500000000000        0.68096075786252E-01    0.86125231944595    
   0.86600000000000       -0.77246541820939E-02    0.88934633434231    
   0.86700000000000       -0.83140094381858E-01    0.83000378153583    
   0.86800000000000       -0.15076884868142        0.68903349736442    
   0.86900000000000       -0.20399067818961        0.48023416249319    
   0.87000000000000       -0.23759613086422        0.22404439411117    
   0.87100000000000       -0.24829596855881       -0.54458488084212E-01
   0.87200000000000       -0.23504286870615       -0.32801250270635    
   0.87300000000000       -0.19913445023659       -0.56984064635290    
   0.87400000000000       -0.14408542567475       -0.75627218789990    
   0.87500000000000       -0.75285700473306E-01   -0.86905583650652    
   0.87600000000000        0.53072787365393E-03   -0.89715326833037    
   0.87700000000000        0.75943031739001E-01   -0.83781464551688    
   0.87800000000000        0.14356663738687       -0.69684715378729    
   0.87900000000000        0.19678374168100       -0.48805120359592    
   0.88000000000000        0.23038453999112       -0.23186517388178    
   0.88100000000000        0.24107969920172        0.46633711201418E-01
   0.88200000000000        0.22782187441833        0.32018349917185    
   0.88300000000000        0.19190868867760        0.56200723741234    
   0.88400000000000        0.13685543721708        0.74843311527519    
   0.88500000000000        0.68050640910613E-01    0.86121286930354    
   0.88600000000000       -0.77707748565863E-02    0.88930619377197    
   0.88700000000000       -0.83186907563514E-01    0.82996294819309    
   0.88800000000000       -0.15081634392983        0.68899196795004    
   0.88900000000000       -0.20403885815503        0.48019193999547    
   0.89000000000000       -0.23764499636052        0.22400148035061    
   0.89100000000000       -0.24834551996717       -0.54502091811600E-01
   0.89200000000000       -0.23509310639888       -0.32805679515466    
   0.89300000000000       -0.19918537462792       -0.56988562672689    
   0.89400000000000       -0.14413704668006       -0.75631784009996    
   0.89500000000000       -0.75338004395898E-01   -0.86910218597806    
   0.89600000000000        0.47773767090621E-03   -0.89720031248653    
   0.89700000000000        0.75889337051372E-01   -0.83786237365728    
   0.89800000000000        0.14351226603097       -0.69689558694409    
   0.89900000000000        0.19672868617214       -0.48810033473545    
   0.90000000000000        0.23032879803601       -0.23191499951864    
