                                                                        
    0.0000000000000         0.0000000000000         0.0000000000000         0.0000000000000         0.0000000000000         0.0000000000000         0.0000000000000         0.0000000000000         0.0000000000000    
   0.10000000000000E-02   -0.48392332770716E-01    0.41127917463925E-01   -0.13518647405772E-01   -0.15408473492380E-01    0.14025811632201E-01   -0.98074817542780E-02    0.24155610177356E-01   -0.19757533329139E-01
   0.20000000000000E-02   -0.65919300996803E-01    0.59454605349262E-01    0.41203338439944E-02   -0.43520196215389E-01    0.44384969273331E-01   -0.36750909754446E-01    0.23904160808429E-01   -0.42786179121745E-02
   0.30000000000000E-02   -0.70439519822817E-01    0.66759305865856E-01    0.30192199342469E-01   -0.69954806315768E-01    0.82184823235462E-01   -0.72682650347747E-01    0.14601597989679E-01    0.33648720275751E-01
   0.40000000000000E-02   -0.58908324600174E-01    0.59612010461705E-01    0.55978754698347E-01   -0.85489035155712E-01    0.11552428497462       -0.10618668827150       -0.60441831625741E-03    0.81417101024097E-01
   0.50000000000000E-02   -0.30278024940642E-01    0.36300549133493E-01    0.75022206368169E-01   -0.84162119180531E-01    0.13361024464598       -0.12664301039851       -0.19096132521686E-01    0.12631841686725    
   0.60000000000000E-02    0.13395747252405E-01   -0.19708138714093E-02    0.82368237499394E-01   -0.63254215682661E-01    0.12854047723872       -0.12598035506308       -0.37898632481361E-01    0.15664754559611    
   0.70000000000000E-02    0.67049014168459E-01   -0.51062118642643E-01    0.74886911815768E-01   -0.23459415001940E-01    0.96376527989344E-01   -0.99760821875778E-01   -0.53841545637389E-01    0.16309361536490    
   0.80000000000000E-02    0.12327855601309       -0.10443884680495        0.51674277405232E-01    0.31216171251705E-01    0.37712478118756E-01   -0.47803800289792E-01   -0.63957546465952E-01    0.13999168652874    
   0.90000000000000E-02    0.17336582220069       -0.15406990804390        0.14247952957836E-01    0.93945795695363E-01   -0.42302532069016E-01    0.25697481763984E-01   -0.65904958327585E-01    0.86194890065626E-01
   0.10000000000000E-01    0.20850688156520       -0.19155042963345       -0.33552583480252E-01    0.15594610323261       -0.13451835888873        0.11260758582575       -0.58328969914783E-01    0.54103744400492E-02
   0.11000000000000E-01    0.17270362885061       -0.16818359691353       -0.99491321819377E-01    0.19221817840976       -0.21285064304428        0.19199792513756       -0.16952589440573E-01   -0.11383742462438    
   0.12000000000000E-01    0.13998348204775       -0.14231327404598       -0.13189870127700        0.19637217001889       -0.26154461842714        0.24382032677673        0.84532959690981E-02   -0.20458823487592    
   0.13000000000000E-01    0.90551954795340E-01   -0.99497345388363E-01   -0.14613918280238        0.17548575541164       -0.27643137835987        0.26356629864500        0.30778599681997E-01   -0.26539593814813    
   0.14000000000000E-01    0.29346514229737E-01   -0.44028597033627E-01   -0.14416805538253        0.13439956464618       -0.25855255518490        0.25179908388964        0.49684312908321E-01   -0.29415173413290    
   0.15000000000000E-01   -0.36797865487123E-01    0.17815027970439E-01   -0.12721717089149        0.78420995416453E-01   -0.21167564805605        0.21169102360235        0.63660629046446E-01   -0.29031121337420    
   0.16000000000000E-01   -0.10068733268072        0.79259175367844E-01   -0.97347947332769E-01    0.13721232023365E-01   -0.14174509738553        0.14852725399017        0.71395372574869E-01   -0.25565866366087    
   0.17000000000000E-01   -0.15557451605033        0.13379607193656       -0.57677516752945E-01   -0.52962705042295E-01   -0.56472798013798E-01    0.69359070700822E-01    0.72140611816056E-01   -0.19446888472098    
   0.18000000000000E-01   -0.19576964031353        0.17577101553162       -0.12195922670964E-01   -0.11485956306178        0.35248062294624E-01   -0.17517373538050E-01    0.65827057115228E-01   -0.11328557531337    
   0.19000000000000E-01   -0.21713893012876        0.20087684789601        0.34581532326277E-01   -0.16576149370526        0.12409589987176       -0.10325490471488        0.53076098435186E-01   -0.20403425865747E-01
   0.20000000000000E-01   -0.21746629033544        0.20653244015548        0.78037248673953E-01   -0.20059446659397        0.20115759271269       -0.17924528797362        0.35138972558557E-01    0.74866840335209E-01
   0.21000000000000E-01   -0.19664213364915        0.19210721125008        0.11389337300856       -0.21589258704307        0.25875346125487       -0.23791414533837        0.13774006985229E-01    0.16306166899970    
   0.22000000000000E-01   -0.15665641093957        0.15896516019056        0.13862487075614       -0.21012369740219        0.29115932150089       -0.27343263158721       -0.89255590492248E-02    0.23546089967683    
   0.23000000000000E-01   -0.10139280956334        0.11032035564803        0.14980121790164       -0.18383096401528        0.29514825017731       -0.28226943460800       -0.30736419868897E-01    0.28492249804388    
   0.24000000000000E-01   -0.36241757907199E-01    0.50915509911828E-01    0.14632227759932       -0.13957455738244        0.27029484032583       -0.26352483180916       -0.49522747247267E-01    0.30656984350129    
   0.25000000000000E-01    0.32431469815519E-01   -0.13446491754532E-01    0.12852472943796       -0.81677894024507E-01    0.21900955597891       -0.21901148068197       -0.63445172773274E-01    0.29826165741581    
   0.26000000000000E-01    0.97912468456767E-01   -0.76473236375748E-01    0.98148321848720E-01   -0.15802514187353E-01    0.14629819909092       -0.15307241003842       -0.71140761798357E-01    0.26079693058824    
   0.27000000000000E-01    0.15379659606989       -0.13200035363347        0.58165068384466E-01    0.51607265407105E-01    0.59269021552931E-01   -0.72153016690859E-01   -0.71856362654391E-01    0.19783376548416    
   0.28000000000000E-01    0.19461692665625       -0.17459593558819        0.12487998446552E-01    0.11395585709858       -0.33564902348568E-01    0.15831668629298E-01   -0.65522276391083E-01    0.11552943583523    
   0.29000000000000E-01    0.21638002656543       -0.20009287404954       -0.34412093748537E-01    0.16514243231818       -0.12312014964494        0.10227290576044       -0.52759033907418E-01    0.21936494443618E-01
   0.30000000000000E-01    0.21695725416669       -0.20599715151680       -0.77944426800431E-01    0.20015835059991       -0.20063283216098        0.17871165553324       -0.34816615586672E-01   -0.73786210587861E-01
   0.31000000000000E-01    0.19629337014266       -0.19173220952041       -0.11384770843086        0.21557757598674       -0.25851693722056        0.23766707307698       -0.13452061896858E-01   -0.16227053902279    
   0.32000000000000E-01    0.15641209471984       -0.15869553017392       -0.13860732814687        0.20989211747439       -0.29110720288901        0.27336908305703        0.92425455917949E-02   -0.23485637624784    
   0.33000000000000E-01    0.10121810324834       -0.11012192751412       -0.14979943846820        0.18365968367814       -0.29521387134006        0.28232338857027        0.31044895043268E-01   -0.28443953527327    
   0.34000000000000E-01    0.36114864373033E-01   -0.50766952623565E-01   -0.14632825011730        0.13944911350148       -0.27043505581440        0.26365364512492        0.49819999292124E-01   -0.30616728426916    
   0.35000000000000E-01   -0.32524256626504E-01    0.13558583196713E-01   -0.12853331736858        0.81588933442384E-01   -0.21919616876685        0.21918732942817        0.63729199557861E-01   -0.29791344177308    
   0.36000000000000E-01   -0.97979848500486E-01    0.76557394497249E-01   -0.98156314643545E-01    0.15743659706772E-01   -0.14651256695078        0.15327691265291        0.71410159598519E-01   -0.26048654993341    
   0.37000000000000E-01   -0.15384418637642        0.13206213489587       -0.58170558522439E-01   -0.51640677465099E-01   -0.59498656980111E-01    0.72373852460148E-01    0.72110231575212E-01   -0.19755075851440    
   0.38000000000000E-01   -0.19464845893760        0.17463909529910       -0.12489964187695E-01   -0.11396750979385        0.33328480417274E-01   -0.15602889651195E-01    0.65760139156879E-01   -0.11526717057683    
   0.39000000000000E-01   -0.21639809093385        0.20012009089943        0.34414073284626E-01   -0.16513544223619        0.12288277752812       -0.10204198801561        0.52980765527368E-01   -0.21690761575982E-01
   0.40000000000000E-01   -0.21696375861015        0.20601047090380        0.77950369686778E-01   -0.20013549257372        0.20039856863545       -0.17848267106794        0.35022382082410E-01    0.74018091688176E-01
   0.41000000000000E-01   -0.19628982193423        0.19173331142351        0.11385736969444       -0.21554139734806        0.25828861971219       -0.23744290600474        0.13642266756861E-01    0.16249028949966    
   0.42000000000000E-01   -0.15639977034783        0.15868588780384        0.13862029952933       -0.20984498971332        0.29088680789829       -0.27315178039908       -0.90673082489203E-02    0.23506512077616    
   0.43000000000000E-01   -0.10119814869941        0.11010289826675        0.14981522012402       -0.18360382027308        0.29500275145825       -0.28211438953404       -0.30883881407844E-01    0.28463803373762    
   0.44000000000000E-01   -0.36088352086313E-01    0.50739827387301E-01    0.14634630220760       -0.13938657094196        0.27023409872887       -0.26345393393353       -0.49672351574984E-01    0.30635607951028    
   0.45000000000000E-01    0.32556297553852E-01   -0.13592556032425E-01    0.12855309697447       -0.81521605292184E-01    0.21900590672561       -0.21899753991475       -0.63593977043797E-01    0.29809295348387    
   0.46000000000000E-01    0.98016418406624E-01   -0.76597000083375E-01    0.98177301781497E-01   -0.15673269191462E-01    0.14633325453077       -0.15309740224481       -0.71286365538425E-01    0.26065713385414    
   0.47000000000000E-01    0.15388431083522       -0.13210619160340        0.58192273962370E-01    0.51712583483368E-01    0.59330328345287E-01   -0.72204756548478E-01   -0.71996836353132E-01    0.19771274316477    
   0.48000000000000E-01    0.19469119011764       -0.17468645904308        0.12511981047408E-01    0.11403956414313       -0.33485967756700E-01    0.15761616106920E-01   -0.65656100121959E-01    0.11542087938403    
   0.49000000000000E-01    0.21644251191008       -0.20016966163845       -0.34392122694532E-01    0.16520645764648       -0.12302970805353        0.10219053738171       -0.52885043839720E-01    0.21836525475953E-01
   0.50000000000000E-01    0.21700898900226       -0.20606119980992       -0.77928790643049E-01    0.20020445885086       -0.20053534048416        0.17862135577640       -0.34933956887616E-01   -0.73879927871741E-01
   0.51000000000000E-01    0.19633502387119       -0.19178420782546       -0.11383640459503        0.21560747584148       -0.25841572091686        0.23757213548043       -0.13560146973484E-01   -0.16235936472889    
   0.52000000000000E-01    0.15644415415336       -0.15873602539258       -0.13860012949556        0.20990750552042       -0.29100479608305        0.27327204113707        0.91440742721829E-02   -0.23494105808820    
   0.53000000000000E-01    0.10124097794997       -0.11015142029241       -0.14979596812652        0.18366225265065       -0.29511223626797        0.28222622766841        0.30956198130257E-01   -0.28452044218521    
   0.54000000000000E-01    0.36128947853336E-01   -0.50785950731482E-01   -0.14632803728125        0.13944054238044       -0.27033572651076        0.26355793987156        0.49741070186293E-01   -0.30624455710234    
   0.55000000000000E-01   -0.32518553360021E-01    0.13549537932811E-01   -0.12853583917314        0.81570869666274E-01   -0.21910034713615        0.21909433475264        0.63659890878091E-01   -0.29798709068011    
   0.56000000000000E-01   -0.97982080608008E-01    0.76557715424877E-01   -0.98161027592512E-01    0.15717699352141E-01   -0.14642118883140        0.15318762576639        0.71350206803065E-01   -0.26055651730669    
   0.57000000000000E-01   -0.15385386944913        0.13207118944820       -0.58176921957152E-01   -0.51673008364649E-01   -0.59412439210634E-01    0.72289056658343E-01    0.72059274014300E-01   -0.19761695949428    
   0.58000000000000E-01   -0.19466506966015        0.17465620950556       -0.12497457590575E-01   -0.11400477121734        0.33409005060529E-01   -0.15682592632532E-01    0.65717738801477E-01   -0.11532951884393    
   0.59000000000000E-01   -0.21642107147542        0.20014455692845        0.34405937817725E-01   -0.16517629280473        0.12295723323853       -0.10211615292731        0.52946423590407E-01   -0.21749185404626E-01
   0.60000000000000E-01   -0.21699252304509        0.20604155603066        0.77942038788466E-01   -0.20017869874709        0.20046671466413       -0.17855098879071        0.34995553728386E-01    0.73963639877660E-01
   0.61000000000000E-01   -0.19632376361366        0.19177026742644        0.11384924309286       -0.21558583938711        0.25835033197849       -0.23750518633532        0.13622374074380E-01    0.16243982796275    
   0.62000000000000E-01   -0.15643826954067        0.15872796017883        0.13861272681548       -0.20988966475101        0.29094206309388       -0.27320793701919       -0.90808648532466E-02    0.23501863622654    
   0.63000000000000E-01   -0.10124058007747        0.11014933489900        0.14980849941640       -0.18364784289258        0.29505161300371       -0.28216442658015       -0.30891713249414E-01    0.28459548113745    
   0.64000000000000E-01   -0.36134091792622E-01    0.50789886475676E-01    0.14634068030695       -0.13942917166867        0.27027670418063       -0.26349793381383       -0.49675073034392E-01    0.30631738321720    
   0.65000000000000E-01    0.32507865405666E-01   -0.13539598901341E-01    0.12854877067364       -0.81562127384663E-01    0.21904245638126       -0.21903565216075       -0.63592198093528E-01    0.29805800930111    
   0.66000000000000E-01    0.97965895884149E-01   -0.76541845750193E-01    0.98174420056517E-01   -0.15711164083596E-01    0.14636400106731       -0.15312983326617       -0.71280685343548E-01    0.26062581166475    
   0.67000000000000E-01    0.15383228102704       -0.13204951203768        0.58190940816680E-01    0.51677761776507E-01    0.59355567381306E-01   -0.72231760209575E-01   -0.71987837845338E-01    0.19768488992003    
   0.68000000000000E-01    0.19463821266616       -0.17462889290378        0.12512258822160E-01    0.11400816538357       -0.33465906252640E-01    0.15739747143947E-01   -0.65644345455624E-01    0.11539632227920    
   0.69000000000000E-01    0.21638911922355       -0.20011181064992       -0.34390209698386E-01    0.16517874226154       -0.12301446756641        0.10217347958727       -0.52871070644389E-01    0.21815075191358E-01
   0.70000000000000E-01    0.21695568311916       -0.20600362590054       -0.77925252358119E-01    0.20018060515423       -0.20052454501631        0.17860876198916       -0.34918275240009E-01   -0.73898473954528E-01
   0.71000000000000E-01    0.19628227394137       -0.19172743097170       -0.11383128129961        0.21558758742028       -0.25840898135276        0.23756364147785       -0.13543237016018E-01   -0.16237521940266    
   0.72000000000000E-01    0.15639239449611       -0.15868052210842       -0.13859348792882        0.20989161865169       -0.29100171589375        0.27326727156807        0.91617641310013E-02   -0.23495444133568    
   0.73000000000000E-01    0.10119060664583       -0.11009762270481       -0.14978789767369        0.18365034363422       -0.29511241659119        0.28222480137714        0.30974252496286E-01   -0.28453157836982    
   0.74000000000000E-01    0.36080325825723E-01   -0.50734246182876E-01   -0.14631864628171        0.13943253469806       -0.27033877064267        0.26355947464054        0.49759107496126E-01   -0.30625367235809    
   0.75000000000000E-01   -0.32565102818298E-01    0.13598806811336E-01   -0.12852525139269        0.81566640895311E-01   -0.21910586446894        0.21909845149513        0.63677563803807E-01   -0.29799441051636    
   0.76000000000000E-01   -0.98026271906418E-01    0.76604250224012E-01   -0.98149378891021E-01    0.15717087777882E-01   -0.14642879827170        0.15319395219788        0.71367202293914E-01   -0.26056226443707    
   0.77000000000000E-01   -0.15389545441195        0.13211473512632       -0.58164357173392E-01   -0.51670197480322E-01   -0.59421772112184E-01    0.72297230478654E-01    0.72075313018654E-01   -0.19762135189347    
   0.78000000000000E-01   -0.19470383692096        0.17469655321803       -0.12484127659621E-01   -0.11399875974013        0.33398302415734E-01   -0.15672921016721E-01    0.65732575710796E-01   -0.11533276803146    
   0.79000000000000E-01   -0.21645684559257        0.20018152658610        0.34419878504898E-01   -0.16516732422607        0.12294549757901       -0.10210531810786        0.52959845442315E-01   -0.21751494952270E-01
   0.80000000000000E-01   -0.21702516337506        0.20607501862955        0.77956434780179E-01   -0.20016703308782        0.20045426405435       -0.17853930846119        0.35007379203863E-01    0.73962075622097E-01
   0.81000000000000E-01   -0.19635316297760        0.19180012718806        0.11386394002549       -0.21557174851192        0.25833746450076       -0.23749295976107        0.13632452320771E-01    0.16243882494295    
   0.82000000000000E-01   -0.15646435271651        0.15875415653713        0.13862757331995       -0.20987342809274        0.29092905585616       -0.27319544384605       -0.90726555442230E-02    0.23501802154751    
   0.83000000000000E-01   -0.10126330214865        0.11017184036728        0.14982334878821       -0.18362974358085        0.29503872144405       -0.28215192595187       -0.30885466881770E-01    0.28459509374874    
   0.84000000000000E-01   -0.36153436381664E-01    0.50808704423781E-01    0.14635539194825       -0.13940949305360        0.27026416164121       -0.26348566377121       -0.49670857441754E-01    0.30631707442127    
   0.85000000000000E-01    0.32491887992945E-01   -0.13524436531614E-01    0.12856321131715       -0.81541149942984E-01    0.21903047392425       -0.21902382929562       -0.63590056544186E-01    0.29805764310023    
   0.86000000000000E-01    0.97953250578923E-01   -0.76530280766879E-01    0.98188464782792E-01   -0.15689162693058E-01    0.14635276750757       -0.15311865260462       -0.71280638197012E-01    0.26062526495899    
   0.87000000000000E-01    0.15382290996082       -0.13204146233447        0.58204473876864E-01    0.51700520212443E-01    0.59345249512335E-01   -0.72221395299792E-01   -0.71989884241727E-01    0.19768405256909    
   0.88000000000000E-01    0.19463203715689       -0.17462425479045        0.12525174279060E-01    0.11403142397773       -0.33475163263341E-01    0.15749143961961E-01   -0.65648465021375E-01    0.11539509704160    
   0.89000000000000E-01    0.21638604176649       -0.20011046115835       -0.34378007497369E-01    0.16520225587156       -0.12302253963359        0.10218177675271       -0.52877225199450E-01    0.21813377553453E-01
   0.90000000000000E-01    0.21695558936629       -0.20600542505138       -0.77913848463159E-01    0.20020414181697       -0.20053132846513        0.17861584815221       -0.34926410493475E-01   -0.73900716047432E-01
   0.91000000000000E-01    0.19628503465475       -0.19173222398731       -0.11382074998194        0.21561092951244       -0.25841439213776        0.23756942481192       -0.13553284238628E-01   -0.16237806590105    
   0.92000000000000E-01    0.15639786746259       -0.15868814156003       -0.13858389263223        0.20991456379642       -0.29100568872665        0.27327167898123        0.91498864683286E-02   -0.23495794051472    
   0.93000000000000E-01    0.10119863854144       -0.11010789058373       -0.14977929108119        0.18367270537439       -0.29511490399342        0.28222777763858        0.30960637126383E-01   -0.28453576732200    
   0.94000000000000E-01    0.36090754020178E-01   -0.50746975886961E-01   -0.14631107048489        0.13945414295519       -0.27033974193796        0.26356098143882        0.49743856810228E-01   -0.30625857753872    
   0.95000000000000E-01   -0.32552448524893E-01    0.13583808583346E-01   -0.12851873815070        0.81587342233562E-01   -0.21910530473032        0.21909846644196        0.63660788362689E-01   -0.29800004833263    
   0.96000000000000E-01   -0.98011567622334E-01    0.76587181675777E-01   -0.98143949968735E-01    0.15736745492335E-01   -0.14642670723528        0.15319246779162        0.71349019402024E-01   -0.26056864187135    
   0.97000000000000E-01   -0.15387888057349        0.13209579766957       -0.58160024746853E-01   -0.51651703433413E-01   -0.59418163069849E-01    0.72294253038832E-01    0.72055845365598E-01   -0.19762846715267    
   0.98000000000000E-01   -0.19468557679781        0.17467594988433       -0.12480894778459E-01   -0.11398153295414        0.33403403734638E-01   -0.15677372432333E-01    0.65711950083204E-01   -0.11534061121447    
   0.99000000000000E-01   -0.21643708388236        0.20015946054601        0.34422017408024E-01   -0.16515145217879        0.12295205412674       -0.10211121279273        0.52938191509966E-01   -0.21760048728278E-01
   0.10000000000000       -0.21700408488977        0.20605169182166        0.77957493341968E-01   -0.20015258758486        0.20046222857640       -0.17854660514841        0.34984828380830E-01    0.73952835330619E-01
   0.10100000000000       -0.19633095142360        0.19177573905777        0.11386393937543       -0.21555878622380        0.25834678063236       -0.23750160770155        0.13609136704037E-01    0.16242892827878    
   0.10200000000000       -0.15644118956932        0.15872890288476        0.13862654148188       -0.20986199117181        0.29093965919665       -0.27320538386933       -0.90966041583587E-02    0.23500750404385    
   0.10300000000000       -0.10123936562218        0.11014591230463        0.14982132006816       -0.18361986034480        0.29505054060347       -0.28216309150371       -0.30909917903639E-01    0.28458399566567    
   0.10400000000000       -0.36128900491533E-01    0.50782287437419E-01    0.14635240631441       -0.13940117872374        0.27027711925329       -0.26349798192163       -0.49695682316789E-01    0.30630544009815    
   0.10500000000000        0.32516854272553E-01   -0.13551163413242E-01    0.12855931377858       -0.81534407425765E-01    0.21904448762242       -0.21903722171330       -0.63615129505129E-01    0.29804552032699    
   0.10600000000000        0.97978484067536E-01   -0.76557145704296E-01    0.98183704771680E-01   -0.15683983393945E-01    0.14636775085953       -0.15313303649286       -0.71305836940562E-01    0.26061270436968    
   0.10700000000000        0.15384825393427       -0.13206830130996        0.58198904639995E-01    0.51704155551287E-01    0.59361112910131E-01   -0.72236684291839E-01   -0.72015090532031E-01    0.19767110706080    
   0.10800000000000        0.19465734192300       -0.17465091214617        0.12518852281923E-01    0.11403354442539       -0.33458511759360E-01    0.15733038952649E-01   -0.65673565222134E-01    0.11538182122039    
   0.10900000000000        0.21641116515759       -0.20013679004386       -0.34385023149629E-01    0.16520289945006       -0.12300519350034        0.10216494672815       -0.52902110736937E-01    0.21799827209415E-01
