                                                                        
    0.0000000000000         0.0000000000000         0.0000000000000         0.0000000000000         0.0000000000000         0.0000000000000         0.0000000000000         0.0000000000000         0.0000000000000    
   0.10000000000000E-02   -0.48392332770716E-01    0.41127917463925E-01   -0.13518647405772E-01   -0.15408473492380E-01    0.14025811632201E-01   -0.98074817542780E-02    0.24155610177356E-01   -0.19757533329139E-01
   0.20000000000000E-02   -0.65919300996803E-01    0.59454605349262E-01    0.41203338439944E-02   -0.43520196215389E-01    0.44384969273331E-01   -0.36750909754446E-01    0.23904160808429E-01   -0.42786179121745E-02
   0.30000000000000E-02   -0.70439519822817E-01    0.66759305865856E-01    0.30192199342469E-01   -0.69954806315768E-01    0.82184823235462E-01   -0.72682650347747E-01    0.14601597989679E-01    0.33648720275751E-01
   0.40000000000000E-02   -0.58908324600174E-01    0.59612010461705E-01    0.55978754698347E-01   -0.85489035155712E-01    0.11552428497462       -0.10618668827150       -0.60441831625741E-03    0.81417101024097E-01
   0.50000000000000E-02   -0.30278024940642E-01    0.36300549133493E-01    0.75022206368169E-01   -0.84162119180531E-01    0.13361024464598       -0.12664301039851       -0.19096132521686E-01    0.12631841686725    
   0.60000000000000E-02    0.13395747252405E-01   -0.19708138714093E-02    0.82368237499394E-01   -0.63254215682661E-01    0.12854047723872       -0.12598035506308       -0.37898632481361E-01    0.15664754559611    
   0.70000000000000E-02    0.67049014168459E-01   -0.51062118642643E-01    0.74886911815768E-01   -0.23459415001940E-01    0.96376527989344E-01   -0.99760821875778E-01   -0.53841545637389E-01    0.16309361536490    
   0.80000000000000E-02    0.12327855601309       -0.10443884680495        0.51674277405232E-01    0.31216171251705E-01    0.37712478118756E-01   -0.47803800289792E-01   -0.63957546465952E-01    0.13999168652874    
   0.90000000000000E-02    0.17336582220069       -0.15406990804390        0.14247952957836E-01    0.93945795695363E-01   -0.42302532069016E-01    0.25697481763984E-01   -0.65904958327585E-01    0.86194890065626E-01
   0.10000000000000E-01    0.20850688156520       -0.19155042963345       -0.33552583480252E-01    0.15594610323261       -0.13451835888873        0.11260758582575       -0.58328969914783E-01    0.54103744400492E-02
   0.11000000000000E-01    0.17270362885061       -0.16818359691353       -0.99491321819377E-01    0.19221817840976       -0.21285064304428        0.19199792513756       -0.16952589440573E-01   -0.11383742462438    
   0.12000000000000E-01    0.13998348204775       -0.14231327404598       -0.13189870127700        0.19637217001889       -0.26154461842714        0.24382032677673        0.84532959690981E-02   -0.20458823487592    
   0.13000000000000E-01    0.90551954795340E-01   -0.99497345388363E-01   -0.14613918280238        0.17548575541164       -0.27643137835987        0.26356629864500        0.30778599681997E-01   -0.26539593814813    
   0.14000000000000E-01    0.29346514229737E-01   -0.44028597033627E-01   -0.14416805538253        0.13439956464618       -0.25855255518490        0.25179908388964        0.49684312908321E-01   -0.29415173413290    
   0.15000000000000E-01   -0.36797865487123E-01    0.17815027970439E-01   -0.12721717089149        0.78420995416453E-01   -0.21167564805605        0.21169102360235        0.63660629046446E-01   -0.29031121337420    
   0.16000000000000E-01   -0.10068733268072        0.79259175367844E-01   -0.97347947332769E-01    0.13721232023365E-01   -0.14174509738553        0.14852725399017        0.71395372574869E-01   -0.25565866366087    
   0.17000000000000E-01   -0.15557451605033        0.13379607193656       -0.57677516752945E-01   -0.52962705042295E-01   -0.56472798013798E-01    0.69359070700822E-01    0.72140611816056E-01   -0.19446888472098    
   0.18000000000000E-01   -0.19576964031353        0.17577101553162       -0.12195922670964E-01   -0.11485956306178        0.35248062294624E-01   -0.17517373538050E-01    0.65827057115228E-01   -0.11328557531337    
   0.19000000000000E-01   -0.21713893012876        0.20087684789601        0.34581532326277E-01   -0.16576149370526        0.12409589987176       -0.10325490471488        0.53076098435186E-01   -0.20403425865747E-01
   0.20000000000000E-01   -0.21746629033544        0.20653244015548        0.78037248673953E-01   -0.20059446659397        0.20115759271269       -0.17924528797362        0.35138972558557E-01    0.74866840335209E-01
   0.21000000000000E-01   -0.19664213364915        0.19210721125008        0.11389337300856       -0.21589258704307        0.25875346125487       -0.23791414533837        0.13774006985229E-01    0.16306166899970    
   0.22000000000000E-01   -0.15665641093957        0.15896516019056        0.13862487075614       -0.21012369740219        0.29115932150089       -0.27343263158721       -0.89255590492248E-02    0.23546089967683    
   0.23000000000000E-01   -0.10139280956334        0.11032035564803        0.14980121790164       -0.18383096401528        0.29514825017731       -0.28226943460800       -0.30736419868897E-01    0.28492249804388    
   0.24000000000000E-01   -0.36241757907199E-01    0.50915509911828E-01    0.14632227759932       -0.13957455738244        0.27029484032583       -0.26352483180916       -0.49522747247267E-01    0.30656984350129    
   0.25000000000000E-01    0.32431469815519E-01   -0.13446491754532E-01    0.12852472943796       -0.81677894024507E-01    0.21900955597891       -0.21901148068197       -0.63445172773274E-01    0.29826165741581    
   0.26000000000000E-01    0.97912468456767E-01   -0.76473236375748E-01    0.98148321848720E-01   -0.15802514187353E-01    0.14629819909092       -0.15307241003842       -0.71140761798357E-01    0.26079693058824    
   0.27000000000000E-01    0.15379659606989       -0.13200035363347        0.58165068384466E-01    0.51607265407105E-01    0.59269021552931E-01   -0.72153016690859E-01   -0.71856362654391E-01    0.19783376548416    
   0.28000000000000E-01    0.19461692665625       -0.17459593558819        0.12487998446552E-01    0.11395585709858       -0.33564902348568E-01    0.15831668629298E-01   -0.65522276391083E-01    0.11552943583523    
   0.29000000000000E-01    0.21638002656543       -0.20009287404954       -0.34412093748537E-01    0.16514243231818       -0.12312014964494        0.10227290576044       -0.52759033907418E-01    0.21936494443618E-01
   0.30000000000000E-01    0.21695725416669       -0.20599715151680       -0.77944426800431E-01    0.20015835059991       -0.20063283216098        0.17871165553324       -0.34816615586672E-01   -0.73786210587861E-01
   0.31000000000000E-01    0.19629337014266       -0.19173220952041       -0.11384770843086        0.21557757598674       -0.25851693722056        0.23766707307698       -0.13452061896858E-01   -0.16227053902279    
   0.32000000000000E-01    0.15641209471984       -0.15869553017392       -0.13860732814687        0.20989211747439       -0.29110720288901        0.27336908305703        0.92425455917949E-02   -0.23485637624784    
   0.33000000000000E-01    0.10121810324834       -0.11012192751412       -0.14979943846820        0.18365968367814       -0.29521387134006        0.28232338857027        0.31044895043268E-01   -0.28443953527327    
   0.34000000000000E-01    0.36114864373033E-01   -0.50766952623565E-01   -0.14632825011730        0.13944911350148       -0.27043505581440        0.26365364512492        0.49819999292124E-01   -0.30616728426916    
   0.35000000000000E-01   -0.32524256626504E-01    0.13558583196713E-01   -0.12853331736858        0.81588933442384E-01   -0.21919616876685        0.21918732942817        0.63729199557861E-01   -0.29791344177308    
   0.36000000000000E-01   -0.97979848500486E-01    0.76557394497249E-01   -0.98156314643545E-01    0.15743659706772E-01   -0.14651256695078        0.15327691265291        0.71410159598519E-01   -0.26048654993341    
   0.37000000000000E-01   -0.15384418637642        0.13206213489587       -0.58170558522439E-01   -0.51640677465099E-01   -0.59498656980111E-01    0.72373852460148E-01    0.72110231575212E-01   -0.19755075851440    
   0.38000000000000E-01   -0.19464845893760        0.17463909529910       -0.12489964187695E-01   -0.11396750979385        0.33328480417274E-01   -0.15602889651195E-01    0.65760139156879E-01   -0.11526717057683    
   0.39000000000000E-01   -0.21639809093385        0.20012009089943        0.34414073284626E-01   -0.16513544223619        0.12288277752812       -0.10204198801561        0.52980765527368E-01   -0.21690761575982E-01
   0.40000000000000E-01   -0.21696375861015        0.20601047090380        0.77950369686778E-01   -0.20013549257372        0.20039856863545       -0.17848267106794        0.35022382082410E-01    0.74018091688176E-01
   0.41000000000000E-01   -0.19628982193423        0.19173331142351        0.11385736969444       -0.21554139734806        0.25828861971219       -0.23744290600474        0.13642266756861E-01    0.16249028949966    
   0.42000000000000E-01   -0.15639977034783        0.15868588780384        0.13862029952933       -0.20984498971332        0.29088680789829       -0.27315178039908       -0.90673082489203E-02    0.23506512077616    
   0.43000000000000E-01   -0.10119814869941        0.11010289826675        0.14981522012402       -0.18360382027308        0.29500275145825       -0.28211438953404       -0.30883881407844E-01    0.28463803373762    
   0.44000000000000E-01   -0.36088352086313E-01    0.50739827387301E-01    0.14634630220760       -0.13938657094196        0.27023409872887       -0.26345393393353       -0.49672351574984E-01    0.30635607951028    
   0.45000000000000E-01    0.32556297553852E-01   -0.13592556032425E-01    0.12855309697447       -0.81521605292184E-01    0.21900590672561       -0.21899753991475       -0.63593977043797E-01    0.29809295348387    
   0.46000000000000E-01    0.98016418406624E-01   -0.76597000083375E-01    0.98177301781497E-01   -0.15673269191462E-01    0.14633325453077       -0.15309740224481       -0.71286365538425E-01    0.26065713385414    
   0.47000000000000E-01    0.15388431083522       -0.13210619160340        0.58192273962370E-01    0.51712583483368E-01    0.59330328345287E-01   -0.72204756548478E-01   -0.71996836353132E-01    0.19771274316477    
   0.48000000000000E-01    0.19469119011764       -0.17468645904308        0.12511981047408E-01    0.11403956414313       -0.33485967756700E-01    0.15761616106920E-01   -0.65656100121959E-01    0.11542087938403    
   0.49000000000000E-01    0.21644251191008       -0.20016966163845       -0.34392122694532E-01    0.16520645764648       -0.12302970805353        0.10219053738171       -0.52885043839720E-01    0.21836525475953E-01
   0.50000000000000E-01    0.21700898900226       -0.20606119980992       -0.77928790643049E-01    0.20020445885086       -0.20053534048416        0.17862135577640       -0.34933956887616E-01   -0.73879927871741E-01
   0.51000000000000E-01    0.19633502387119       -0.19178420782546       -0.11383640459503        0.21560747584148       -0.25841572091686        0.23757213548043       -0.13560146973484E-01   -0.16235936472889    
   0.52000000000000E-01    0.15644415415336       -0.15873602539258       -0.13860012949556        0.20990750552042       -0.29100479608305        0.27327204113707        0.91440742721829E-02   -0.23494105808820    
   0.53000000000000E-01    0.10124097794997       -0.11015142029241       -0.14979596812652        0.18366225265065       -0.29511223626797        0.28222622766841        0.30956198130257E-01   -0.28452044218521    
   0.54000000000000E-01    0.36128947853336E-01   -0.50785950731482E-01   -0.14632803728125        0.13944054238044       -0.27033572651076        0.26355793987156        0.49741070186293E-01   -0.30624455710234    
   0.55000000000000E-01   -0.32518553360021E-01    0.13549537932811E-01   -0.12853583917314        0.81570869666274E-01   -0.21910034713615        0.21909433475264        0.63659890878091E-01   -0.29798709068011    
   0.56000000000000E-01   -0.97982080608008E-01    0.76557715424877E-01   -0.98161027592512E-01    0.15717699352141E-01   -0.14642118883140        0.15318762576639        0.71350206803065E-01   -0.26055651730669    
   0.57000000000000E-01   -0.15385386944913        0.13207118944820       -0.58176921957152E-01   -0.51673008364649E-01   -0.59412439210634E-01    0.72289056658343E-01    0.72059274014300E-01   -0.19761695949428    
   0.58000000000000E-01   -0.19466506966015        0.17465620950556       -0.12497457590575E-01   -0.11400477121734        0.33409005060529E-01   -0.15682592632532E-01    0.65717738801477E-01   -0.11532951884393    
   0.59000000000000E-01   -0.21642107147542        0.20014455692845        0.34405937817725E-01   -0.16517629280473        0.12295723323853       -0.10211615292731        0.52946423590407E-01   -0.21749185404626E-01
   0.60000000000000E-01   -0.21699252304509        0.20604155603066        0.77942038788466E-01   -0.20017869874709        0.20046671466413       -0.17855098879071        0.34995553728386E-01    0.73963639877660E-01
   0.61000000000000E-01   -0.19632376361366        0.19177026742644        0.11384924309286       -0.21558583938711        0.25835033197849       -0.23750518633532        0.13622374074380E-01    0.16243982796275    
   0.62000000000000E-01   -0.15643826954067        0.15872796017883        0.13861272681548       -0.20988966475101        0.29094206309388       -0.27320793701919       -0.90808648532466E-02    0.23501863622654    
   0.63000000000000E-01   -0.10124058007747        0.11014933489900        0.14980849941640       -0.18364784289258        0.29505161300371       -0.28216442658015       -0.30891713249414E-01    0.28459548113745    
   0.64000000000000E-01   -0.36134091792622E-01    0.50789886475676E-01    0.14634068030695       -0.13942917166867        0.27027670418063       -0.26349793381383       -0.49675073034392E-01    0.30631738321720    
   0.65000000000000E-01    0.32507865405666E-01   -0.13539598901341E-01    0.12854877067364       -0.81562127384663E-01    0.21904245638126       -0.21903565216075       -0.63592198093528E-01    0.29805800930111    
   0.66000000000000E-01    0.97965895884149E-01   -0.76541845750193E-01    0.98174420056517E-01   -0.15711164083596E-01    0.14636400106731       -0.15312983326617       -0.71280685343548E-01    0.26062581166475    
   0.67000000000000E-01    0.15383228102704       -0.13204951203768        0.58190940816680E-01    0.51677761776507E-01    0.59355567381306E-01   -0.72231760209575E-01   -0.71987837845338E-01    0.19768488992003    
   0.68000000000000E-01    0.19463821266616       -0.17462889290378        0.12512258822160E-01    0.11400816538357       -0.33465906252640E-01    0.15739747143947E-01   -0.65644345455624E-01    0.11539632227920    
   0.69000000000000E-01    0.21638911922355       -0.20011181064992       -0.34390209698386E-01    0.16517874226154       -0.12301446756641        0.10217347958727       -0.52871070644389E-01    0.21815075191358E-01
   0.70000000000000E-01    0.21695568311916       -0.20600362590054       -0.77925252358119E-01    0.20018060515423       -0.20052454501631        0.17860876198916       -0.34918275240009E-01   -0.73898473954528E-01
   0.71000000000000E-01    0.19628227394137       -0.19172743097170       -0.11383128129961        0.21558758742028       -0.25840898135276        0.23756364147785       -0.13543237016018E-01   -0.16237521940266    
   0.72000000000000E-01    0.15639239449611       -0.15868052210842       -0.13859348792882        0.20989161865169       -0.29100171589375        0.27326727156807        0.91617641310013E-02   -0.23495444133568    
   0.73000000000000E-01    0.10119060664583       -0.11009762270481       -0.14978789767369        0.18365034363422       -0.29511241659119        0.28222480137714        0.30974252496286E-01   -0.28453157836982    
   0.74000000000000E-01    0.36080325825723E-01   -0.50734246182876E-01   -0.14631864628171        0.13943253469806       -0.27033877064267        0.26355947464054        0.49759107496126E-01   -0.30625367235809    
   0.75000000000000E-01   -0.32565102818298E-01    0.13598806811336E-01   -0.12852525139269        0.81566640895311E-01   -0.21910586446894        0.21909845149513        0.63677563803807E-01   -0.29799441051636    
   0.76000000000000E-01   -0.98026271906418E-01    0.76604250224012E-01   -0.98149378891021E-01    0.15717087777882E-01   -0.14642879827170        0.15319395219788        0.71367202293914E-01   -0.26056226443707    
   0.77000000000000E-01   -0.15389545441195        0.13211473512632       -0.58164357173392E-01   -0.51670197480322E-01   -0.59421772112184E-01    0.72297230478654E-01    0.72075313018654E-01   -0.19762135189347    
   0.78000000000000E-01   -0.19470383692096        0.17469655321803       -0.12484127659621E-01   -0.11399875974013        0.33398302415734E-01   -0.15672921016721E-01    0.65732575710796E-01   -0.11533276803146    
   0.79000000000000E-01   -0.21645684559257        0.20018152658610        0.34419878504898E-01   -0.16516732422607        0.12294549757901       -0.10210531810786        0.52959845442315E-01   -0.21751494952270E-01
   0.80000000000000E-01   -0.21702516337506        0.20607501862955        0.77956434780179E-01   -0.20016703308782        0.20045426405435       -0.17853930846119        0.35007379203863E-01    0.73962075622097E-01
   0.81000000000000E-01   -0.19635316297760        0.19180012718806        0.11386394002549       -0.21557174851192        0.25833746450076       -0.23749295976107        0.13632452320771E-01    0.16243882494295    
   0.82000000000000E-01   -0.15646435271651        0.15875415653713        0.13862757331995       -0.20987342809274        0.29092905585616       -0.27319544384605       -0.90726555442230E-02    0.23501802154751    
   0.83000000000000E-01   -0.10126330214865        0.11017184036728        0.14982334878821       -0.18362974358085        0.29503872144405       -0.28215192595187       -0.30885466881770E-01    0.28459509374874    
   0.84000000000000E-01   -0.36153436381664E-01    0.50808704423781E-01    0.14635539194825       -0.13940949305360        0.27026416164121       -0.26348566377121       -0.49670857441754E-01    0.30631707442127    
   0.85000000000000E-01    0.32491887992945E-01   -0.13524436531614E-01    0.12856321131715       -0.81541149942984E-01    0.21903047392425       -0.21902382929562       -0.63590056544186E-01    0.29805764310023    
   0.86000000000000E-01    0.97953250578923E-01   -0.76530280766879E-01    0.98188464782792E-01   -0.15689162693058E-01    0.14635276750757       -0.15311865260462       -0.71280638197012E-01    0.26062526495899    
   0.87000000000000E-01    0.15382290996082       -0.13204146233447        0.58204473876864E-01    0.51700520212443E-01    0.59345249512335E-01   -0.72221395299792E-01   -0.71989884241727E-01    0.19768405256909    
   0.88000000000000E-01    0.19463203715689       -0.17462425479045        0.12525174279060E-01    0.11403142397773       -0.33475163263341E-01    0.15749143961961E-01   -0.65648465021375E-01    0.11539509704160    
   0.89000000000000E-01    0.21638604176649       -0.20011046115835       -0.34378007497369E-01    0.16520225587156       -0.12302253963359        0.10218177675271       -0.52877225199450E-01    0.21813377553453E-01
   0.90000000000000E-01    0.21695558936629       -0.20600542505138       -0.77913848463159E-01    0.20020414181697       -0.20053132846513        0.17861584815221       -0.34926410493475E-01   -0.73900716047432E-01
   0.91000000000000E-01    0.19628503465475       -0.19173222398731       -0.11382074998194        0.21561092951244       -0.25841439213776        0.23756942481192       -0.13553284238628E-01   -0.16237806590105    
   0.92000000000000E-01    0.15639786746259       -0.15868814156003       -0.13858389263223        0.20991456379642       -0.29100568872665        0.27327167898123        0.91498864683286E-02   -0.23495794051472    
   0.93000000000000E-01    0.10119863854144       -0.11010789058373       -0.14977929108119        0.18367270537439       -0.29511490399342        0.28222777763858        0.30960637126383E-01   -0.28453576732200    
   0.94000000000000E-01    0.36090754020178E-01   -0.50746975886961E-01   -0.14631107048489        0.13945414295519       -0.27033974193796        0.26356098143882        0.49743856810228E-01   -0.30625857753872    
   0.95000000000000E-01   -0.32552448524893E-01    0.13583808583346E-01   -0.12851873815070        0.81587342233562E-01   -0.21910530473032        0.21909846644196        0.63660788362689E-01   -0.29800004833263    
   0.96000000000000E-01   -0.98011567622334E-01    0.76587181675777E-01   -0.98143949968735E-01    0.15736745492335E-01   -0.14642670723528        0.15319246779162        0.71349019402024E-01   -0.26056864187135    
   0.97000000000000E-01   -0.15387888057349        0.13209579766957       -0.58160024746853E-01   -0.51651703433413E-01   -0.59418163069849E-01    0.72294253038832E-01    0.72055845365598E-01   -0.19762846715267    
   0.98000000000000E-01   -0.19468557679781        0.17467594988433       -0.12480894778459E-01   -0.11398153295414        0.33403403734638E-01   -0.15677372432333E-01    0.65711950083204E-01   -0.11534061121447    
   0.99000000000000E-01   -0.21643708388236        0.20015946054601        0.34422017408024E-01   -0.16515145217879        0.12295205412674       -0.10211121279273        0.52938191509966E-01   -0.21760048728278E-01
   0.10000000000000       -0.21700408488977        0.20605169182166        0.77957493341968E-01   -0.20015258758486        0.20046222857640       -0.17854660514841        0.34984828380830E-01    0.73952835330619E-01
   0.10100000000000       -0.19633095142360        0.19177573905777        0.11386393937543       -0.21555878622380        0.25834678063236       -0.23750160770155        0.13609136704037E-01    0.16242892827878    
   0.10200000000000       -0.15644118956932        0.15872890288476        0.13862654148188       -0.20986199117181        0.29093965919665       -0.27320538386933       -0.90966041583587E-02    0.23500750404385    
   0.10300000000000       -0.10123936562218        0.11014591230463        0.14982132006816       -0.18361986034480        0.29505054060347       -0.28216309150371       -0.30909917903639E-01    0.28458399566567    
   0.10400000000000       -0.36128900491533E-01    0.50782287437419E-01    0.14635240631441       -0.13940117872374        0.27027711925329       -0.26349798192163       -0.49695682316789E-01    0.30630544009815    
   0.10500000000000        0.32516854272553E-01   -0.13551163413242E-01    0.12855931377858       -0.81534407425765E-01    0.21904448762242       -0.21903722171330       -0.63615129505129E-01    0.29804552032699    
   0.10600000000000        0.97978484067536E-01   -0.76557145704296E-01    0.98183704771680E-01   -0.15683983393945E-01    0.14636775085953       -0.15313303649286       -0.71305836940562E-01    0.26061270436968    
   0.10700000000000        0.15384825393427       -0.13206830130996        0.58198904639995E-01    0.51704155551287E-01    0.59361112910131E-01   -0.72236684291839E-01   -0.72015090532031E-01    0.19767110706080    
   0.10800000000000        0.19465734192300       -0.17465091214617        0.12518852281923E-01    0.11403354442539       -0.33458511759360E-01    0.15733038952649E-01   -0.65673565222134E-01    0.11538182122039    
   0.10900000000000        0.21641116515759       -0.20013679004386       -0.34385023149629E-01    0.16520289945006       -0.12300519350034        0.10216494672815       -0.52902110736937E-01    0.21799827209415E-01
   0.11000000000000        0.21698039715059       -0.20603128778450       -0.77921496584708E-01    0.20020335464340       -0.20051338197165        0.17859838527356       -0.34950978252782E-01   -0.73914484434902E-01
   0.11100000000000        0.19630940087063       -0.19175749233276       -0.11382896784260        0.21560876494838       -0.25839593965126        0.23755142169283       -0.13577436896692E-01   -0.16239199562613    
   0.11200000000000        0.15642167467942       -0.15871269693050       -0.13859261646863        0.20991108161022       -0.29098682406969        0.27325322803052        0.91262401708841E-02   -0.23497197507604    
   0.11300000000000        0.10122177805091       -0.11013162416809       -0.14978845658094        0.18366797092117       -0.29509571985284        0.28220897045382        0.30937582170823E-01   -0.28454985082056    
   0.11400000000000        0.36113125962218E-01   -0.50769788710353E-01   -0.14632061324221        0.13944822637982       -0.27032032932473        0.26354190824948        0.49721471739826E-01   -0.30627265504340    
   0.11500000000000       -0.32530935098021E-01    0.13562005663059E-01   -0.12852859409287        0.81580317699629E-01   -0.21908575248990        0.21907921560309        0.63639145174376E-01   -0.29801406621257    
   0.11600000000000       -0.97990994738895E-01    0.76566468029958E-01   -0.98154055751400E-01    0.15728690440439E-01   -0.14640710160780        0.15317312532577        0.71328183485547E-01   -0.26058254809642    
   0.11700000000000       -0.15385932138862        0.13207624301479       -0.58170318118680E-01   -0.51660708994461E-01   -0.59398587298720E-01    0.72274902226659E-01    0.72035875487458E-01   -0.19764221156131    
   0.11800000000000       -0.19466709568860        0.17465761444703       -0.12491314914684E-01   -0.11399140712202        0.33422869747040E-01   -0.15696651414351E-01    0.65692898411885E-01   -0.11535414575105    
   0.11900000000000       -0.21641973658779        0.20014239527212        0.34411529603373E-01   -0.16516211179568        0.12297133411769       -0.10213034318980        0.52920103678970E-01   -0.21773327649805E-01
   0.12000000000000       -0.21698791869157        0.20603593862618        0.77946994964625E-01   -0.20016394883768        0.20048125017781       -0.17856551390053        0.34967743586604E-01    0.73939855277091E-01
   0.12100000000000       -0.19631600536342        0.19176133110919        0.11385348528000       -0.21557076520573        0.25836547558323       -0.23752022567424        0.13593087835320E-01    0.16241628770690    
   0.12200000000000       -0.15642749469889        0.15871586492149        0.13861618407092       -0.20987450440442        0.29095796351590       -0.27322364604445       -0.91115903633125E-02    0.23499524080592    
   0.12300000000000       -0.10122694528232        0.11013426097797        0.14981110910999       -0.18363282526040        0.29506839472443       -0.28218093713143       -0.30923820673905E-01    0.28457214475625    
   0.12400000000000       -0.36117770616440E-01    0.50772031677872E-01    0.14634238878917       -0.13941451410801        0.27029446812254       -0.26351535463653       -0.49708486643848E-01    0.30629403358193    
   0.12500000000000        0.32526684829511E-01   -0.13560022010445E-01    0.12854953375150       -0.81548033820825E-01    0.21906128076477       -0.21905406961574       -0.63626825918360E-01    0.29803458728990    
   0.12600000000000        0.97987013189823E-01   -0.76564612478009E-01    0.98174203292031E-01   -0.15697823462891E-01    0.14638394241124       -0.15314931219876       -0.71316421266074E-01    0.26060227089163    
   0.12700000000000        0.15385548588271       -0.13207438811982        0.58189719664593E-01    0.51690176698626E-01    0.59376661623217E-01   -0.72252344951637E-01   -0.72024563637471E-01    0.19766119620822    
   0.12800000000000        0.19466328696573       -0.17465563694997        0.12510018622439E-01    0.11401949894373       -0.33443642540672E-01    0.15718031661945E-01   -0.65681932749947E-01    0.11537245305789    
   0.12900000000000        0.21641583918958       -0.20014017646927       -0.34393473857722E-01    0.16518885650614       -0.12299103588725        0.10215062663704       -0.52909382828605E-01    0.21791018828373E-01
   0.13000000000000        0.21698382130804       -0.20603336469752       -0.77929535892481E-01    0.20018938019871       -0.20049996360181        0.17858478177780       -0.34957169266184E-01   -0.73922718871894E-01
   0.13100000000000        0.19631160114139       -0.19175829340596       -0.11383657047858        0.21559492157548       -0.25838328378027        0.23753855983221       -0.13582565118447E-01   -0.16239964482642    
   0.13200000000000        0.15642268151267       -0.15871226021300       -0.13859976031238        0.20989742834112       -0.29097494968140        0.27324112858743        0.91221528158622E-02   -0.23497903054524    
   0.13300000000000        0.10122162596761       -0.11012999165974       -0.14979512261979        0.18365456312689       -0.29508464178573        0.28219765006863        0.30934510410542E-01   -0.28455630677917    
   0.13400000000000        0.36111853168881E-01   -0.50767005942371E-01   -0.14632678551334        0.13943511567849       -0.27031005841369        0.26353137955205        0.49719387245846E-01   -0.30627850833328    
   0.13500000000000       -0.32533287090350E-01    0.13565890039130E-01   -0.12853425961169        0.81567551892570E-01   -0.21907629571987        0.21906948735715        0.63638016850241E-01   -0.29801931619446    
   0.13600000000000       -0.97994381489040E-01    0.76571402644012E-01   -0.98159204427982E-01    0.15716313474038E-01   -0.14639846227922        0.15316420258541        0.71327977751459E-01   -0.26058719653949    
   0.13700000000000       -0.15386369589102        0.13208217416790       -0.58174942663064E-01   -0.51672657043111E-01   -0.59390765201343E-01    0.72266786502486E-01    0.72036556559992E-01   -0.19764626252684    
   0.13800000000000       -0.19467240872963        0.17466448648910       -0.12495410732895E-01   -0.11400289003669        0.33429878152133E-01   -0.15703961980513E-01    0.65694428577564E-01   -0.11535760546986    
   0.13900000000000       -0.21642593709092        0.20015015096566        0.34407964521583E-01   -0.16517309719194        0.12297753551052       -0.10213685364364        0.52922443560558E-01   -0.21776204396092E-01
   0.14000000000000       -0.21699495405020        0.20604451949480        0.77943960165172E-01   -0.20017440811500        0.20048665418695       -0.17857123228843        0.34970852401275E-01    0.73937551315442E-01
   0.14100000000000       -0.19632382176124        0.19177067777132        0.11385097796965       -0.21558067348191        0.25837009459066       -0.23752516285324        0.13596923643888E-01    0.16241454456052    
   0.14200000000000       -0.15643603741594        0.15872591740701        0.13861419924722       -0.20988384043445        0.29096181245957       -0.27322781548907       -0.91070704164769E-02    0.23499404485741    
   0.14300000000000       -0.10123615898669        0.11014495902847        0.14980963969489       -0.18364157134127        0.29507149090035       -0.28218435473955       -0.30918660131816E-01    0.28457148087413    
   0.14400000000000       -0.36127599641079E-01    0.50783315029302E-01    0.14634142576537       -0.13942265597074        0.27029683098750       -0.26351803853494       -0.49702729518066E-01    0.30629388525468    
   0.14500000000000        0.32516296225578E-01   -0.13548213362153E-01    0.12854906630051       -0.81555560511701E-01    0.21906293173989       -0.21905603996684       -0.63620516481281E-01    0.29803493675884    
   0.14600000000000        0.97976120575688E-01   -0.76552338029389E-01    0.98174218933201E-01   -0.15704727214730E-01    0.14638490468915       -0.15315059100871       -0.71309603854995E-01    0.26060309928250    
   0.14700000000000        0.15384414442634       -0.13206170663016        0.58190204394188E-01    0.51683900603176E-01    0.59376959977034E-01   -0.72252955882000E-01   -0.72017282470099E-01    0.19766248366020    
   0.14800000000000        0.19465155121981       -0.17464260622919        0.12510957051929E-01    0.11401385231576       -0.33443981942984E-01    0.15718063480133E-01   -0.65674231751522E-01    0.11537417885051    
   0.14900000000000        0.21640376289409       -0.20012685318330       -0.34392098364891E-01    0.16518383840000       -0.12299198566476        0.10215127478381       -0.52901305471013E-01    0.21793161504660E-01
   0.15000000000000        0.21697145720840       -0.20601980419115       -0.77927741085596E-01    0.20018498706551       -0.20050149533660        0.17858601872048       -0.34948758418953E-01   -0.73920181385358E-01
   0.15100000000000        0.19629900082265       -0.19174454954285       -0.11383437508773        0.21559114742008       -0.25838536818783        0.23754035709604       -0.13573862911416E-01   -0.16239673510377    
   0.15200000000000        0.15640989524870       -0.15869838523245       -0.13859718391886        0.20989426488150       -0.29097755677437        0.27324345692022        0.91311051178621E-02   -0.23497577154970    
   0.15300000000000        0.10120870258619       -0.11011603604963       -0.14979218553079        0.18365199995452       -0.29508774103161        0.28220047959916        0.30943672522152E-01   -0.28455272175623    
   0.15400000000000        0.36098839930940E-01   -0.50753018327813E-01   -0.14632350864011        0.13943314041924       -0.27031361888440        0.26353467994137        0.49728719963842E-01   -0.30627462070837    
   0.15500000000000       -0.32546344596683E-01    0.13579862991402E-01   -0.12853066435227        0.81566150366839E-01   -0.21908028623524        0.21907322794320        0.63647482145369E-01   -0.29801514947600    
   0.15600000000000       -0.98007439440249E-01    0.76585316306898E-01   -0.98155312554478E-01    0.15715469855536E-01   -0.14640285154178        0.15316835252008        0.71337538849752E-01   -0.26058277422683    
   0.15700000000000       -0.15387671230711        0.13209598602105       -0.58170776214118E-01   -0.51672960070332E-01   -0.59395521924254E-01    0.72271314881664E-01    0.72046178013444E-01   -0.19764160802342    
   0.15800000000000       -0.19468534353943        0.17467815617242       -0.12490991910856E-01   -0.11400267112426        0.33424785125093E-01   -0.15699085995150E-01    0.65704076324852E-01   -0.11535274200206    
   0.15900000000000       -0.21643875218551        0.20016364031997        0.34412613447818E-01   -0.16517237617626        0.12297213709319       -0.10213166070995        0.52932084978332E-01   -0.21771154937089E-01
   0.16000000000000       -0.21700761332413        0.20605779259046        0.77948816952165E-01   -0.20017320587039        0.20048098094638       -0.17856575277705        0.34980456346279E-01    0.73942764116386E-01
   0.16100000000000       -0.19633629114271        0.19178370092507        0.11385602048581       -0.21557901177786        0.25836417665061       -0.23751942674833        0.13606460486122E-01    0.16241989844309    
   0.16200000000000       -0.15644828488635        0.15873865918864        0.13861940555350       -0.20988174179777        0.29095567941178       -0.27322185229700       -0.90976287689390E-02    0.23499951801026    
   0.16300000000000       -0.10124815459049        0.11015739025671        0.14981498812006       -0.18363905892316        0.29506517172389       -0.28217819340482       -0.30909340215671E-01    0.28457705198951    
   0.16400000000000       -0.36139315485764E-01    0.50795408759042E-01    0.14634689497570       -0.13941975341943        0.27029035397462       -0.26351170736374       -0.49693556305133E-01    0.30629953357796    
   0.16500000000000        0.32504885977799E-01   -0.13536481861994E-01    0.12855463536388       -0.81552291850354E-01    0.21905632443017       -0.21904956655775       -0.63611513376119E-01    0.29804064213293    
   0.16600000000000        0.97965039724245E-01   -0.76540991305543E-01    0.98179867377645E-01   -0.15701116725824E-01    0.14637819381017       -0.15314400219078       -0.71300792698393E-01    0.26060884218722    
   0.16700000000000        0.15383341475669       -0.13205076508193        0.58195912261108E-01    0.51687828488096E-01    0.59370171392115E-01   -0.72246277659315E-01   -0.72008683549066E-01    0.19766824524736    
   0.16800000000000        0.19464119253378       -0.17463208815210        0.12516704944005E-01    0.11401807312009       -0.33450823280237E-01    0.15724805976663E-01   -0.65665863814802E-01    0.11537994097350    
   0.16900000000000        0.21639379304715       -0.20011677481897       -0.34386329240677E-01    0.16518832769928       -0.12299885574926        0.10215805733868       -0.52893185749757E-01    0.21798906744655E-01
   0.17000000000000        0.21696189215241       -0.20601017978212       -0.77921968880534E-01    0.20018972057938       -0.20050837114504        0.17859281806923       -0.34940902651912E-01   -0.73914469698561E-01
   0.17100000000000        0.19628985465322       -0.19173539139239       -0.11382861727822        0.21559610109725       -0.25839222770539        0.23754715095512       -0.13566285374464E-01   -0.16239107287425    
   0.17200000000000        0.15640118025789       -0.15868970376805       -0.13859145727832        0.20989941497871       -0.29098437901620        0.27325022401099        0.91383915783163E-02   -0.23497017390204    
   0.17300000000000        0.10120042931833       -0.11010783989081       -0.14978650610588        0.18365732310939       -0.29509450605854        0.28220719966677        0.30950656452390E-01   -0.28454720302586    
   0.17400000000000        0.36091017242508E-01   -0.50745314356128E-01   -0.14631789173139        0.13943861371717       -0.27032030781421        0.26354133376800        0.49735391263129E-01   -0.30626919443554    
   0.17500000000000       -0.32553709474691E-01    0.13587069559385E-01   -0.12852512449885        0.81571751401510E-01   -0.21908688124835        0.21907979735708        0.63653832023310E-01   -0.29800982840274    
   0.17600000000000       -0.98014340837397E-01    0.76592021844909E-01   -0.98149863522601E-01    0.15721176784107E-01   -0.14640933588339        0.15317482039954        0.71343559781675E-01   -0.26057757029741    
   0.17700000000000       -0.15388314604649        0.13210218841688       -0.58165430989543E-01   -0.51667168478382E-01   -0.59401879901519E-01    0.72277665154647E-01    0.72051863693612E-01   -0.19763653238727    
   0.17800000000000       -0.19469130686906        0.17468385475035       -0.12485762694503E-01   -0.11399681544295        0.33418568149387E-01   -0.15692868354670E-01    0.65709421618457E-01   -0.11534780501976    
   0.17900000000000       -0.21644424370869        0.20016883576286        0.34417715240788E-01   -0.16516647628514        0.12296607471039       -0.10212558969006        0.52937085871750E-01   -0.21766366188728E-01
   0.18000000000000       -0.21701263292906        0.20606248686151        0.77953780690107E-01   -0.20016728092133        0.20047508571541       -0.17855984133909        0.34985109896622E-01    0.73947395820838E-01
   0.18100000000000       -0.19634083993172        0.19178789718973        0.11386083631585       -0.21557308016682        0.25835846011426       -0.23751368684131        0.13610764770032E-01    0.16242436505082    
   0.18200000000000       -0.15645236510488        0.15874236173682        0.13862406439379       -0.20987582114134        0.29095015211579       -0.27321629487461       -0.90936747067703E-02    0.23500381221117    
   0.18300000000000       -0.10125176955651        0.11016060442594        0.14981948165000       -0.18363316603964        0.29505984323814       -0.28217282844543       -0.30905736414541E-01    0.28458116719993    
   0.18400000000000       -0.36142469519719E-01    0.50798140858543E-01    0.14635121562351       -0.13941390431434        0.27028523291716       -0.26350654389242       -0.49690301939913E-01    0.30630346392263    
   0.18500000000000        0.32502187622340E-01   -0.13534224626055E-01    0.12855877629233       -0.81546501705897E-01    0.21905141849273       -0.21904461267045       -0.63608606808686E-01    0.29804438242590    
   0.18600000000000        0.97962790928902E-01   -0.76539200902871E-01    0.98183822468153E-01   -0.15695399893902E-01    0.14637350978564       -0.15313926508037       -0.71298231528813E-01    0.26061238791126    
   0.18700000000000        0.15383160860507       -0.13204943272973        0.58199676095988E-01    0.51693458488490E-01    0.59365715203590E-01   -0.72241763643211E-01   -0.72006464665836E-01    0.19767159253268    
   0.18800000000000        0.19463982137723       -0.17463120438436        0.12520272787398E-01    0.11402360360265       -0.33455046549493E-01    0.15729091427329E-01   -0.65663983444539E-01    0.11538308657530    
   0.18900000000000        0.21639284856862       -0.20011632955384       -0.34382961463375E-01    0.16519374680718       -0.12300284182463        0.10216210956917       -0.52891639505785E-01    0.21801848019939E-01
   0.19000000000000        0.21696136542845       -0.20601016238723       -0.77918804604123E-01    0.20019501727850       -0.20051211652820        0.17859663320980       -0.34939685581620E-01   -0.73911734814421E-01
   0.19100000000000        0.19628973621445       -0.19173579074718       -0.11382565932016        0.21560126516727       -0.25839572964187        0.23755072588914       -0.13565392006018E-01   -0.16238854589181    
   0.19200000000000        0.15640146014670       -0.15869050832472       -0.13858870786196        0.20990443700162       -0.29098763546179        0.27325355634262        0.91389671912617E-02   -0.23496785580240    
   0.19300000000000        0.10120109714529       -0.11010903773163       -0.14978396688430        0.18366219445559       -0.29509751564603        0.28221028768782        0.30950920686854E-01   -0.28454509428523    
   0.19400000000000        0.36092062239845E-01   -0.50746893249221E-01   -0.14631556381176        0.13944332652947       -0.27032306981943        0.26354417642501        0.49735350884470E-01   -0.30626729505014    
   0.19500000000000       -0.32552298401308E-01    0.13585122107985E-01   -0.12852300846723        0.81576298577590E-01   -0.21908939555648        0.21908239421771        0.63653494144891E-01   -0.29800813791360    
   0.19600000000000       -0.98012575059906E-01    0.76589718540809E-01   -0.98147959468910E-01    0.15725551957184E-01   -0.14641160295530        0.15317717161940        0.71342931825477E-01   -0.26057608781519    
   0.19700000000000       -0.15388103716743        0.13209954213010       -0.58163738532552E-01   -0.51662970960390E-01   -0.59403900740413E-01    0.72279771444579E-01    0.72050953352949E-01   -0.19763525661698    
   0.19800000000000       -0.19468886667740        0.17468087847093       -0.12484281007259E-01   -0.11399280053950        0.33416792031158E-01   -0.15691005761963E-01    0.65708236822062E-01   -0.11534673428495    
   0.19900000000000       -0.21644148413758        0.20016554255859        0.34418987406203E-01   -0.16516264828623        0.12296454132397       -0.10212396907215        0.52935634749746E-01   -0.21765498455442E-01
   0.20000000000000       -0.21700956601620        0.20605888983886        0.77954844977535E-01   -0.20016364347135        0.20047379262725       -0.17855846051582        0.34983400747932E-01    0.73948062919983E-01
   0.20100000000000       -0.19633747778225        0.19178400945700        0.11386169474050       -0.21556963628957        0.25835740447785       -0.23751254320610        0.13608806031633E-01    0.16242483419393    
   0.20200000000000       -0.15644871985637        0.15873819636976        0.13862471931791       -0.20987257326536        0.29094933070208       -0.27321538542520       -0.90958744889445E-02    0.23500408636399    
   0.20300000000000       -0.10124785334622        0.11015617443656        0.14981993575891       -0.18363011602402        0.29505925246560       -0.28217214981401       -0.30908168612818E-01    0.28458124959387    
   0.20400000000000       -0.36138294454616E-01    0.50793459165421E-01    0.14635147190233       -0.13941105347489        0.27028486888085       -0.26350609237449       -0.49692957870825E-01    0.30630335803323    
   0.20500000000000        0.32506609493926E-01   -0.13539145224097E-01    0.12855883800317       -0.81543850841542E-01    0.21905127699254       -0.21904438425362       -0.63611477757184E-01    0.29804409195174    
   0.20600000000000        0.97967447643056E-01   -0.76544347751581E-01    0.98183693127464E-01   -0.15692949313254E-01    0.14637358635343       -0.15313925547144       -0.71301308770588E-01    0.26061191675392    
   0.20700000000000        0.15383648830609       -0.13205479334146        0.58199359453135E-01    0.51695708940945E-01    0.59366005129583E-01   -0.72241968294805E-01   -0.72009739488489E-01    0.19767094477683    
   0.20800000000000        0.19464491233931       -0.17463676645826        0.12519772803503E-01    0.11402565452003       -0.33454548191398E-01    0.15728677291097E-01   -0.65667447166795E-01    0.11538226647023    
   0.20900000000000        0.21639813921576       -0.20012208099385       -0.34383640635805E-01    0.16519559919446       -0.12300214015264        0.10216149092820       -0.52895283495673E-01    0.21800859960874E-01
   0.21000000000000        0.21696684435211       -0.20601609131793       -0.77919658640759E-01    0.20019667252654       -0.20051121682941        0.17859581522452       -0.34943501273058E-01   -0.73912886303355E-01
   0.21100000000000        0.19629539218969       -0.19174188552815       -0.11382668374385        0.21560272502757       -0.25839463735001        0.23754971387788       -0.13569370913560E-01   -0.16238985617451    
   0.21200000000000        0.15640728214654       -0.15869675756260       -0.13858989806085        0.20990570356144       -0.29098635613621        0.27325235576012        0.91348334582046E-02   -0.23496932014651    
   0.21300000000000        0.10120707435304       -0.11011543029094       -0.14978531812930        0.18366327011352       -0.29509605495148        0.28220890410476        0.30946640411801E-01   -0.28454670787754    
   0.21400000000000        0.36098184060285E-01   -0.50753418260945E-01   -0.14631707127316        0.13944421397166       -0.27032143350694        0.26354261550863        0.49730932232460E-01   -0.30626905301086    
   0.21500000000000       -0.32546042332401E-01    0.13578475238462E-01   -0.12852466723040        0.81577000754806E-01   -0.21908758944581        0.21908066171338        0.63648945152357E-01   -0.29801003531021    
   0.21600000000000       -0.98006194867799E-01    0.76582960128177E-01   -0.98149764549687E-01    0.15726072062200E-01   -0.14640963291747        0.15317527333328        0.71338260391509E-01   -0.26057811967522    
   0.21700000000000       -0.15387454273156        0.13209268220414       -0.58165684891278E-01   -0.51662629514485E-01   -0.59401772682010E-01    0.72277713227201E-01    0.72046167231185E-01   -0.19763741794036    
   0.21800000000000       -0.19468226762603        0.17467392677328       -0.12486363562354E-01   -0.11399263414038        0.33419072182970E-01   -0.15693218031041E-01    0.65703343613808E-01   -0.11534902005553    
   0.21900000000000       -0.21643478984342        0.20015850854061        0.34416773765435E-01   -0.16516265314247        0.12296696763527       -0.10212632949868        0.52930641898066E-01   -0.21767903651691E-01
   0.22000000000000       -0.21700278559345        0.20605178266027        0.77952505379040E-01   -0.20016381563191        0.20047635917064       -0.17856096320440        0.34978315532608E-01    0.73945543314902E-01
   0.22100000000000       -0.19633062008410        0.19177683798577        0.11385923431783       -0.21556997166234        0.25836010534433       -0.23751518227261        0.13603635565113E-01    0.16242220518238    
   0.22200000000000       -0.15644179347395        0.15873096918311        0.13862214320009       -0.20987306763505        0.29095216001229       -0.27321815500861       -0.91011232653150E-02    0.23500135292558    
   0.22300000000000       -0.10115915756944        0.11005338727776        0.14736651862924       -0.18363432189841        0.29510090535071       -0.28221666388143       -0.30967385574822E-01    0.28432059029771    
   0.22400000000000       -0.53515538218410E-02    0.19987689806505E-01    0.49331703816367E-01   -0.15542776333488        0.26873533047027       -0.26196612333456       -0.73072908757801E-01    0.20782139423884    
   0.22500000000000        0.11982791935630       -0.10085191869017       -0.39014880616243E-01   -0.13393356700234        0.22628757380718       -0.22628606584094       -0.13506500309000        0.95422846752812E-01
   0.22600000000000        0.23834215579815       -0.21689651061449       -0.10901216657139       -0.10824185446054        0.17652300778114       -0.18328719151600       -0.19034283637573       -0.65917617896800E-02
   0.22700000000000        0.22627532235128       -0.22295547863403       -0.14859458690860       -0.72091934278666E-01    0.10802872353839       -0.12088414420983       -0.16767420903355       -0.84651905045938E-01
   0.22800000000000        0.18679531894813       -0.18656833978926       -0.13697722405788       -0.13086432645172E-01    0.43330783531068E-02   -0.22050028926166E-01   -0.11347671122179       -0.11600202399558    
   0.22900000000000        0.15229009580784       -0.15225115186915       -0.10168339727301        0.61469866686480E-01   -0.10514420310269        0.84294658096742E-01   -0.62393488332898E-01   -0.11769517497288    
   0.23000000000000        0.11371515739305       -0.11369646104194       -0.56018325847656E-01    0.11779832312777       -0.14193754803103        0.13383834854111       -0.12011364733379E-01   -0.99884775448999E-01
   0.23100000000000        0.75657820359406E-01   -0.75638256903781E-01   -0.25446370088865E-01    0.77288912039227E-01   -0.88504969342414E-01    0.87964173742772E-01    0.39884939565763E-02   -0.71169710319417E-01
   0.23200000000000        0.46944375191392E-01   -0.46903757350916E-01   -0.11696664264399E-01    0.45502142564500E-01   -0.55813704826598E-01    0.55768716864024E-01    0.52079328157546E-02   -0.46554926229592E-01
   0.23300000000000        0.27965430773914E-01   -0.27920174785862E-01   -0.53546189944959E-02    0.27474686421099E-01   -0.35514314855559E-01    0.35489426914189E-01    0.41108405797542E-02   -0.29394783870540E-01
   0.23400000000000        0.16112245460122E-01   -0.16075075074747E-01   -0.21441008162726E-02    0.17179857383701E-01   -0.22845086096188E-01    0.22815827769101E-01    0.31373705464835E-02   -0.18186389688234E-01
   0.23500000000000        0.88821246037830E-02   -0.88584832235867E-02   -0.38010470418114E-03    0.11172972628172E-01   -0.14929364260940E-01    0.14900766169028E-01    0.25118311999224E-02   -0.11020597301831E-01
   0.23600000000000        0.45108564427939E-02   -0.45018526957053E-02    0.64568077478499E-03    0.76216620920535E-02   -0.99728669936688E-02    0.99504405866658E-02    0.21285865754515E-02   -0.64665194041878E-02
   0.23700000000000        0.18753873045280E-02   -0.18797826152604E-02    0.12641330612808E-02    0.55045492789568E-02   -0.68557032367869E-02    0.68426295742258E-02    0.18892921007966E-02   -0.35713413230224E-02
   0.23800000000000        0.28880065335435E-03   -0.30418643652350E-03    0.16449761870350E-02    0.42327979507714E-02   -0.48828736735006E-02    0.48799875567545E-02    0.17341653729666E-02   -0.17244733965071E-02
   0.23900000000000       -0.66297041357040E-03    0.63943991695578E-03    0.18812374380751E-02    0.34614589087482E-02   -0.36248600218172E-02    0.36312820143442E-02    0.16296572585449E-02   -0.54016161558958E-03
   0.24000000000000       -0.12288074350739E-02    0.11999571505333E-02    0.20262018377051E-02    0.29872841716391E-02   -0.28166541093612E-02    0.28305000119296E-02    0.15570056212872E-02    0.22383435948446E-03
   0.24100000000000       -0.15587853712462E-02    0.15271461808846E-02    0.21113865019813E-02    0.26903990927467E-02   -0.22946559187056E-02    0.23136168832887E-02    0.15055289114753E-02    0.71916847755609E-03
   0.24200000000000       -0.17440568067614E-02    0.17117185435763E-02    0.21559886966570E-02    0.25001177808757E-02   -0.19575582137037E-02    0.19793074718039E-02    0.14690168970490E-02    0.10406525684343E-02
   0.24300000000000       -0.18406018976002E-02    0.18091524648561E-02    0.21721113309243E-02    0.23746823518896E-02   -0.17421846788500E-02    0.17646328013996E-02    0.14437823949488E-02    0.12476270884126E-02
   0.24400000000000       -0.18833315830810E-02    0.18538552301829E-02    0.21677482732845E-02    0.22892250755062E-02   -0.16085881934610E-02    0.16300257665482E-02    0.14275728454509E-02    0.13774660228570E-02
   0.24500000000000       -0.18944464918257E-02    0.18675631085268E-02    0.21485215575061E-02    0.22286451210580E-02   -0.15308838724851E-02    0.15500465621708E-02    0.14189355429766E-02    0.14540935851761E-02
   0.24600000000000       -0.18883717502198E-02    0.18643043482490E-02    0.21186946215864E-02    0.21834404916010E-02   -0.14916478010783E-02    0.15077289639674E-02    0.14168333270993E-02    0.14933271600570E-02
   0.24700000000000       -0.18746491619829E-02    0.18533095349961E-02    0.20817497790619E-02    0.21473203837730E-02   -0.14785444138418E-02    0.14911714467831E-02    0.14204075856638E-02    0.15061880602464E-02
   0.24800000000000       -0.18596155675639E-02    0.18406994776206E-02    0.20406949869567E-02    0.21158864759925E-02   -0.14823515302443E-02    0.14915361551381E-02    0.14288348096147E-02    0.15009015196013E-02
   0.24900000000000       -0.18473695437243E-02    0.18304534819895E-02    0.19981995616495E-02    0.20859474659064E-02   -0.14958594201791E-02    0.15019289623945E-02    0.14412474853296E-02    0.14840469770287E-02
   0.25000000000000       -0.18403333428633E-02    0.18249655053276E-02    0.19566232169586E-02    0.20551967502396E-02   -0.15133077835474E-02    0.15168233546895E-02    0.14567021723267E-02    0.14611590357609E-02
